afi           1
best          1
bits          32
bitsv4        32
hopv4         4.2.2.7
local         67240457
med           67240456
message       2
origin        105
prefixv4      1.2.3.4/32
safi          1
src_addrv4    0.1.2.5
src_as16      2
stamp         2010-12-31+19:00:02
time          2010-12-31+19:00:02
type          84
valid         1

afi           1
best          1
bits          32
bitsv4        32
hopv4         8.2.2.11
local         134349325
med           134349324
message       3
origin        105
prefixv4      5.6.7.8/32
safi          1
src_addrv4    0.1.2.5
src_as16      2
stamp         2010-12-31+19:00:04
time          2010-12-31+19:00:04
type          84
valid         1
MESSAGE       1

afi           1
best          1
bits          32
bitsv4        32
hopv4         12.2.2.15
local         201458193
med           201458192
message       4
origin        105
prefixv4      9.10.11.12/32
safi          1
src_addrv4    0.1.2.5
src_as16      2
stamp         2010-12-31+19:00:06
time          2010-12-31+19:00:06
type          84
valid         1

afi           1
best          1
bits          32
bitsv4        32
hopv4         16.2.2.19
local         268567060
message       5
origin        105
prefixv4      13.14.15.16/32
safi          1
src_addrv4    0.1.2.5
src_as16      2
stamp         2010-12-31+19:00:08
time          2010-12-31+19:00:08
type          84
valid         1
MESSAGE       1

afi           1
best          1
bits          32
bitsv4        32
hopv4         20.2.2.22
local         335675928
med           335675927
message       6
origin        105
prefixv4      17.18.19.20/32
safi          1
src_addrv4    0.1.2.5
src_as16      2
stamp         2010-12-31+19:00:10
time          2010-12-31+19:00:10
type          84
valid         1

afi           1
best          1
bits          32
bitsv4        32
hopv4         24.2.2.26
local         402784796
med           402784795
message       7
origin        105
prefixv4      21.22.23.24/32
safi          1
src_addrv4    0.1.2.5
src_as16      2
stamp         2010-12-31+19:00:12
time          2010-12-31+19:00:12
type          84
valid         1
MESSAGE       1

afi           1
best          1
bits          32
bitsv4        32
hopv4         28.2.2.30
local         469893664
med           469893663
message       8
origin        105
prefixv4      25.26.27.28/32
safi          1
src_addrv4    0.1.2.5
src_as16      2
stamp         2010-12-31+19:00:14
time          2010-12-31+19:00:14
type          84
valid         1

afi           1
best          1
bits          32
bitsv4        32
hopv4         32.2.2.34
local         537002532
med           537002531
message       9
origin        105
prefixv4      29.30.31.32/32
safi          1
src_addrv4    0.1.2.5
src_as16      2
stamp         2010-12-31+19:00:16
time          2010-12-31+19:00:16
type          84
valid         1
MESSAGE       1

afi           1
best          1
bits          30
bitsv4        30
hopv4         36.2.2.38
local         604111400
med           604111399
message       10
origin        105
prefixv4      33.34.35.36/30
safi          1
src_addrv4    0.1.2.5
src_as16      2
stamp         2010-12-31+19:00:18
time          2010-12-31+19:00:18
type          84
valid         1

afi           1
best          1
bits          30
bitsv4        30
hopv4         40.2.2.42
local         671220268
med           671220267
message       11
origin        105
prefixv4      37.38.39.40/30
safi          1
src_addrv4    0.1.2.5
src_as16      2
stamp         2010-12-31+19:00:20
time          2010-12-31+19:00:20
type          84
valid         1
MESSAGE       1

afi           1
best          1
bits          30
bitsv4        30
hopv4         44.2.2.46
local         738329135
message       12
origin        105
prefixv4      41.42.43.44/30
safi          1
src_addrv4    0.1.2.5
src_as16      2
stamp         2010-12-31+19:00:22
time          2010-12-31+19:00:22
type          84
valid         1

afi           1
best          1
bits          30
bitsv4        30
hopv4         48.2.2.49
local         805438002
message       13
origin        105
prefixv4      45.46.47.48/30
safi          1
src_addrv4    0.1.2.5
src_as16      2
stamp         2010-12-31+19:00:24
time          2010-12-31+19:00:24
type          84
valid         1
MESSAGE       1

afi           1
best          1
bits          30
bitsv4        30
hopv4         52.2.2.52
local         872546870
med           872546869
message       14
origin        105
prefixv4      49.50.51.52/30
safi          1
src_addrv4    0.1.2.5
src_as16      2
stamp         2010-12-31+19:00:26
time          2010-12-31+19:00:26
type          84
valid         1

afi           1
best          1
bits          30
bitsv4        30
hopv4         56.2.2.56
local         939655738
med           939655737
message       15
origin        105
prefixv4      53.54.55.56/30
safi          1
src_addrv4    0.1.2.5
src_as16      2
stamp         2010-12-31+19:00:28
time          2010-12-31+19:00:28
type          84
valid         1
MESSAGE       1

afi           1
best          1
bits          30
bitsv4        30
hopv4         60.2.2.60
local         1006764606
med           1006764605
message       16
origin        105
prefixv4      57.58.59.60/30
safi          1
src_addrv4    0.1.2.5
src_as16      2
stamp         2010-12-31+19:00:30
time          2010-12-31+19:00:30
type          84
valid         1

afi           1
best          1
bits          30
bitsv4        30
hopv4         64.2.2.64
local         1073873474
med           1073873473
message       17
origin        105
prefixv4      61.62.63.64/30
safi          1
src_addrv4    0.1.2.5
src_as16      2
stamp         2010-12-31+19:00:32
time          2010-12-31+19:00:32
type          84
valid         1
MESSAGE       1

afi           1
best          1
bits          30
bitsv4        30
hopv4         68.2.2.68
local         1140982341
message       18
origin        105
prefixv4      65.66.67.68/30
safi          1
src_addrv4    0.1.2.5
src_as16      2
stamp         2010-12-31+19:00:34
time          2010-12-31+19:00:34
type          84
valid         1

afi           1
best          1
bits          30
bitsv4        30
hopv4         72.2.2.71
local         1208091208
message       19
origin        105
prefixv4      69.70.71.72/30
safi          1
src_addrv4    0.1.2.5
src_as16      2
stamp         2010-12-31+19:00:36
time          2010-12-31+19:00:36
type          84
valid         1
MESSAGE       1

afi           1
best          1
bits          30
bitsv4        30
hopv4         76.2.2.74
local         1275200075
message       20
origin        105
prefixv4      73.74.75.76/30
safi          1
src_addrv4    0.1.2.5
src_as16      2
stamp         2010-12-31+19:00:38
time          2010-12-31+19:00:38
type          84
valid         1

