afi           1
best          1
bits          30
bitsv4        30
community     1034:528,1034:529,1034:530
extended      4:10:2:19:4:5:6:8,8:9:10:12:12:13:14:16,0:0:0:1:216:33:151:26
hopv4         4.10.2.20
label         112
labels        112:1
local         67764751
med           67764750
message       2
origin        105
path16        1033,1034
prefixv4      1.2.3.4/30
rd            ( as16=8 number=524813 )
safi          128
src_addrv4    0.1.2.5
src_as16      2
stamp         2010-12-31+19:00:02
time          2010-12-31+19:00:02
type          65
valid         1

afi           1
best          1
bits          30
bitsv4        30
community     2063:537,2063:538,2063:539
extended      8:15:2:28:4:5:6:9,8:9:10:13:12:13:14:17,0:0:0:2:216:33:151:27
hopv4         8.15.2.29
label         16576
labels        16576:1
local         135201304
med           135201303
message       3
origin        105
path16        2062,2063
prefixv4      5.6.7.8/30
rd            ( as16=1037 number=67961366 )
safi          128
src_addrv4    0.1.2.5
src_as16      2
stamp         2010-12-31+19:00:04
time          2010-12-31+19:00:04
type          65
valid         1
MESSAGE       1

afi           1
best          1
bits          28
bitsv4        28
community     3092:546,3092:547,3092:548,3092:549
extended      12:20:2:38:4:5:6:10,8:9:10:14:12:13:14:18,0:0:0:3:216:33:151:28,11:43:0:1:232:33:151:26
hopv4         12.20.2.39
label         33040
labels        33040:1
local         202637857
med           202637856
message       4
origin        105
path16        3091,3092
prefixv4      9.10.11.12/28
rd            ( as16=2066 number=135397919 )
safi          128
src_addrv4    0.1.2.5
src_as16      2
stamp         2010-12-31+19:00:06
time          2010-12-31+19:00:06
type          65
valid         1

afi           1
best          1
bits          28
bitsv4        28
community     4121:556,4121:557,4121:558,4121:559
extended      16:25:2:48:4:5:6:11,8:9:10:15:12:13:14:19,0:0:0:4:216:33:151:29
hopv4         16.25.2.49
label         49504
labels        49504:1
local         270074411
med           270074410
message       5
origin        105
path16        4120,4121
prefixv4      13.14.15.16/28
rd            ( as16=3095 number=202834473 )
safi          128
src_addrv4    0.1.2.5
src_as16      2
stamp         2010-12-31+19:00:08
time          2010-12-31+19:00:08
type          65
valid         1
MESSAGE       1

afi           1
best          1
bits          29
bitsv4        29
community     5151:566,5151:567,5151:568,5151:569,5151:570,5151:571
extended      20:31:2:60:4:5:6:12,8:9:10:16:12:13:14:20,0:0:0:5:216:33:151:30,11:43:0:2:232:33:151:27,11:43:0:1:176:125:183:26
hopv4         20.31.2.61
label         65968
labels        65968:1
local         337576501
med           337576500
message       6
origin        105
path16        5149,5150,5151
prefixv4      17.18.19.20/29
rd            ( as16=4124 number=270271027 )
safi          128
src_addrv4    0.1.2.5
src_as16      2
stamp         2010-12-31+19:00:10
time          2010-12-31+19:00:10
type          65
valid         1

afi           1
best          1
bits          29
bitsv4        29
community     6181:578,6181:579,6181:580,6181:581,6181:582,6181:583
extended      24:37:2:72:4:5:6:13,8:9:10:17:12:13:14:21,0:0:0:6:216:33:151:31,11:43:0:3:232:33:151:28
hopv4         24.37.2.73
label         82448
labels        82448:1
local         405078593
med           405078592
message       7
origin        105
path16        6179,6180,6181
prefixv4      21.22.23.24/29
rd            ( as16=5154 number=337773119 )
safi          128
src_addrv4    0.1.2.5
src_as16      2
stamp         2010-12-31+19:00:12
time          2010-12-31+19:00:12
type          65
valid         1
MESSAGE       1

afi           1
best          1
bits          28
bitsv4        28
community     7210:590,7210:591,7210:592,7210:593
extended      28:42:2:82:4:5:6:14,8:9:10:18:12:13:14:22,0:0:0:7:216:33:151:32,11:43:0:4:232:33:151:29
hopv4         28.42.2.83
label         98928
labels        98928:1
local         472515149
med           472515148
message       8
origin        105
path16        7209,7210
prefixv4      25.26.27.28/28
rd            ( as16=6184 number=405275211 )
safi          128
src_addrv4    0.1.2.5
src_as16      2
stamp         2010-12-31+19:00:14
time          2010-12-31+19:00:14
type          65
valid         1

afi           1
best          1
bits          28
bitsv4        28
community     8239:600,8239:601,8239:602,8239:603
extended      32:47:2:92:4:5:6:15,8:9:10:19:12:13:14:23,0:0:0:8:216:33:151:33
hopv4         32.47.2.93
label         115392
labels        115392:1
local         539951703
med           539951702
message       9
origin        105
path16        8238,8239
prefixv4      29.30.31.32/28
rd            ( as16=7213 number=472711765 )
safi          128
src_addrv4    0.1.2.5
src_as16      2
stamp         2010-12-31+19:00:16
time          2010-12-31+19:00:16
type          65
valid         1
MESSAGE       1

afi           1
best          1
bits          29
bitsv4        29
community     9269:610,9269:611,9269:612,9269:613,9269:614,9269:615
extended      36:53:2:104:4:5:6:16,8:9:10:20:12:13:14:24,0:0:0:9:216:33:151:34,11:43:0:5:232:33:151:30
hopv4         36.53.2.105
label         131856
labels        131856:1
local         607453793
med           607453792
message       10
origin        105
path16        9267,9268,9269
prefixv4      33.34.35.36/29
rd            ( as16=8242 number=540148319 )
safi          128
src_addrv4    0.1.2.5
src_as16      2
stamp         2010-12-31+19:00:18
time          2010-12-31+19:00:18
type          65
valid         1

afi           1
best          1
bits          29
bitsv4        29
community     10299:622,10299:623,10299:624,10299:625,10299:626,10299:627
extended      40:59:2:116:4:5:6:17,8:9:10:21:12:13:14:25,0:0:0:10:216:33:151:35,11:43:0:6:232:33:151:31,11:43:0:2:176:125:183:27
hopv4         40.59.2.117
label         148336
labels        148336:1
local         674955885
med           674955884
message       11
origin        105
path16        10297,10298,10299
prefixv4      37.38.39.40/29
rd            ( as16=9272 number=607650411 )
safi          128
src_addrv4    0.1.2.5
src_as16      2
stamp         2010-12-31+19:00:20
time          2010-12-31+19:00:20
type          65
valid         1
MESSAGE       1

afi           1
best          1
bits          29
bitsv4        29
community     11329:634,11329:635,11329:636,11329:637,11329:638,11329:639
extended      44:65:2:128:4:5:6:18,8:9:10:22:12:13:14:26,0:0:0:11:216:33:151:36,11:43:0:7:232:33:151:32
hopv4         44.65.2.129
label         164816
labels        164816:1
local         742457977
med           742457976
message       12
origin        105
path16        11327,11328,11329
prefixv4      41.42.43.44/29
rd            ( as16=10302 number=675152503 )
safi          128
src_addrv4    0.1.2.5
src_as16      2
stamp         2010-12-31+19:00:22
time          2010-12-31+19:00:22
type          65
valid         1

afi           1
best          1
bits          29
bitsv4        29
community     12359:646,12359:647,12359:648,12359:649,12359:650,12359:651
extended      48:71:2:140:4:5:6:19,8:9:10:23:12:13:14:27,0:0:0:12:216:33:151:37,11:43:0:8:232:33:151:33
hopv4         48.71.2.141
label         181296
labels        181296:1
local         809960069
med           809960068
message       13
origin        105
path16        12357,12358,12359
prefixv4      45.46.47.48/29
rd            ( as16=11332 number=742654595 )
safi          128
src_addrv4    0.1.2.5
src_as16      2
stamp         2010-12-31+19:00:24
time          2010-12-31+19:00:24
type          65
valid         1
MESSAGE       1

afi           1
best          1
bits          29
bitsv4        29
community     13388:658,13388:659,13388:660,13388:661
extended      52:76:2:150:4:5:6:20,8:9:10:24:12:13:14:28,0:0:0:13:216:33:151:38,11:43:0:9:232:33:151:34
hopv4         52.76.2.151
label         197776
labels        197776:1
local         877396625
med           877396624
message       14
origin        105
path16        13387,13388
prefixv4      49.50.51.52/29
rd            ( as16=12362 number=810156687 )
safi          128
src_addrv4    0.1.2.5
src_as16      2
stamp         2010-12-31+19:00:26
time          2010-12-31+19:00:26
type          65
valid         1

afi           1
best          1
bits          29
bitsv4        29
community     14418:668,14418:669,14418:670,14418:671,14418:672,14418:673
extended      56:82:2:162:4:5:6:21,8:9:10:25:12:13:14:29,0:0:0:14:216:33:151:39,11:43:0:10:232:33:151:35
hopv4         56.82.2.163
label         214240
labels        214240:1
local         944898715
med           944898714
message       15
origin        105
path16        14416,14417,14418
prefixv4      53.54.55.56/29
rd            ( as16=13391 number=877593241 )
safi          128
src_addrv4    0.1.2.5
src_as16      2
stamp         2010-12-31+19:00:28
time          2010-12-31+19:00:28
type          65
valid         1
MESSAGE       1

afi           1
best          1
bits          29
bitsv4        29
community     15448:680,15448:681,15448:682,15448:683,15448:684,15448:685
extended      60:88:2:174:4:5:6:22,8:9:10:26:12:13:14:30,0:0:0:15:216:33:151:40,11:43:0:11:232:33:151:36,11:43:0:3:176:125:183:28
hopv4         60.88.2.175
label         230720
labels        230720:1
local         1012400807
med           1012400806
message       16
origin        105
path16        15446,15447,15448
prefixv4      57.58.59.60/29
rd            ( as16=14421 number=945095333 )
safi          128
src_addrv4    0.1.2.5
src_as16      2
stamp         2010-12-31+19:00:30
time          2010-12-31+19:00:30
type          65
valid         1

afi           1
best          1
bits          30
bitsv4        30
community     16477:692,16477:693,16477:694
extended      64:93:2:183:4:5:6:23,8:9:10:27:12:13:14:31,0:0:0:16:216:33:151:41
hopv4         64.93.2.184
label         247200
labels        247200:1
local         1079837363
med           1079837362
message       17
origin        105
path16        16476,16477
prefixv4      61.62.63.64/30
rd            ( as16=15451 number=1012597425 )
safi          128
src_addrv4    0.1.2.5
src_as16      2
stamp         2010-12-31+19:00:32
time          2010-12-31+19:00:32
type          65
valid         1
MESSAGE       1

afi           1
best          1
bits          27
bitsv4        27
community     17507:701,17507:702,17507:703,17507:704,17507:705,17507:706
extended      68:99:2:195:4:5:6:24,8:9:10:28:12:13:14:32,0:0:0:17:216:33:151:42,11:43:0:12:232:33:151:37
hopv4         68.99.2.196
label         263664
labels        263664:1
local         1147339452
med           1147339451
message       18
origin        105
path16        17505,17506,17507
prefixv4      65.66.67.68/27
rd            ( as16=16480 number=1080033978 )
safi          128
src_addrv4    0.1.2.5
src_as16      2
stamp         2010-12-31+19:00:34
time          2010-12-31+19:00:34
type          65
valid         1

afi           1
best          1
bits          32
bitsv4        32
community     18535:713,18535:714,18535:715,18535:716
extended      72:103:2:205:4:5:6:25
hopv4         72.103.2.206
label         280144
labels        280144:1
local         1214710472
med           1214710471
message       19
origin        63
path16        18535
prefixv4      69.70.71.72/32
rd            ( as16=17510 number=1147536070 )
safi          128
src_addrv4    0.1.2.5
src_as16      2
stamp         2010-12-31+19:00:36
time          2010-12-31+19:00:36
type          65
valid         1
MESSAGE       1

afi           1
best          1
bits          30
bitsv4        30
cluster       76.106.2.213,76.106.2.214
community     19562:723
extended      76:106:2:212:4:5:6:26
hopv4         76.106.2.216
label         296592
labels        296592:1
local         1282015954
med           1282015953
message       20
origin        63
originator    76.106.2.215
prefixv4      73.74.75.76/30
rd            ( as16=18538 number=1214907088 )
safi          128
src_addrv4    0.1.2.5
src_as16      2
stamp         2010-12-31+19:00:38
time          2010-12-31+19:00:38
type          65
valid         1

afi           1
best          1
bits          30
bitsv4        30
community     20590:733,20590:734,20590:735
extended      80:110:2:224:4:5:6:27,8:9:10:29:12:13:14:33,0:0:0:18:216:33:151:43
hopv4         80.110.2.225
label         313024
labels        313024:1
local         1349386972
med           1349386971
message       21
origin        105
path16        20590
prefixv4      77.78.79.80/30
rd            ( as16=19565 number=1282212570 )
safi          128
src_addrv4    0.1.2.5
src_as16      2
stamp         2010-12-31+19:00:40
time          2010-12-31+19:00:40
type          65
valid         1
MESSAGE       1

afi           1
best          1
bits          30
bitsv4        30
community     21618:742,21618:743,21618:744
extended      84:114:2:233:4:5:6:28,8:9:10:30:12:13:14:34,0:0:0:19:216:33:151:44
hopv4         84.114.2.234
label         329472
labels        329472:1
local         1416757989
med           1416757988
message       22
origin        105
path16        21618
prefixv4      81.82.83.84/30
rd            ( as16=20593 number=1349583587 )
safi          128
src_addrv4    0.1.2.5
src_as16      2
stamp         2010-12-31+19:00:42
time          2010-12-31+19:00:42
type          65
valid         1

afi           1
best          1
bits          28
bitsv4        28
community     22646:751,22646:752,22646:753,22646:754
extended      88:118:2:243:4:5:6:29,8:9:10:31:12:13:14:35,0:0:0:20:216:33:151:45
hopv4         88.118.2.244
label         345920
labels        345920:1
local         1484129006
med           1484129005
message       23
origin        105
path16        22646
prefixv4      85.86.87.88/28
rd            ( as16=21621 number=1416954604 )
safi          128
src_addrv4    0.1.2.5
src_as16      2
stamp         2010-12-31+19:00:44
time          2010-12-31+19:00:44
type          65
valid         1
MESSAGE       1

afi           1
best          1
bits          32
bitsv4        32
community     23675:761,23675:762
extended      92:123:2:251:4:5:6:30
hopv4         92.123.2.252
label         362368
labels        362368:1
local         1551565560
med           1551565559
message       24
origin        63
path16        23674,23675
prefixv4      89.90.91.92/32
rd            ( as16=22649 number=1484325622 )
safi          128
src_addrv4    0.1.2.5
src_as16      2
stamp         2010-12-31+19:00:46
time          2010-12-31+19:00:46
type          65
valid         1

afi           1
best          1
bits          30
bitsv4        30
cluster       96.127.3.3
community     24703:769
extended      96:127:3:2:4:5:6:31
hopv4         96.127.3.5
label         378832
labels        378832:1
local         1618936576
med           1618936575
message       25
origin        105
originator    96.127.3.4
path16        24703
prefixv4      93.94.95.96/30
rd            ( addrv4=92.125.2.254 number=23678 type=1 )
safi          128
src_addrv4    0.1.2.5
src_as16      2
stamp         2010-12-31+19:00:48
time          2010-12-31+19:00:48
type          65
valid         1
MESSAGE       1

afi           1
best          1
bits          30
bitsv4        30
cluster       100.131.3.12
community     25731:778
extended      100:131:3:11:4:5:6:32,8:9:10:32:12:13:14:36
hopv4         100.131.3.14
label         395280
labels        395280:1
local         1686307593
med           1686307592
message       26
origin        105
originator    100.131.3.13
path16        25731
prefixv4      97.98.99.100/30
rd            ( addrv4=96.129.3.7 number=24706 type=1 )
safi          128
src_addrv4    0.1.2.5
src_as16      2
stamp         2010-12-31+19:00:50
time          2010-12-31+19:00:50
type          65
valid         1

afi           1
best          1
bits          30
bitsv4        30
cluster       104.135.3.21
community     26759:787
extended      104:135:3:20:4:5:6:33,8:9:10:33:12:13:14:37
hopv4         104.135.3.23
label         411728
labels        411728:1
local         1753678610
med           1753678609
message       27
origin        105
originator    104.135.3.22
path16        26759
prefixv4      101.102.103.104/30
rd            ( addrv4=100.133.3.16 number=25734 type=1 )
safi          128
src_addrv4    0.1.2.5
src_as16      2
stamp         2010-12-31+19:00:52
time          2010-12-31+19:00:52
type          65
valid         1
MESSAGE       1

afi           1
best          1
bits          30
bitsv4        30
cluster       108.139.3.30
community     27787:796
extended      108:139:3:29:4:5:6:34,8:9:10:34:12:13:14:38
hopv4         108.139.3.32
label         428176
labels        428176:1
local         1821049627
med           1821049626
message       28
origin        105
originator    108.139.3.31
path16        27787
prefixv4      105.106.107.108/30
rd            ( addrv4=104.137.3.25 number=26762 type=1 )
safi          128
src_addrv4    0.1.2.5
src_as16      2
stamp         2010-12-31+19:00:54
time          2010-12-31+19:00:54
type          65
valid         1

afi           1
best          1
bits          30
bitsv4        30
cluster       112.143.3.39
community     28815:805
extended      112:143:3:38:4:5:6:35
hopv4         112.143.3.41
label         444624
labels        444624:1
local         1888420644
med           1888420643
message       29
origin        105
originator    112.143.3.40
path16        28815
prefixv4      109.110.111.112/30
rd            ( addrv4=108.141.3.34 number=27790 type=1 )
safi          128
src_addrv4    0.1.2.5
src_as16      2
stamp         2010-12-31+19:00:56
time          2010-12-31+19:00:56
type          65
valid         1
MESSAGE       1

afi           1
best          1
bits          30
bitsv4        30
community     29844:814,29844:815,29844:816
extended      116:148:3:49:4:5:6:36,8:9:10:35:12:13:14:39
hopv4         116.148.3.50
label         461073
labels        461073:1
local         1955857197
med           1955857196
message       30
origin        105
path16        29843,29844
prefixv4      113.114.115.116/30
rd            ( as16=28818 number=1888617259 )
safi          128
src_addrv4    0.1.2.5
src_as16      2
stamp         2010-12-31+19:00:58
time          2010-12-31+19:00:58
type          65
valid         1

