afi           1
best          1
bits          30
bitsv4        30
hopv4         0.2.2.6
local         131591
message       1
origin        105
prefixv4      0.1.2.4/30
safi          1
src_addrv4    0.1.2.5
src_as16      2
stamp         2010-12-31+19:00:01
time          2010-12-31+19:00:01
type          84
valid         1
MESSAGE       1

afi           1
best          1
bits          30
bitsv4        30
hopv4         0.3.2.10
local         197131
message       2
origin        105
prefixv4      0.2.2.8/30
safi          1
src_addrv4    0.2.2.9
src_as16      3
stamp         2010-12-31+19:00:03
time          2010-12-31+19:00:03
type          84
valid         1

afi           1
best          1
bits          30
bitsv4        30
hopv4         0.4.2.14
local         262672
med           262671
message       3
origin        105
prefixv4      0.3.2.12/30
safi          1
src_addrv4    0.3.2.13
src_as16      4
stamp         2010-12-31+19:00:05
time          2010-12-31+19:00:05
type          84
valid         1
MESSAGE       1

afi           1
best          1
bits          32
bitsv4        32
hopv4         0.5.2.19
local         328213
med           328212
message       4
origin        105
prefixv4      0.4.2.17/32
safi          1
src_addrv4    0.4.2.18
src_as16      5
stamp         2010-12-31+19:00:07
time          2010-12-31+19:00:07
type          84
valid         1

afi           1
best          1
bits          30
bitsv4        30
hopv4         0.6.2.24
local         393754
med           393753
message       5
origin        105
prefixv4      0.5.2.22/30
safi          1
src_addrv4    0.5.2.23
src_as16      6
stamp         2010-12-31+19:00:09
time          2010-12-31+19:00:09
type          84
valid         1
MESSAGE       1

afi           1
best          1
bits          32
bitsv4        32
hopv4         0.7.2.29
local         459295
med           459294
message       6
origin        105
prefixv4      0.6.2.27/32
safi          1
src_addrv4    0.6.2.28
src_as16      7
stamp         2010-12-31+19:00:11
time          2010-12-31+19:00:11
type          84
valid         1

afi           1
best          1
bits          30
bitsv4        30
hopv4         0.8.2.34
local         524836
med           524835
message       7
origin        105
prefixv4      0.7.2.32/30
safi          1
src_addrv4    0.7.2.33
src_as16      8
stamp         2010-12-31+19:00:13
time          2010-12-31+19:00:13
type          84
valid         1
MESSAGE       1

afi           1
best          1
bits          30
bitsv4        30
hopv4         0.9.2.39
local         590377
med           590376
message       8
origin        105
prefixv4      0.8.2.37/30
safi          1
src_addrv4    0.8.2.38
src_as16      9
stamp         2010-12-31+19:00:15
time          2010-12-31+19:00:15
type          84
valid         1

afi           1
best          1
bits          32
bitsv4        32
hopv4         0.10.2.44
local         655918
med           655917
message       9
origin        105
prefixv4      0.9.2.42/32
safi          1
src_addrv4    0.9.2.43
src_as16      10
stamp         2010-12-31+19:00:17
time          2010-12-31+19:00:17
type          84
valid         1
MESSAGE       1

afi           1
best          1
bits          32
bitsv4        32
hopv4         0.11.2.49
local         721459
med           721458
message       10
origin        105
prefixv4      0.10.2.47/32
safi          1
src_addrv4    0.10.2.48
src_as16      11
stamp         2010-12-31+19:00:19
time          2010-12-31+19:00:19
type          84
valid         1

afi           1
best          1
bits          30
bitsv4        30
hopv4         0.12.2.54
local         787000
med           786999
message       11
origin        105
prefixv4      0.11.2.52/30
safi          1
src_addrv4    0.11.2.53
src_as16      12
stamp         2010-12-31+19:00:21
time          2010-12-31+19:00:21
type          84
valid         1
MESSAGE       1

afi           1
best          1
bits          32
bitsv4        32
hopv4         0.13.2.59
local         852541
med           852540
message       12
origin        105
prefixv4      0.12.2.57/32
safi          1
src_addrv4    0.12.2.58
src_as16      13
stamp         2010-12-31+19:00:23
time          2010-12-31+19:00:23
type          84
valid         1

afi           1
best          1
bits          32
bitsv4        32
hopv4         0.14.2.64
local         918082
med           918081
message       13
origin        105
prefixv4      0.13.2.62/32
safi          1
src_addrv4    0.13.2.63
src_as16      14
stamp         2010-12-31+19:00:25
time          2010-12-31+19:00:25
type          84
valid         1
MESSAGE       1

afi           1
best          1
bits          30
bitsv4        30
hopv4         0.15.2.69
local         983623
med           983622
message       14
origin        105
prefixv4      0.14.2.67/30
safi          1
src_addrv4    0.14.2.68
src_as16      15
stamp         2010-12-31+19:00:27
time          2010-12-31+19:00:27
type          84
valid         1

afi           1
best          1
bits          32
bitsv4        32
hopv4         0.16.2.74
local         1049163
message       15
origin        105
prefixv4      0.15.2.72/32
safi          1
src_addrv4    0.15.2.73
src_as16      16
stamp         2010-12-31+19:00:29
time          2010-12-31+19:00:29
type          84
valid         1
MESSAGE       1

afi           1
best          1
bits          32
bitsv4        32
hopv4         0.17.2.78
local         1114704
med           1114703
message       16
origin        105
prefixv4      0.16.2.76/32
safi          1
src_addrv4    0.16.2.77
src_as16      17
stamp         2010-12-31+19:00:31
time          2010-12-31+19:00:31
type          84
valid         1

afi           1
best          1
bits          30
bitsv4        30
hopv4         0.18.2.83
local         1180244
message       17
origin        105
prefixv4      0.17.2.81/30
safi          1
src_addrv4    0.17.2.82
src_as16      18
stamp         2010-12-31+19:00:33
time          2010-12-31+19:00:33
type          84
valid         1
MESSAGE       1

afi           1
best          1
bits          30
bitsv4        30
hopv4         0.19.2.87
local         1245784
message       18
origin        105
prefixv4      0.18.2.85/30
safi          1
src_addrv4    0.18.2.86
src_as16      19
stamp         2010-12-31+19:00:35
time          2010-12-31+19:00:35
type          84
valid         1

afi           1
best          1
bits          30
bitsv4        30
hopv4         0.20.2.91
local         1311324
message       19
origin        105
prefixv4      0.19.2.89/30
safi          1
src_addrv4    0.19.2.90
src_as16      20
stamp         2010-12-31+19:00:37
time          2010-12-31+19:00:37
type          84
valid         1
MESSAGE       1

