
afi           2
agg_addr      0.0.0.0
agg_addrv4    0.0.0.0
agg_addrv6    ::
agg_addr32    0.0.0.0
agg_addr32v4  0.0.0.0
agg_addr32v6  ::
agg_as        0
agg_as16      0
agg_as32      0
atomic        0
best          1
bits          1
bitsv4        0
bitsv6        1
cluster       
community     259:518
damped        0
dpa_addr      0.0.0.0
dpa_addrv4    0.0.0.0
dpa_addrv6    ::
dpa_as        0
dpa_as16      0
dpa_as32      0
dst_addr      0.0.0.0
dst_addrv4    0.0.0.0
dst_addrv6    ::
dst_as        0
dst_as16      0
dst_as32      0
extended      
flags         0
history       0
hop           103:207:505:609:909:A0D:D0D:E11
hopv4         0.0.0.0
hopv6         103:207:505:609:909:A0D:D0D:E11
id            0
internal      0
key           0
label         0
labels        
local         0
med           16974341
message       1
mvpn          0
new_state     0
old_state     0
origin        105
originator    0.0.0.0
path          259
path16        259
path32        
prefix        101:203:505:607:909:A0B:D0D:E0F/1
prefixv4      0.0.0.0/0
prefixv6      101:203:505:607:909:A0B:D0D:E0F/1
rd_addr       ::
rd_as         0
rd_number     0
rd_type       0
rib_failure   0
safi          1
slot          0
src_addr      101:204:505:608:909:A0C:D0D:E10
src_addrv4    0.0.0.0
src_addrv6    101:204:505:608:909:A0C:D0D:E10
src_as        258
src_as16      258
src_as32      0
stale         0
stamp         2010-12-31+19:00:01
suppressed    0
time          2010-12-31+19:00:01
type          65
unknown       
usec          0
valid         1
weight        0
MESSAGE       1
PART          0

afi           2
agg_addr      0.0.0.0
agg_addrv4    0.0.0.0
agg_addrv6    ::
agg_addr32    0.0.0.0
agg_addr32v4  0.0.0.0
agg_addr32v6  ::
agg_as        0
agg_as16      0
agg_as32      0
atomic        0
best          1
bits          2
bitsv4        0
bitsv6        2
cluster       
community     517:522
damped        0
dpa_addr      0.0.0.0
dpa_addrv4    0.0.0.0
dpa_addrv6    ::
dpa_as        0
dpa_as16      0
dpa_as32      0
dst_addr      0.0.0.0
dst_addrv4    0.0.0.0
dst_addrv6    ::
dst_as        0
dst_as16      0
dst_as32      0
extended      
flags         0
history       0
hop           205:20B:605:60B:A09:A0F:E0D:E13
hopv4         0.0.0.0
hopv6         205:20B:605:60B:A09:A0F:E0D:E13
id            0
internal      0
key           0
label         0
labels        
local         0
med           33882633
message       2
mvpn          0
new_state     0
old_state     0
origin        105
originator    0.0.0.0
path          517
path16        517
path32        
prefix        203:207:605:609:A09:A0D:E0D:E11/2
prefixv4      0.0.0.0/0
prefixv6      203:207:605:609:A09:A0D:E0D:E11/2
rd_addr       ::
rd_as         0
rd_number     0
rd_type       0
rib_failure   0
safi          1
slot          0
src_addr      203:208:605:60A:A09:A0E:E0D:E12
src_addrv4    0.0.0.0
src_addrv6    203:208:605:60A:A09:A0E:E0D:E12
src_as        516
src_as16      516
src_as32      0
stale         0
stamp         2010-12-31+19:00:03
suppressed    0
time          2010-12-31+19:00:03
type          65
unknown       
usec          0
valid         1
weight        0
MESSAGE       0
PART          0

afi           2
agg_addr      0.0.0.0
agg_addrv4    0.0.0.0
agg_addrv6    ::
agg_addr32    0.0.0.0
agg_addr32v4  0.0.0.0
agg_addr32v6  ::
agg_as        0
agg_as16      0
agg_as32      0
atomic        0
best          1
bits          3
bitsv4        0
bitsv6        3
cluster       
community     775:526
damped        0
dpa_addr      0.0.0.0
dpa_addrv4    0.0.0.0
dpa_addrv6    ::
dpa_as        0
dpa_as16      0
dpa_as32      0
dst_addr      0.0.0.0
dst_addrv4    0.0.0.0
dst_addrv6    ::
dst_as        0
dst_as16      0
dst_as32      0
extended      
flags         0
history       0
hop           307:20F:705:60D:B09:A11:F0D:E15
hopv4         0.0.0.0
hopv6         307:20F:705:60D:B09:A11:F0D:E15
id            0
internal      0
key           0
label         0
labels        
local         0
med           50790925
message       3
mvpn          0
new_state     0
old_state     0
origin        105
originator    0.0.0.0
path          775
path16        775
path32        
prefix        305:20B:705:60B:B09:A0F:F0D:E13/3
prefixv4      0.0.0.0/0
prefixv6      305:20B:705:60B:B09:A0F:F0D:E13/3
rd_addr       ::
rd_as         0
rd_number     0
rd_type       0
rib_failure   0
safi          1
slot          0
src_addr      305:20C:705:60C:B09:A10:F0D:E14
src_addrv4    0.0.0.0
src_addrv6    305:20C:705:60C:B09:A10:F0D:E14
src_as        774
src_as16      774
src_as32      0
stale         0
stamp         2010-12-31+19:00:05
suppressed    0
time          2010-12-31+19:00:05
type          65
unknown       
usec          0
valid         1
weight        0
MESSAGE       1
PART          0

afi           2
agg_addr      0.0.0.0
agg_addrv4    0.0.0.0
agg_addrv6    ::
agg_addr32    0.0.0.0
agg_addr32v4  0.0.0.0
agg_addr32v6  ::
agg_as        0
agg_as16      0
agg_as32      0
atomic        0
best          1
bits          4
bitsv4        0
bitsv6        4
cluster       
community     1033:530
damped        0
dpa_addr      0.0.0.0
dpa_addrv4    0.0.0.0
dpa_addrv6    ::
dpa_as        0
dpa_as16      0
dpa_as32      0
dst_addr      0.0.0.0
dst_addrv4    0.0.0.0
dst_addrv6    ::
dst_as        0
dst_as16      0
dst_as32      0
extended      
flags         0
history       0
hop           409:213:805:60F:C09:A13:100D:E17
hopv4         0.0.0.0
hopv6         409:213:805:60F:C09:A13:100D:E17
id            0
internal      0
key           0
label         0
labels        
local         0
med           67699217
message       4
mvpn          0
new_state     0
old_state     0
origin        105
originator    0.0.0.0
path          1033
path16        1033
path32        
prefix        407:20F:805:60D:C09:A11:100D:E15/4
prefixv4      0.0.0.0/0
prefixv6      407:20F:805:60D:C09:A11:100D:E15/4
rd_addr       ::
rd_as         0
rd_number     0
rd_type       0
rib_failure   0
safi          1
slot          0
src_addr      407:210:805:60E:C09:A12:100D:E16
src_addrv4    0.0.0.0
src_addrv6    407:210:805:60E:C09:A12:100D:E16
src_as        1032
src_as16      1032
src_as32      0
stale         0
stamp         2010-12-31+19:00:07
suppressed    0
time          2010-12-31+19:00:07
type          65
unknown       
usec          0
valid         1
weight        0
MESSAGE       0
PART          0

afi           2
agg_addr      0.0.0.0
agg_addrv4    0.0.0.0
agg_addrv6    ::
agg_addr32    0.0.0.0
agg_addr32v4  0.0.0.0
agg_addr32v6  ::
agg_as        0
agg_as16      0
agg_as32      0
atomic        0
best          1
bits          5
bitsv4        0
bitsv6        5
cluster       
community     1291:534
damped        0
dpa_addr      0.0.0.0
dpa_addrv4    0.0.0.0
dpa_addrv6    ::
dpa_as        0
dpa_as16      0
dpa_as32      0
dst_addr      0.0.0.0
dst_addrv4    0.0.0.0
dst_addrv6    ::
dst_as        0
dst_as16      0
dst_as32      0
extended      
flags         0
history       0
hop           50B:217:905:611:D09:A15:110D:E19
hopv4         0.0.0.0
hopv6         50B:217:905:611:D09:A15:110D:E19
id            0
internal      0
key           0
label         0
labels        
local         0
med           84607509
message       5
mvpn          0
new_state     0
old_state     0
origin        105
originator    0.0.0.0
path          1291
path16        1291
path32        
prefix        509:213:905:60F:D09:A13:110D:E17/5
prefixv4      0.0.0.0/0
prefixv6      509:213:905:60F:D09:A13:110D:E17/5
rd_addr       ::
rd_as         0
rd_number     0
rd_type       0
rib_failure   0
safi          1
slot          0
src_addr      509:214:905:610:D09:A14:110D:E18
src_addrv4    0.0.0.0
src_addrv6    509:214:905:610:D09:A14:110D:E18
src_as        1290
src_as16      1290
src_as32      0
stale         0
stamp         2010-12-31+19:00:09
suppressed    0
time          2010-12-31+19:00:09
type          65
unknown       
usec          0
valid         1
weight        0
MESSAGE       1
PART          0

afi           2
agg_addr      0.0.0.0
agg_addrv4    0.0.0.0
agg_addrv6    ::
agg_addr32    0.0.0.0
agg_addr32v4  0.0.0.0
agg_addr32v6  ::
agg_as        0
agg_as16      0
agg_as32      0
atomic        0
best          1
bits          6
bitsv4        0
bitsv6        6
cluster       
community     1549:538
damped        0
dpa_addr      0.0.0.0
dpa_addrv4    0.0.0.0
dpa_addrv6    ::
dpa_as        0
dpa_as16      0
dpa_as32      0
dst_addr      0.0.0.0
dst_addrv4    0.0.0.0
dst_addrv6    ::
dst_as        0
dst_as16      0
dst_as32      0
extended      
flags         0
history       0
hop           60D:21B:A05:613:E09:A17:120D:E1B
hopv4         0.0.0.0
hopv6         60D:21B:A05:613:E09:A17:120D:E1B
id            0
internal      0
key           0
label         0
labels        
local         0
med           101515801
message       6
mvpn          0
new_state     0
old_state     0
origin        105
originator    0.0.0.0
path          1549
path16        1549
path32        
prefix        60B:217:A05:611:E09:A15:120D:E19/6
prefixv4      0.0.0.0/0
prefixv6      60B:217:A05:611:E09:A15:120D:E19/6
rd_addr       ::
rd_as         0
rd_number     0
rd_type       0
rib_failure   0
safi          1
slot          0
src_addr      60B:218:A05:612:E09:A16:120D:E1A
src_addrv4    0.0.0.0
src_addrv6    60B:218:A05:612:E09:A16:120D:E1A
src_as        1548
src_as16      1548
src_as32      0
stale         0
stamp         2010-12-31+19:00:11
suppressed    0
time          2010-12-31+19:00:11
type          65
unknown       
usec          0
valid         1
weight        0
MESSAGE       0
PART          0

afi           2
agg_addr      0.0.0.0
agg_addrv4    0.0.0.0
agg_addrv6    ::
agg_addr32    0.0.0.0
agg_addr32v4  0.0.0.0
agg_addr32v6  ::
agg_as        0
agg_as16      0
agg_as32      0
atomic        0
best          1
bits          7
bitsv4        0
bitsv6        7
cluster       
community     1807:542
damped        0
dpa_addr      0.0.0.0
dpa_addrv4    0.0.0.0
dpa_addrv6    ::
dpa_as        0
dpa_as16      0
dpa_as32      0
dst_addr      0.0.0.0
dst_addrv4    0.0.0.0
dst_addrv6    ::
dst_as        0
dst_as16      0
dst_as32      0
extended      
flags         0
history       0
hop           70F:21F:B05:615:F09:A19:130D:E1D
hopv4         0.0.0.0
hopv6         70F:21F:B05:615:F09:A19:130D:E1D
id            0
internal      0
key           0
label         0
labels        
local         0
med           118424093
message       7
mvpn          0
new_state     0
old_state     0
origin        105
originator    0.0.0.0
path          1807
path16        1807
path32        
prefix        70D:21B:B05:613:F09:A17:130D:E1B/7
prefixv4      0.0.0.0/0
prefixv6      70D:21B:B05:613:F09:A17:130D:E1B/7
rd_addr       ::
rd_as         0
rd_number     0
rd_type       0
rib_failure   0
safi          1
slot          0
src_addr      70D:21C:B05:614:F09:A18:130D:E1C
src_addrv4    0.0.0.0
src_addrv6    70D:21C:B05:614:F09:A18:130D:E1C
src_as        1806
src_as16      1806
src_as32      0
stale         0
stamp         2010-12-31+19:00:13
suppressed    0
time          2010-12-31+19:00:13
type          65
unknown       
usec          0
valid         1
weight        0
MESSAGE       1
PART          0

afi           2
agg_addr      0.0.0.0
agg_addrv4    0.0.0.0
agg_addrv6    ::
agg_addr32    0.0.0.0
agg_addr32v4  0.0.0.0
agg_addr32v6  ::
agg_as        0
agg_as16      0
agg_as32      0
atomic        0
best          1
bits          8
bitsv4        0
bitsv6        8
cluster       
community     2065:546
damped        0
dpa_addr      0.0.0.0
dpa_addrv4    0.0.0.0
dpa_addrv6    ::
dpa_as        0
dpa_as16      0
dpa_as32      0
dst_addr      0.0.0.0
dst_addrv4    0.0.0.0
dst_addrv6    ::
dst_as        0
dst_as16      0
dst_as32      0
extended      
flags         0
history       0
hop           811:223:C05:617:1009:A1B:140D:E1F
hopv4         0.0.0.0
hopv6         811:223:C05:617:1009:A1B:140D:E1F
id            0
internal      0
key           0
label         0
labels        
local         0
med           135332385
message       8
mvpn          0
new_state     0
old_state     0
origin        105
originator    0.0.0.0
path          2065
path16        2065
path32        
prefix        80F:21F:C05:615:1009:A19:140D:E1D/8
prefixv4      0.0.0.0/0
prefixv6      80F:21F:C05:615:1009:A19:140D:E1D/8
rd_addr       ::
rd_as         0
rd_number     0
rd_type       0
rib_failure   0
safi          1
slot          0
src_addr      80F:220:C05:616:1009:A1A:140D:E1E
src_addrv4    0.0.0.0
src_addrv6    80F:220:C05:616:1009:A1A:140D:E1E
src_as        2064
src_as16      2064
src_as32      0
stale         0
stamp         2010-12-31+19:00:15
suppressed    0
time          2010-12-31+19:00:15
type          65
unknown       
usec          0
valid         1
weight        0
MESSAGE       0
PART          0

afi           2
agg_addr      0.0.0.0
agg_addrv4    0.0.0.0
agg_addrv6    ::
agg_addr32    0.0.0.0
agg_addr32v4  0.0.0.0
agg_addr32v6  ::
agg_as        0
agg_as16      0
agg_as32      0
atomic        0
best          1
bits          9
bitsv4        0
bitsv6        9
cluster       
community     2323:550
damped        0
dpa_addr      0.0.0.0
dpa_addrv4    0.0.0.0
dpa_addrv6    ::
dpa_as        0
dpa_as16      0
dpa_as32      0
dst_addr      0.0.0.0
dst_addrv4    0.0.0.0
dst_addrv6    ::
dst_as        0
dst_as16      0
dst_as32      0
extended      
flags         0
history       0
hop           913:227:D05:619:1109:A1D:150D:E21
hopv4         0.0.0.0
hopv6         913:227:D05:619:1109:A1D:150D:E21
id            0
internal      0
key           0
label         0
labels        
local         0
med           152240677
message       9
mvpn          0
new_state     0
old_state     0
origin        105
originator    0.0.0.0
path          2323
path16        2323
path32        
prefix        911:223:D05:617:1109:A1B:150D:E1F/9
prefixv4      0.0.0.0/0
prefixv6      911:223:D05:617:1109:A1B:150D:E1F/9
rd_addr       ::
rd_as         0
rd_number     0
rd_type       0
rib_failure   0
safi          1
slot          0
src_addr      911:224:D05:618:1109:A1C:150D:E20
src_addrv4    0.0.0.0
src_addrv6    911:224:D05:618:1109:A1C:150D:E20
src_as        2322
src_as16      2322
src_as32      0
stale         0
stamp         2010-12-31+19:00:17
suppressed    0
time          2010-12-31+19:00:17
type          65
unknown       
usec          0
valid         1
weight        0
MESSAGE       1
PART          0

afi           2
agg_addr      0.0.0.0
agg_addrv4    0.0.0.0
agg_addrv6    ::
agg_addr32    0.0.0.0
agg_addr32v4  0.0.0.0
agg_addr32v6  ::
agg_as        0
agg_as16      0
agg_as32      0
atomic        0
best          1
bits          10
bitsv4        0
bitsv6        10
cluster       
community     2581:554
damped        0
dpa_addr      0.0.0.0
dpa_addrv4    0.0.0.0
dpa_addrv6    ::
dpa_as        0
dpa_as16      0
dpa_as32      0
dst_addr      0.0.0.0
dst_addrv4    0.0.0.0
dst_addrv6    ::
dst_as        0
dst_as16      0
dst_as32      0
extended      
flags         0
history       0
hop           A15:22B:E05:61B:1209:A1F:160D:E23
hopv4         0.0.0.0
hopv6         A15:22B:E05:61B:1209:A1F:160D:E23
id            0
internal      0
key           0
label         0
labels        
local         0
med           169148969
message       10
mvpn          0
new_state     0
old_state     0
origin        105
originator    0.0.0.0
path          2581
path16        2581
path32        
prefix        A13:227:E05:619:1209:A1D:160D:E21/10
prefixv4      0.0.0.0/0
prefixv6      A13:227:E05:619:1209:A1D:160D:E21/10
rd_addr       ::
rd_as         0
rd_number     0
rd_type       0
rib_failure   0
safi          1
slot          0
src_addr      A13:228:E05:61A:1209:A1E:160D:E22
src_addrv4    0.0.0.0
src_addrv6    A13:228:E05:61A:1209:A1E:160D:E22
src_as        2580
src_as16      2580
src_as32      0
stale         0
stamp         2010-12-31+19:00:19
suppressed    0
time          2010-12-31+19:00:19
type          65
unknown       
usec          0
valid         1
weight        0
MESSAGE       0
PART          0

afi           2
agg_addr      0.0.0.0
agg_addrv4    0.0.0.0
agg_addrv6    ::
agg_addr32    0.0.0.0
agg_addr32v4  0.0.0.0
agg_addr32v6  ::
agg_as        0
agg_as16      0
agg_as32      0
atomic        0
best          1
bits          11
bitsv4        0
bitsv6        11
cluster       
community     2839:558
damped        0
dpa_addr      0.0.0.0
dpa_addrv4    0.0.0.0
dpa_addrv6    ::
dpa_as        0
dpa_as16      0
dpa_as32      0
dst_addr      0.0.0.0
dst_addrv4    0.0.0.0
dst_addrv6    ::
dst_as        0
dst_as16      0
dst_as32      0
extended      
flags         0
history       0
hop           B17:22F:F05:61D:1309:A21:170D:E25
hopv4         0.0.0.0
hopv6         B17:22F:F05:61D:1309:A21:170D:E25
id            0
internal      0
key           0
label         0
labels        
local         0
med           186057261
message       11
mvpn          0
new_state     0
old_state     0
origin        105
originator    0.0.0.0
path          2839
path16        2839
path32        
prefix        B15:22B:F05:61B:1309:A1F:170D:E23/11
prefixv4      0.0.0.0/0
prefixv6      B15:22B:F05:61B:1309:A1F:170D:E23/11
rd_addr       ::
rd_as         0
rd_number     0
rd_type       0
rib_failure   0
safi          1
slot          0
src_addr      B15:22C:F05:61C:1309:A20:170D:E24
src_addrv4    0.0.0.0
src_addrv6    B15:22C:F05:61C:1309:A20:170D:E24
src_as        2838
src_as16      2838
src_as32      0
stale         0
stamp         2010-12-31+19:00:21
suppressed    0
time          2010-12-31+19:00:21
type          65
unknown       
usec          0
valid         1
weight        0
MESSAGE       1
PART          0

afi           2
agg_addr      0.0.0.0
agg_addrv4    0.0.0.0
agg_addrv6    ::
agg_addr32    0.0.0.0
agg_addr32v4  0.0.0.0
agg_addr32v6  ::
agg_as        0
agg_as16      0
agg_as32      0
atomic        0
best          1
bits          12
bitsv4        0
bitsv6        12
cluster       
community     3097:562
damped        0
dpa_addr      0.0.0.0
dpa_addrv4    0.0.0.0
dpa_addrv6    ::
dpa_as        0
dpa_as16      0
dpa_as32      0
dst_addr      0.0.0.0
dst_addrv4    0.0.0.0
dst_addrv6    ::
dst_as        0
dst_as16      0
dst_as32      0
extended      
flags         0
history       0
hop           C19:233:1005:61F:1409:A23:180D:E27
hopv4         0.0.0.0
hopv6         C19:233:1005:61F:1409:A23:180D:E27
id            0
internal      0
key           0
label         0
labels        
local         0
med           202965553
message       12
mvpn          0
new_state     0
old_state     0
origin        105
originator    0.0.0.0
path          3097
path16        3097
path32        
prefix        C17:22F:1005:61D:1409:A21:180D:E25/12
prefixv4      0.0.0.0/0
prefixv6      C17:22F:1005:61D:1409:A21:180D:E25/12
rd_addr       ::
rd_as         0
rd_number     0
rd_type       0
rib_failure   0
safi          1
slot          0
src_addr      C17:230:1005:61E:1409:A22:180D:E26
src_addrv4    0.0.0.0
src_addrv6    C17:230:1005:61E:1409:A22:180D:E26
src_as        3096
src_as16      3096
src_as32      0
stale         0
stamp         2010-12-31+19:00:23
suppressed    0
time          2010-12-31+19:00:23
type          65
unknown       
usec          0
valid         1
weight        0
MESSAGE       0
PART          0

afi           2
agg_addr      0.0.0.0
agg_addrv4    0.0.0.0
agg_addrv6    ::
agg_addr32    0.0.0.0
agg_addr32v4  0.0.0.0
agg_addr32v6  ::
agg_as        0
agg_as16      0
agg_as32      0
atomic        0
best          1
bits          13
bitsv4        0
bitsv6        13
cluster       
community     
damped        0
dpa_addr      0.0.0.0
dpa_addrv4    0.0.0.0
dpa_addrv6    ::
dpa_as        0
dpa_as16      0
dpa_as32      0
dst_addr      0.0.0.0
dst_addrv4    0.0.0.0
dst_addrv6    ::
dst_as        0
dst_as16      0
dst_as32      0
extended      
flags         0
history       0
hop           D1B:235:1105:621:1509:A25:190D:E29
hopv4         0.0.0.0
hopv6         D1B:235:1105:621:1509:A25:190D:E29
id            0
internal      0
key           0
label         0
labels        
local         0
med           0
message       13
mvpn          0
new_state     0
old_state     0
origin        105
originator    0.0.0.0
path          3355
path16        3355
path32        
prefix        D19:233:1105:61F:1509:A23:190D:E27/13
prefixv4      0.0.0.0/0
prefixv6      D19:233:1105:61F:1509:A23:190D:E27/13
rd_addr       ::
rd_as         0
rd_number     0
rd_type       0
rib_failure   0
safi          1
slot          0
src_addr      D19:234:1105:620:1509:A24:190D:E28
src_addrv4    0.0.0.0
src_addrv6    D19:234:1105:620:1509:A24:190D:E28
src_as        3354
src_as16      3354
src_as32      0
stale         0
stamp         2010-12-31+19:00:25
suppressed    0
time          2010-12-31+19:00:25
type          65
unknown       
usec          0
valid         1
weight        0
MESSAGE       1
PART          0

afi           2
agg_addr      0.0.0.0
agg_addrv4    0.0.0.0
agg_addrv6    ::
agg_addr32    0.0.0.0
agg_addr32v4  0.0.0.0
agg_addr32v6  ::
agg_as        0
agg_as16      0
agg_as32      0
atomic        0
best          1
bits          14
bitsv4        0
bitsv6        14
cluster       
community     3613:568
damped        0
dpa_addr      0.0.0.0
dpa_addrv4    0.0.0.0
dpa_addrv6    ::
dpa_as        0
dpa_as16      0
dpa_as32      0
dst_addr      0.0.0.0
dst_addrv4    0.0.0.0
dst_addrv6    ::
dst_as        0
dst_as16      0
dst_as32      0
extended      
flags         0
history       0
hop           E1D:239:1205:623:1609:A27:1A0D:E2B
hopv4         0.0.0.0
hopv6         E1D:239:1205:623:1609:A27:1A0D:E2B
id            0
internal      0
key           0
label         0
labels        
local         0
med           236782135
message       14
mvpn          0
new_state     0
old_state     0
origin        105
originator    0.0.0.0
path          3613
path16        3613
path32        
prefix        E1B:235:1205:621:1609:A25:1A0D:E29/14
prefixv4      0.0.0.0/0
prefixv6      E1B:235:1205:621:1609:A25:1A0D:E29/14
rd_addr       ::
rd_as         0
rd_number     0
rd_type       0
rib_failure   0
safi          1
slot          0
src_addr      E1B:236:1205:622:1609:A26:1A0D:E2A
src_addrv4    0.0.0.0
src_addrv6    E1B:236:1205:622:1609:A26:1A0D:E2A
src_as        3612
src_as16      3612
src_as32      0
stale         0
stamp         2010-12-31+19:00:27
suppressed    0
time          2010-12-31+19:00:27
type          65
unknown       
usec          0
valid         1
weight        0
MESSAGE       0
PART          0

afi           2
agg_addr      0.0.0.0
agg_addrv4    0.0.0.0
agg_addrv6    ::
agg_addr32    0.0.0.0
agg_addr32v4  0.0.0.0
agg_addr32v6  ::
agg_as        0
agg_as16      0
agg_as32      0
atomic        0
best          1
bits          15
bitsv4        0
bitsv6        15
cluster       
community     3871:572
damped        0
dpa_addr      0.0.0.0
dpa_addrv4    0.0.0.0
dpa_addrv6    ::
dpa_as        0
dpa_as16      0
dpa_as32      0
dst_addr      0.0.0.0
dst_addrv4    0.0.0.0
dst_addrv6    ::
dst_as        0
dst_as16      0
dst_as32      0
extended      
flags         0
history       0
hop           F1F:23D:1305:625:1709:A29:1B0D:E2D
hopv4         0.0.0.0
hopv6         F1F:23D:1305:625:1709:A29:1B0D:E2D
id            0
internal      0
key           0
label         0
labels        
local         0
med           253690427
message       15
mvpn          0
new_state     0
old_state     0
origin        105
originator    0.0.0.0
path          3871
path16        3871
path32        
prefix        F1D:239:1305:623:1709:A27:1B0D:E2B/15
prefixv4      0.0.0.0/0
prefixv6      F1D:239:1305:623:1709:A27:1B0D:E2B/15
rd_addr       ::
rd_as         0
rd_number     0
rd_type       0
rib_failure   0
safi          1
slot          0
src_addr      F1D:23A:1305:624:1709:A28:1B0D:E2C
src_addrv4    0.0.0.0
src_addrv6    F1D:23A:1305:624:1709:A28:1B0D:E2C
src_as        3870
src_as16      3870
src_as32      0
stale         0
stamp         2010-12-31+19:00:29
suppressed    0
time          2010-12-31+19:00:29
type          65
unknown       
usec          0
valid         1
weight        0
MESSAGE       1
PART          0

afi           2
agg_addr      0.0.0.0
agg_addrv4    0.0.0.0
agg_addrv6    ::
agg_addr32    0.0.0.0
agg_addr32v4  0.0.0.0
agg_addr32v6  ::
agg_as        0
agg_as16      0
agg_as32      0
atomic        0
best          1
bits          16
bitsv4        0
bitsv6        16
cluster       
community     4129:576
damped        0
dpa_addr      0.0.0.0
dpa_addrv4    0.0.0.0
dpa_addrv6    ::
dpa_as        0
dpa_as16      0
dpa_as32      0
dst_addr      0.0.0.0
dst_addrv4    0.0.0.0
dst_addrv6    ::
dst_as        0
dst_as16      0
dst_as32      0
extended      
flags         0
history       0
hop           1021:241:1405:627:1809:A2B:1C0D:E2F
hopv4         0.0.0.0
hopv6         1021:241:1405:627:1809:A2B:1C0D:E2F
id            0
internal      0
key           0
label         0
labels        
local         0
med           270598719
message       16
mvpn          0
new_state     0
old_state     0
origin        105
originator    0.0.0.0
path          4129
path16        4129
path32        
prefix        101F:23D:1405:625:1809:A29:1C0D:E2D/16
prefixv4      0.0.0.0/0
prefixv6      101F:23D:1405:625:1809:A29:1C0D:E2D/16
rd_addr       ::
rd_as         0
rd_number     0
rd_type       0
rib_failure   0
safi          1
slot          0
src_addr      101F:23E:1405:626:1809:A2A:1C0D:E2E
src_addrv4    0.0.0.0
src_addrv6    101F:23E:1405:626:1809:A2A:1C0D:E2E
src_as        4128
src_as16      4128
src_as32      0
stale         0
stamp         2010-12-31+19:00:31
suppressed    0
time          2010-12-31+19:00:31
type          65
unknown       
usec          0
valid         1
weight        0
MESSAGE       0
PART          0

afi           2
agg_addr      0.0.0.0
agg_addrv4    0.0.0.0
agg_addrv6    ::
agg_addr32    0.0.0.0
agg_addr32v4  0.0.0.0
agg_addr32v6  ::
agg_as        0
agg_as16      0
agg_as32      0
atomic        0
best          1
bits          17
bitsv4        0
bitsv6        17
cluster       
community     4387:580
damped        0
dpa_addr      0.0.0.0
dpa_addrv4    0.0.0.0
dpa_addrv6    ::
dpa_as        0
dpa_as16      0
dpa_as32      0
dst_addr      0.0.0.0
dst_addrv4    0.0.0.0
dst_addrv6    ::
dst_as        0
dst_as16      0
dst_as32      0
extended      
flags         0
history       0
hop           1123:245:1505:629:1909:A2D:1D0D:E31
hopv4         0.0.0.0
hopv6         1123:245:1505:629:1909:A2D:1D0D:E31
id            0
internal      0
key           0
label         0
labels        
local         0
med           287507011
message       17
mvpn          0
new_state     0
old_state     0
origin        105
originator    0.0.0.0
path          4387
path16        4387
path32        
prefix        1121:241:1505:627:1909:A2B:1D0D:E2F/17
prefixv4      0.0.0.0/0
prefixv6      1121:241:1505:627:1909:A2B:1D0D:E2F/17
rd_addr       ::
rd_as         0
rd_number     0
rd_type       0
rib_failure   0
safi          1
slot          0
src_addr      1121:242:1505:628:1909:A2C:1D0D:E30
src_addrv4    0.0.0.0
src_addrv6    1121:242:1505:628:1909:A2C:1D0D:E30
src_as        4386
src_as16      4386
src_as32      0
stale         0
stamp         2010-12-31+19:00:33
suppressed    0
time          2010-12-31+19:00:33
type          65
unknown       
usec          0
valid         1
weight        0
MESSAGE       1
PART          0

afi           2
agg_addr      0.0.0.0
agg_addrv4    0.0.0.0
agg_addrv6    ::
agg_addr32    0.0.0.0
agg_addr32v4  0.0.0.0
agg_addr32v6  ::
agg_as        0
agg_as16      0
agg_as32      0
atomic        0
best          1
bits          18
bitsv4        0
bitsv6        18
cluster       
community     4645:584
damped        0
dpa_addr      0.0.0.0
dpa_addrv4    0.0.0.0
dpa_addrv6    ::
dpa_as        0
dpa_as16      0
dpa_as32      0
dst_addr      0.0.0.0
dst_addrv4    0.0.0.0
dst_addrv6    ::
dst_as        0
dst_as16      0
dst_as32      0
extended      
flags         0
history       0
hop           1225:249:1605:62B:1A09:A2F:1E0D:E33
hopv4         0.0.0.0
hopv6         1225:249:1605:62B:1A09:A2F:1E0D:E33
id            0
internal      0
key           0
label         0
labels        
local         0
med           304415303
message       18
mvpn          0
new_state     0
old_state     0
origin        105
originator    0.0.0.0
path          4645
path16        4645
path32        
prefix        1223:245:1605:629:1A09:A2D:1E0D:E31/18
prefixv4      0.0.0.0/0
prefixv6      1223:245:1605:629:1A09:A2D:1E0D:E31/18
rd_addr       ::
rd_as         0
rd_number     0
rd_type       0
rib_failure   0
safi          1
slot          0
src_addr      1223:246:1605:62A:1A09:A2E:1E0D:E32
src_addrv4    0.0.0.0
src_addrv6    1223:246:1605:62A:1A09:A2E:1E0D:E32
src_as        4644
src_as16      4644
src_as32      0
stale         0
stamp         2010-12-31+19:00:35
suppressed    0
time          2010-12-31+19:00:35
type          65
unknown       
usec          0
valid         1
weight        0
MESSAGE       0
PART          0

afi           2
agg_addr      0.0.0.0
agg_addrv4    0.0.0.0
agg_addrv6    ::
agg_addr32    0.0.0.0
agg_addr32v4  0.0.0.0
agg_addr32v6  ::
agg_as        0
agg_as16      0
agg_as32      0
atomic        0
best          1
bits          19
bitsv4        0
bitsv6        19
cluster       
community     4903:588
damped        0
dpa_addr      0.0.0.0
dpa_addrv4    0.0.0.0
dpa_addrv6    ::
dpa_as        0
dpa_as16      0
dpa_as32      0
dst_addr      0.0.0.0
dst_addrv4    0.0.0.0
dst_addrv6    ::
dst_as        0
dst_as16      0
dst_as32      0
extended      
flags         0
history       0
hop           1327:24D:1705:62D:1B09:A31:1F0D:E35
hopv4         0.0.0.0
hopv6         1327:24D:1705:62D:1B09:A31:1F0D:E35
id            0
internal      0
key           0
label         0
labels        
local         0
med           321323595
message       19
mvpn          0
new_state     0
old_state     0
origin        105
originator    0.0.0.0
path          4903
path16        4903
path32        
prefix        1325:249:1705:62B:1B09:A2F:1F0D:E33/19
prefixv4      0.0.0.0/0
prefixv6      1325:249:1705:62B:1B09:A2F:1F0D:E33/19
rd_addr       ::
rd_as         0
rd_number     0
rd_type       0
rib_failure   0
safi          1
slot          0
src_addr      1325:24A:1705:62C:1B09:A30:1F0D:E34
src_addrv4    0.0.0.0
src_addrv6    1325:24A:1705:62C:1B09:A30:1F0D:E34
src_as        4902
src_as16      4902
src_as32      0
stale         0
stamp         2010-12-31+19:00:37
suppressed    0
time          2010-12-31+19:00:37
type          65
unknown       
usec          0
valid         1
weight        0
MESSAGE       1
PART          0

afi           2
agg_addr      0.0.0.0
agg_addrv4    0.0.0.0
agg_addrv6    ::
agg_addr32    0.0.0.0
agg_addr32v4  0.0.0.0
agg_addr32v6  ::
agg_as        0
agg_as16      0
agg_as32      0
atomic        0
best          1
bits          20
bitsv4        0
bitsv6        20
cluster       
community     5161:592
damped        0
dpa_addr      0.0.0.0
dpa_addrv4    0.0.0.0
dpa_addrv6    ::
dpa_as        0
dpa_as16      0
dpa_as32      0
dst_addr      0.0.0.0
dst_addrv4    0.0.0.0
dst_addrv6    ::
dst_as        0
dst_as16      0
dst_as32      0
extended      
flags         0
history       0
hop           1429:251:1805:62F:1C09:A33:200D:E37
hopv4         0.0.0.0
hopv6         1429:251:1805:62F:1C09:A33:200D:E37
id            0
internal      0
key           0
label         0
labels        
local         0
med           338231887
message       20
mvpn          0
new_state     0
old_state     0
origin        105
originator    0.0.0.0
path          5161
path16        5161
path32        
prefix        1427:24D:1805:62D:1C09:A31:200D:E35/20
prefixv4      0.0.0.0/0
prefixv6      1427:24D:1805:62D:1C09:A31:200D:E35/20
rd_addr       ::
rd_as         0
rd_number     0
rd_type       0
rib_failure   0
safi          1
slot          0
src_addr      1427:24E:1805:62E:1C09:A32:200D:E36
src_addrv4    0.0.0.0
src_addrv6    1427:24E:1805:62E:1C09:A32:200D:E36
src_as        5160
src_as16      5160
src_as32      0
stale         0
stamp         2010-12-31+19:00:39
suppressed    0
time          2010-12-31+19:00:39
type          65
unknown       
usec          0
valid         1
weight        0
MESSAGE       0
PART          0

afi           2
agg_addr      0.0.0.0
agg_addrv4    0.0.0.0
agg_addrv6    ::
agg_addr32    0.0.0.0
agg_addr32v4  0.0.0.0
agg_addr32v6  ::
agg_as        0
agg_as16      0
agg_as32      0
atomic        0
best          1
bits          21
bitsv4        0
bitsv6        21
cluster       
community     5419:596
damped        0
dpa_addr      0.0.0.0
dpa_addrv4    0.0.0.0
dpa_addrv6    ::
dpa_as        0
dpa_as16      0
dpa_as32      0
dst_addr      0.0.0.0
dst_addrv4    0.0.0.0
dst_addrv6    ::
dst_as        0
dst_as16      0
dst_as32      0
extended      
flags         0
history       0
hop           152B:255:1905:631:1D09:A35:210D:E39
hopv4         0.0.0.0
hopv6         152B:255:1905:631:1D09:A35:210D:E39
id            0
internal      0
key           0
label         0
labels        
local         0
med           355140179
message       21
mvpn          0
new_state     0
old_state     0
origin        105
originator    0.0.0.0
path          5419
path16        5419
path32        
prefix        1529:251:1905:62F:1D09:A33:210D:E37/21
prefixv4      0.0.0.0/0
prefixv6      1529:251:1905:62F:1D09:A33:210D:E37/21
rd_addr       ::
rd_as         0
rd_number     0
rd_type       0
rib_failure   0
safi          1
slot          0
src_addr      1529:252:1905:630:1D09:A34:210D:E38
src_addrv4    0.0.0.0
src_addrv6    1529:252:1905:630:1D09:A34:210D:E38
src_as        5418
src_as16      5418
src_as32      0
stale         0
stamp         2010-12-31+19:00:41
suppressed    0
time          2010-12-31+19:00:41
type          65
unknown       
usec          0
valid         1
weight        0
MESSAGE       1
PART          0

afi           2
agg_addr      0.0.0.0
agg_addrv4    0.0.0.0
agg_addrv6    ::
agg_addr32    0.0.0.0
agg_addr32v4  0.0.0.0
agg_addr32v6  ::
agg_as        0
agg_as16      0
agg_as32      0
atomic        0
best          1
bits          22
bitsv4        0
bitsv6        22
cluster       
community     5677:600
damped        0
dpa_addr      0.0.0.0
dpa_addrv4    0.0.0.0
dpa_addrv6    ::
dpa_as        0
dpa_as16      0
dpa_as32      0
dst_addr      0.0.0.0
dst_addrv4    0.0.0.0
dst_addrv6    ::
dst_as        0
dst_as16      0
dst_as32      0
extended      
flags         0
history       0
hop           162D:259:1A05:633:1E09:A37:220D:E3B
hopv4         0.0.0.0
hopv6         162D:259:1A05:633:1E09:A37:220D:E3B
id            0
internal      0
key           0
label         0
labels        
local         0
med           372048471
message       22
mvpn          0
new_state     0
old_state     0
origin        105
originator    0.0.0.0
path          5677
path16        5677
path32        
prefix        162B:255:1A05:631:1E09:A35:220D:E39/22
prefixv4      0.0.0.0/0
prefixv6      162B:255:1A05:631:1E09:A35:220D:E39/22
rd_addr       ::
rd_as         0
rd_number     0
rd_type       0
rib_failure   0
safi          1
slot          0
src_addr      162B:256:1A05:632:1E09:A36:220D:E3A
src_addrv4    0.0.0.0
src_addrv6    162B:256:1A05:632:1E09:A36:220D:E3A
src_as        5676
src_as16      5676
src_as32      0
stale         0
stamp         2010-12-31+19:00:43
suppressed    0
time          2010-12-31+19:00:43
type          65
unknown       
usec          0
valid         1
weight        0
MESSAGE       0
PART          0

afi           2
agg_addr      0.0.0.0
agg_addrv4    0.0.0.0
agg_addrv6    ::
agg_addr32    0.0.0.0
agg_addr32v4  0.0.0.0
agg_addr32v6  ::
agg_as        0
agg_as16      0
agg_as32      0
atomic        0
best          1
bits          23
bitsv4        0
bitsv6        23
cluster       
community     5935:604
damped        0
dpa_addr      0.0.0.0
dpa_addrv4    0.0.0.0
dpa_addrv6    ::
dpa_as        0
dpa_as16      0
dpa_as32      0
dst_addr      0.0.0.0
dst_addrv4    0.0.0.0
dst_addrv6    ::
dst_as        0
dst_as16      0
dst_as32      0
extended      
flags         0
history       0
hop           172F:25D:1B05:635:1F09:A39:230D:E3D
hopv4         0.0.0.0
hopv6         172F:25D:1B05:635:1F09:A39:230D:E3D
id            0
internal      0
key           0
label         0
labels        
local         0
med           388956763
message       23
mvpn          0
new_state     0
old_state     0
origin        105
originator    0.0.0.0
path          5935
path16        5935
path32        
prefix        172D:259:1B05:633:1F09:A37:230D:E3B/23
prefixv4      0.0.0.0/0
prefixv6      172D:259:1B05:633:1F09:A37:230D:E3B/23
rd_addr       ::
rd_as         0
rd_number     0
rd_type       0
rib_failure   0
safi          1
slot          0
src_addr      172D:25A:1B05:634:1F09:A38:230D:E3C
src_addrv4    0.0.0.0
src_addrv6    172D:25A:1B05:634:1F09:A38:230D:E3C
src_as        5934
src_as16      5934
src_as32      0
stale         0
stamp         2010-12-31+19:00:45
suppressed    0
time          2010-12-31+19:00:45
type          65
unknown       
usec          0
valid         1
weight        0
MESSAGE       1
PART          0

afi           2
agg_addr      0.0.0.0
agg_addrv4    0.0.0.0
agg_addrv6    ::
agg_addr32    0.0.0.0
agg_addr32v4  0.0.0.0
agg_addr32v6  ::
agg_as        0
agg_as16      0
agg_as32      0
atomic        0
best          1
bits          24
bitsv4        0
bitsv6        24
cluster       
community     6193:608
damped        0
dpa_addr      0.0.0.0
dpa_addrv4    0.0.0.0
dpa_addrv6    ::
dpa_as        0
dpa_as16      0
dpa_as32      0
dst_addr      0.0.0.0
dst_addrv4    0.0.0.0
dst_addrv6    ::
dst_as        0
dst_as16      0
dst_as32      0
extended      
flags         0
history       0
hop           1831:261:1C05:637:2009:A3B:240D:E3F
hopv4         0.0.0.0
hopv6         1831:261:1C05:637:2009:A3B:240D:E3F
id            0
internal      0
key           0
label         0
labels        
local         0
med           405865055
message       24
mvpn          0
new_state     0
old_state     0
origin        105
originator    0.0.0.0
path          6193
path16        6193
path32        
prefix        182F:25D:1C05:635:2009:A39:240D:E3D/24
prefixv4      0.0.0.0/0
prefixv6      182F:25D:1C05:635:2009:A39:240D:E3D/24
rd_addr       ::
rd_as         0
rd_number     0
rd_type       0
rib_failure   0
safi          1
slot          0
src_addr      182F:25E:1C05:636:2009:A3A:240D:E3E
src_addrv4    0.0.0.0
src_addrv6    182F:25E:1C05:636:2009:A3A:240D:E3E
src_as        6192
src_as16      6192
src_as32      0
stale         0
stamp         2010-12-31+19:00:47
suppressed    0
time          2010-12-31+19:00:47
type          65
unknown       
usec          0
valid         1
weight        0
MESSAGE       0
PART          0

afi           2
agg_addr      0.0.0.0
agg_addrv4    0.0.0.0
agg_addrv6    ::
agg_addr32    0.0.0.0
agg_addr32v4  0.0.0.0
agg_addr32v6  ::
agg_as        0
agg_as16      0
agg_as32      0
atomic        0
best          1
bits          25
bitsv4        0
bitsv6        25
cluster       
community     6451:612
damped        0
dpa_addr      0.0.0.0
dpa_addrv4    0.0.0.0
dpa_addrv6    ::
dpa_as        0
dpa_as16      0
dpa_as32      0
dst_addr      0.0.0.0
dst_addrv4    0.0.0.0
dst_addrv6    ::
dst_as        0
dst_as16      0
dst_as32      0
extended      
flags         0
history       0
hop           1933:265:1D05:639:2109:A3D:250D:E41
hopv4         0.0.0.0
hopv6         1933:265:1D05:639:2109:A3D:250D:E41
id            0
internal      0
key           0
label         0
labels        
local         0
med           422773347
message       25
mvpn          0
new_state     0
old_state     0
origin        105
originator    0.0.0.0
path          6451
path16        6451
path32        
prefix        1931:261:1D05:637:2109:A3B:250D:E3F/25
prefixv4      0.0.0.0/0
prefixv6      1931:261:1D05:637:2109:A3B:250D:E3F/25
rd_addr       ::
rd_as         0
rd_number     0
rd_type       0
rib_failure   0
safi          1
slot          0
src_addr      1931:262:1D05:638:2109:A3C:250D:E40
src_addrv4    0.0.0.0
src_addrv6    1931:262:1D05:638:2109:A3C:250D:E40
src_as        6450
src_as16      6450
src_as32      0
stale         0
stamp         2010-12-31+19:00:49
suppressed    0
time          2010-12-31+19:00:49
type          65
unknown       
usec          0
valid         1
weight        0
MESSAGE       1
PART          0

afi           2
agg_addr      0.0.0.0
agg_addrv4    0.0.0.0
agg_addrv6    ::
agg_addr32    0.0.0.0
agg_addr32v4  0.0.0.0
agg_addr32v6  ::
agg_as        0
agg_as16      0
agg_as32      0
atomic        0
best          1
bits          26
bitsv4        0
bitsv6        26
cluster       
community     6709:616
damped        0
dpa_addr      0.0.0.0
dpa_addrv4    0.0.0.0
dpa_addrv6    ::
dpa_as        0
dpa_as16      0
dpa_as32      0
dst_addr      0.0.0.0
dst_addrv4    0.0.0.0
dst_addrv6    ::
dst_as        0
dst_as16      0
dst_as32      0
extended      
flags         0
history       0
hop           1A35:269:1E05:63B:2209:A3F:260D:E43
hopv4         0.0.0.0
hopv6         1A35:269:1E05:63B:2209:A3F:260D:E43
id            0
internal      0
key           0
label         0
labels        
local         0
med           439681639
message       26
mvpn          0
new_state     0
old_state     0
origin        105
originator    0.0.0.0
path          6709
path16        6709
path32        
prefix        1A33:265:1E05:639:2209:A3D:260D:E41/26
prefixv4      0.0.0.0/0
prefixv6      1A33:265:1E05:639:2209:A3D:260D:E41/26
rd_addr       ::
rd_as         0
rd_number     0
rd_type       0
rib_failure   0
safi          1
slot          0
src_addr      1A33:266:1E05:63A:2209:A3E:260D:E42
src_addrv4    0.0.0.0
src_addrv6    1A33:266:1E05:63A:2209:A3E:260D:E42
src_as        6708
src_as16      6708
src_as32      0
stale         0
stamp         2010-12-31+19:00:51
suppressed    0
time          2010-12-31+19:00:51
type          65
unknown       
usec          0
valid         1
weight        0
MESSAGE       0
PART          0

afi           2
agg_addr      0.0.0.0
agg_addrv4    0.0.0.0
agg_addrv6    ::
agg_addr32    0.0.0.0
agg_addr32v4  0.0.0.0
agg_addr32v6  ::
agg_as        0
agg_as16      0
agg_as32      0
atomic        0
best          1
bits          27
bitsv4        0
bitsv6        27
cluster       
community     6967:620
damped        0
dpa_addr      0.0.0.0
dpa_addrv4    0.0.0.0
dpa_addrv6    ::
dpa_as        0
dpa_as16      0
dpa_as32      0
dst_addr      0.0.0.0
dst_addrv4    0.0.0.0
dst_addrv6    ::
dst_as        0
dst_as16      0
dst_as32      0
extended      
flags         0
history       0
hop           1B37:26D:1F05:63D:2309:A41:270D:E45
hopv4         0.0.0.0
hopv6         1B37:26D:1F05:63D:2309:A41:270D:E45
id            0
internal      0
key           0
label         0
labels        
local         0
med           456589931
message       27
mvpn          0
new_state     0
old_state     0
origin        105
originator    0.0.0.0
path          6967
path16        6967
path32        
prefix        1B35:269:1F05:63B:2309:A3F:270D:E43/27
prefixv4      0.0.0.0/0
prefixv6      1B35:269:1F05:63B:2309:A3F:270D:E43/27
rd_addr       ::
rd_as         0
rd_number     0
rd_type       0
rib_failure   0
safi          1
slot          0
src_addr      1B35:26A:1F05:63C:2309:A40:270D:E44
src_addrv4    0.0.0.0
src_addrv6    1B35:26A:1F05:63C:2309:A40:270D:E44
src_as        6966
src_as16      6966
src_as32      0
stale         0
stamp         2010-12-31+19:00:53
suppressed    0
time          2010-12-31+19:00:53
type          65
unknown       
usec          0
valid         1
weight        0
MESSAGE       1
PART          0

afi           2
agg_addr      0.0.0.0
agg_addrv4    0.0.0.0
agg_addrv6    ::
agg_addr32    0.0.0.0
agg_addr32v4  0.0.0.0
agg_addr32v6  ::
agg_as        0
agg_as16      0
agg_as32      0
atomic        0
best          1
bits          28
bitsv4        0
bitsv6        28
cluster       
community     7225:624
damped        0
dpa_addr      0.0.0.0
dpa_addrv4    0.0.0.0
dpa_addrv6    ::
dpa_as        0
dpa_as16      0
dpa_as32      0
dst_addr      0.0.0.0
dst_addrv4    0.0.0.0
dst_addrv6    ::
dst_as        0
dst_as16      0
dst_as32      0
extended      
flags         0
history       0
hop           1C39:271:2005:63F:2409:A43:280D:E47
hopv4         0.0.0.0
hopv6         1C39:271:2005:63F:2409:A43:280D:E47
id            0
internal      0
key           0
label         0
labels        
local         0
med           473498223
message       28
mvpn          0
new_state     0
old_state     0
origin        105
originator    0.0.0.0
path          7225
path16        7225
path32        
prefix        1C37:26D:2005:63D:2409:A41:280D:E45/28
prefixv4      0.0.0.0/0
prefixv6      1C37:26D:2005:63D:2409:A41:280D:E45/28
rd_addr       ::
rd_as         0
rd_number     0
rd_type       0
rib_failure   0
safi          1
slot          0
src_addr      1C37:26E:2005:63E:2409:A42:280D:E46
src_addrv4    0.0.0.0
src_addrv6    1C37:26E:2005:63E:2409:A42:280D:E46
src_as        7224
src_as16      7224
src_as32      0
stale         0
stamp         2010-12-31+19:00:55
suppressed    0
time          2010-12-31+19:00:55
type          65
unknown       
usec          0
valid         1
weight        0
MESSAGE       0
PART          0

afi           2
agg_addr      0.0.0.0
agg_addrv4    0.0.0.0
agg_addrv6    ::
agg_addr32    0.0.0.0
agg_addr32v4  0.0.0.0
agg_addr32v6  ::
agg_as        0
agg_as16      0
agg_as32      0
atomic        0
best          1
bits          29
bitsv4        0
bitsv6        29
cluster       
community     7483:628
damped        0
dpa_addr      0.0.0.0
dpa_addrv4    0.0.0.0
dpa_addrv6    ::
dpa_as        0
dpa_as16      0
dpa_as32      0
dst_addr      0.0.0.0
dst_addrv4    0.0.0.0
dst_addrv6    ::
dst_as        0
dst_as16      0
dst_as32      0
extended      
flags         0
history       0
hop           1D3B:275:2105:641:2509:A45:290D:E49
hopv4         0.0.0.0
hopv6         1D3B:275:2105:641:2509:A45:290D:E49
id            0
internal      0
key           0
label         0
labels        
local         0
med           490406515
message       29
mvpn          0
new_state     0
old_state     0
origin        105
originator    0.0.0.0
path          7483
path16        7483
path32        
prefix        1D39:271:2105:63F:2509:A43:290D:E47/29
prefixv4      0.0.0.0/0
prefixv6      1D39:271:2105:63F:2509:A43:290D:E47/29
rd_addr       ::
rd_as         0
rd_number     0
rd_type       0
rib_failure   0
safi          1
slot          0
src_addr      1D39:272:2105:640:2509:A44:290D:E48
src_addrv4    0.0.0.0
src_addrv6    1D39:272:2105:640:2509:A44:290D:E48
src_as        7482
src_as16      7482
src_as32      0
stale         0
stamp         2010-12-31+19:00:57
suppressed    0
time          2010-12-31+19:00:57
type          65
unknown       
usec          0
valid         1
weight        0
MESSAGE       1
PART          0

afi           2
agg_addr      0.0.0.0
agg_addrv4    0.0.0.0
agg_addrv6    ::
agg_addr32    0.0.0.0
agg_addr32v4  0.0.0.0
agg_addr32v6  ::
agg_as        0
agg_as16      0
agg_as32      0
atomic        0
best          1
bits          30
bitsv4        0
bitsv6        30
cluster       
community     7741:632
damped        0
dpa_addr      0.0.0.0
dpa_addrv4    0.0.0.0
dpa_addrv6    ::
dpa_as        0
dpa_as16      0
dpa_as32      0
dst_addr      0.0.0.0
dst_addrv4    0.0.0.0
dst_addrv6    ::
dst_as        0
dst_as16      0
dst_as32      0
extended      
flags         0
history       0
hop           1E3D:279:2205:643:2609:A47:2A0D:E4B
hopv4         0.0.0.0
hopv6         1E3D:279:2205:643:2609:A47:2A0D:E4B
id            0
internal      0
key           0
label         0
labels        
local         0
med           507314807
message       30
mvpn          0
new_state     0
old_state     0
origin        105
originator    0.0.0.0
path          7741
path16        7741
path32        
prefix        1E3B:275:2205:641:2609:A45:2A0D:E49/30
prefixv4      0.0.0.0/0
prefixv6      1E3B:275:2205:641:2609:A45:2A0D:E49/30
rd_addr       ::
rd_as         0
rd_number     0
rd_type       0
rib_failure   0
safi          1
slot          0
src_addr      1E3B:276:2205:642:2609:A46:2A0D:E4A
src_addrv4    0.0.0.0
src_addrv6    1E3B:276:2205:642:2609:A46:2A0D:E4A
src_as        7740
src_as16      7740
src_as32      0
stale         0
stamp         2010-12-31+19:00:59
suppressed    0
time          2010-12-31+19:00:59
type          65
unknown       
usec          0
valid         1
weight        0
MESSAGE       0
PART          0

afi           2
agg_addr      0.0.0.0
agg_addrv4    0.0.0.0
agg_addrv6    ::
agg_addr32    0.0.0.0
agg_addr32v4  0.0.0.0
agg_addr32v6  ::
agg_as        0
agg_as16      0
agg_as32      0
atomic        0
best          1
bits          31
bitsv4        0
bitsv6        31
cluster       
community     7999:636
damped        0
dpa_addr      0.0.0.0
dpa_addrv4    0.0.0.0
dpa_addrv6    ::
dpa_as        0
dpa_as16      0
dpa_as32      0
dst_addr      0.0.0.0
dst_addrv4    0.0.0.0
dst_addrv6    ::
dst_as        0
dst_as16      0
dst_as32      0
extended      
flags         0
history       0
hop           1F3F:27D:2305:645:2709:A49:2B0D:E4D
hopv4         0.0.0.0
hopv6         1F3F:27D:2305:645:2709:A49:2B0D:E4D
id            0
internal      0
key           0
label         0
labels        
local         0
med           524223099
message       31
mvpn          0
new_state     0
old_state     0
origin        105
originator    0.0.0.0
path          7999
path16        7999
path32        
prefix        1F3D:279:2305:643:2709:A47:2B0D:E4B/31
prefixv4      0.0.0.0/0
prefixv6      1F3D:279:2305:643:2709:A47:2B0D:E4B/31
rd_addr       ::
rd_as         0
rd_number     0
rd_type       0
rib_failure   0
safi          1
slot          0
src_addr      1F3D:27A:2305:644:2709:A48:2B0D:E4C
src_addrv4    0.0.0.0
src_addrv6    1F3D:27A:2305:644:2709:A48:2B0D:E4C
src_as        7998
src_as16      7998
src_as32      0
stale         0
stamp         2010-12-31+19:01:01
suppressed    0
time          2010-12-31+19:01:01
type          65
unknown       
usec          0
valid         1
weight        0
MESSAGE       1
PART          0

afi           2
agg_addr      0.0.0.0
agg_addrv4    0.0.0.0
agg_addrv6    ::
agg_addr32    0.0.0.0
agg_addr32v4  0.0.0.0
agg_addr32v6  ::
agg_as        0
agg_as16      0
agg_as32      0
atomic        0
best          1
bits          32
bitsv4        0
bitsv6        32
cluster       
community     8257:640
damped        0
dpa_addr      0.0.0.0
dpa_addrv4    0.0.0.0
dpa_addrv6    ::
dpa_as        0
dpa_as16      0
dpa_as32      0
dst_addr      0.0.0.0
dst_addrv4    0.0.0.0
dst_addrv6    ::
dst_as        0
dst_as16      0
dst_as32      0
extended      
flags         0
history       0
hop           2041:281:2405:647:2809:A4B:2C0D:E4F
hopv4         0.0.0.0
hopv6         2041:281:2405:647:2809:A4B:2C0D:E4F
id            0
internal      0
key           0
label         0
labels        
local         0
med           541131391
message       32
mvpn          0
new_state     0
old_state     0
origin        105
originator    0.0.0.0
path          8257
path16        8257
path32        
prefix        203F:27D:2405:645:2809:A49:2C0D:E4D/32
prefixv4      0.0.0.0/0
prefixv6      203F:27D:2405:645:2809:A49:2C0D:E4D/32
rd_addr       ::
rd_as         0
rd_number     0
rd_type       0
rib_failure   0
safi          1
slot          0
src_addr      203F:27E:2405:646:2809:A4A:2C0D:E4E
src_addrv4    0.0.0.0
src_addrv6    203F:27E:2405:646:2809:A4A:2C0D:E4E
src_as        8256
src_as16      8256
src_as32      0
stale         0
stamp         2010-12-31+19:01:03
suppressed    0
time          2010-12-31+19:01:03
type          65
unknown       
usec          0
valid         1
weight        0
MESSAGE       0
PART          0

afi           2
agg_addr      0.0.0.0
agg_addrv4    0.0.0.0
agg_addrv6    ::
agg_addr32    0.0.0.0
agg_addr32v4  0.0.0.0
agg_addr32v6  ::
agg_as        0
agg_as16      0
agg_as32      0
atomic        0
best          1
bits          33
bitsv4        0
bitsv6        33
cluster       
community     8515:644
damped        0
dpa_addr      0.0.0.0
dpa_addrv4    0.0.0.0
dpa_addrv6    ::
dpa_as        0
dpa_as16      0
dpa_as32      0
dst_addr      0.0.0.0
dst_addrv4    0.0.0.0
dst_addrv6    ::
dst_as        0
dst_as16      0
dst_as32      0
extended      
flags         0
history       0
hop           2143:285:2505:649:2909:A4D:2D0D:E51
hopv4         0.0.0.0
hopv6         2143:285:2505:649:2909:A4D:2D0D:E51
id            0
internal      0
key           0
label         0
labels        
local         0
med           558039683
message       33
mvpn          0
new_state     0
old_state     0
origin        105
originator    0.0.0.0
path          8515
path16        8515
path32        
prefix        2141:281:2505:647:2909:A4B:2D0D:E4F/33
prefixv4      0.0.0.0/0
prefixv6      2141:281:2505:647:2909:A4B:2D0D:E4F/33
rd_addr       ::
rd_as         0
rd_number     0
rd_type       0
rib_failure   0
safi          1
slot          0
src_addr      2141:282:2505:648:2909:A4C:2D0D:E50
src_addrv4    0.0.0.0
src_addrv6    2141:282:2505:648:2909:A4C:2D0D:E50
src_as        8514
src_as16      8514
src_as32      0
stale         0
stamp         2010-12-31+19:01:05
suppressed    0
time          2010-12-31+19:01:05
type          65
unknown       
usec          0
valid         1
weight        0
MESSAGE       1
PART          0

afi           2
agg_addr      0.0.0.0
agg_addrv4    0.0.0.0
agg_addrv6    ::
agg_addr32    0.0.0.0
agg_addr32v4  0.0.0.0
agg_addr32v6  ::
agg_as        0
agg_as16      0
agg_as32      0
atomic        0
best          1
bits          34
bitsv4        0
bitsv6        34
cluster       
community     8773:648
damped        0
dpa_addr      0.0.0.0
dpa_addrv4    0.0.0.0
dpa_addrv6    ::
dpa_as        0
dpa_as16      0
dpa_as32      0
dst_addr      0.0.0.0
dst_addrv4    0.0.0.0
dst_addrv6    ::
dst_as        0
dst_as16      0
dst_as32      0
extended      
flags         0
history       0
hop           2245:289:2605:64B:2A09:A4F:2E0D:E53
hopv4         0.0.0.0
hopv6         2245:289:2605:64B:2A09:A4F:2E0D:E53
id            0
internal      0
key           0
label         0
labels        
local         0
med           574947975
message       34
mvpn          0
new_state     0
old_state     0
origin        105
originator    0.0.0.0
path          8773
path16        8773
path32        
prefix        2243:285:2605:649:2A09:A4D:2E0D:E51/34
prefixv4      0.0.0.0/0
prefixv6      2243:285:2605:649:2A09:A4D:2E0D:E51/34
rd_addr       ::
rd_as         0
rd_number     0
rd_type       0
rib_failure   0
safi          1
slot          0
src_addr      2243:286:2605:64A:2A09:A4E:2E0D:E52
src_addrv4    0.0.0.0
src_addrv6    2243:286:2605:64A:2A09:A4E:2E0D:E52
src_as        8772
src_as16      8772
src_as32      0
stale         0
stamp         2010-12-31+19:01:07
suppressed    0
time          2010-12-31+19:01:07
type          65
unknown       
usec          0
valid         1
weight        0
MESSAGE       0
PART          0

afi           2
agg_addr      0.0.0.0
agg_addrv4    0.0.0.0
agg_addrv6    ::
agg_addr32    0.0.0.0
agg_addr32v4  0.0.0.0
agg_addr32v6  ::
agg_as        0
agg_as16      0
agg_as32      0
atomic        0
best          1
bits          35
bitsv4        0
bitsv6        35
cluster       
community     9031:652
damped        0
dpa_addr      0.0.0.0
dpa_addrv4    0.0.0.0
dpa_addrv6    ::
dpa_as        0
dpa_as16      0
dpa_as32      0
dst_addr      0.0.0.0
dst_addrv4    0.0.0.0
dst_addrv6    ::
dst_as        0
dst_as16      0
dst_as32      0
extended      
flags         0
history       0
hop           2347:28D:2705:64D:2B09:A51:2F0D:E55
hopv4         0.0.0.0
hopv6         2347:28D:2705:64D:2B09:A51:2F0D:E55
id            0
internal      0
key           0
label         0
labels        
local         0
med           591856267
message       35
mvpn          0
new_state     0
old_state     0
origin        105
originator    0.0.0.0
path          9031
path16        9031
path32        
prefix        2345:289:2705:64B:2B09:A4F:2F0D:E53/35
prefixv4      0.0.0.0/0
prefixv6      2345:289:2705:64B:2B09:A4F:2F0D:E53/35
rd_addr       ::
rd_as         0
rd_number     0
rd_type       0
rib_failure   0
safi          1
slot          0
src_addr      2345:28A:2705:64C:2B09:A50:2F0D:E54
src_addrv4    0.0.0.0
src_addrv6    2345:28A:2705:64C:2B09:A50:2F0D:E54
src_as        9030
src_as16      9030
src_as32      0
stale         0
stamp         2010-12-31+19:01:09
suppressed    0
time          2010-12-31+19:01:09
type          65
unknown       
usec          0
valid         1
weight        0
MESSAGE       1
PART          0

afi           2
agg_addr      0.0.0.0
agg_addrv4    0.0.0.0
agg_addrv6    ::
agg_addr32    0.0.0.0
agg_addr32v4  0.0.0.0
agg_addr32v6  ::
agg_as        0
agg_as16      0
agg_as32      0
atomic        0
best          1
bits          36
bitsv4        0
bitsv6        36
cluster       
community     9289:656
damped        0
dpa_addr      0.0.0.0
dpa_addrv4    0.0.0.0
dpa_addrv6    ::
dpa_as        0
dpa_as16      0
dpa_as32      0
dst_addr      0.0.0.0
dst_addrv4    0.0.0.0
dst_addrv6    ::
dst_as        0
dst_as16      0
dst_as32      0
extended      
flags         0
history       0
hop           2449:291:2805:64F:2C09:A53:300D:E57
hopv4         0.0.0.0
hopv6         2449:291:2805:64F:2C09:A53:300D:E57
id            0
internal      0
key           0
label         0
labels        
local         0
med           608764559
message       36
mvpn          0
new_state     0
old_state     0
origin        105
originator    0.0.0.0
path          9289
path16        9289
path32        
prefix        2447:28D:2805:64D:2C09:A51:300D:E55/36
prefixv4      0.0.0.0/0
prefixv6      2447:28D:2805:64D:2C09:A51:300D:E55/36
rd_addr       ::
rd_as         0
rd_number     0
rd_type       0
rib_failure   0
safi          1
slot          0
src_addr      2447:28E:2805:64E:2C09:A52:300D:E56
src_addrv4    0.0.0.0
src_addrv6    2447:28E:2805:64E:2C09:A52:300D:E56
src_as        9288
src_as16      9288
src_as32      0
stale         0
stamp         2010-12-31+19:01:11
suppressed    0
time          2010-12-31+19:01:11
type          65
unknown       
usec          0
valid         1
weight        0
MESSAGE       0
PART          0

afi           2
agg_addr      0.0.0.0
agg_addrv4    0.0.0.0
agg_addrv6    ::
agg_addr32    0.0.0.0
agg_addr32v4  0.0.0.0
agg_addr32v6  ::
agg_as        0
agg_as16      0
agg_as32      0
atomic        0
best          1
bits          37
bitsv4        0
bitsv6        37
cluster       
community     9547:660
damped        0
dpa_addr      0.0.0.0
dpa_addrv4    0.0.0.0
dpa_addrv6    ::
dpa_as        0
dpa_as16      0
dpa_as32      0
dst_addr      0.0.0.0
dst_addrv4    0.0.0.0
dst_addrv6    ::
dst_as        0
dst_as16      0
dst_as32      0
extended      
flags         0
history       0
hop           254B:295:2905:651:2D09:A55:310D:E59
hopv4         0.0.0.0
hopv6         254B:295:2905:651:2D09:A55:310D:E59
id            0
internal      0
key           0
label         0
labels        
local         0
med           625672851
message       37
mvpn          0
new_state     0
old_state     0
origin        105
originator    0.0.0.0
path          9547
path16        9547
path32        
prefix        2549:291:2905:64F:2D09:A53:310D:E57/37
prefixv4      0.0.0.0/0
prefixv6      2549:291:2905:64F:2D09:A53:310D:E57/37
rd_addr       ::
rd_as         0
rd_number     0
rd_type       0
rib_failure   0
safi          1
slot          0
src_addr      2549:292:2905:650:2D09:A54:310D:E58
src_addrv4    0.0.0.0
src_addrv6    2549:292:2905:650:2D09:A54:310D:E58
src_as        9546
src_as16      9546
src_as32      0
stale         0
stamp         2010-12-31+19:01:13
suppressed    0
time          2010-12-31+19:01:13
type          65
unknown       
usec          0
valid         1
weight        0
MESSAGE       1
PART          0

afi           2
agg_addr      0.0.0.0
agg_addrv4    0.0.0.0
agg_addrv6    ::
agg_addr32    0.0.0.0
agg_addr32v4  0.0.0.0
agg_addr32v6  ::
agg_as        0
agg_as16      0
agg_as32      0
atomic        0
best          1
bits          38
bitsv4        0
bitsv6        38
cluster       
community     9805:664
damped        0
dpa_addr      0.0.0.0
dpa_addrv4    0.0.0.0
dpa_addrv6    ::
dpa_as        0
dpa_as16      0
dpa_as32      0
dst_addr      0.0.0.0
dst_addrv4    0.0.0.0
dst_addrv6    ::
dst_as        0
dst_as16      0
dst_as32      0
extended      
flags         0
history       0
hop           264D:299:2A05:653:2E09:A57:320D:E5B
hopv4         0.0.0.0
hopv6         264D:299:2A05:653:2E09:A57:320D:E5B
id            0
internal      0
key           0
label         0
labels        
local         0
med           642581143
message       38
mvpn          0
new_state     0
old_state     0
origin        105
originator    0.0.0.0
path          9805
path16        9805
path32        
prefix        264B:295:2A05:651:2E09:A55:320D:E59/38
prefixv4      0.0.0.0/0
prefixv6      264B:295:2A05:651:2E09:A55:320D:E59/38
rd_addr       ::
rd_as         0
rd_number     0
rd_type       0
rib_failure   0
safi          1
slot          0
src_addr      264B:296:2A05:652:2E09:A56:320D:E5A
src_addrv4    0.0.0.0
src_addrv6    264B:296:2A05:652:2E09:A56:320D:E5A
src_as        9804
src_as16      9804
src_as32      0
stale         0
stamp         2010-12-31+19:01:15
suppressed    0
time          2010-12-31+19:01:15
type          65
unknown       
usec          0
valid         1
weight        0
MESSAGE       0
PART          0

afi           2
agg_addr      0.0.0.0
agg_addrv4    0.0.0.0
agg_addrv6    ::
agg_addr32    0.0.0.0
agg_addr32v4  0.0.0.0
agg_addr32v6  ::
agg_as        0
agg_as16      0
agg_as32      0
atomic        0
best          1
bits          39
bitsv4        0
bitsv6        39
cluster       
community     10063:668
damped        0
dpa_addr      0.0.0.0
dpa_addrv4    0.0.0.0
dpa_addrv6    ::
dpa_as        0
dpa_as16      0
dpa_as32      0
dst_addr      0.0.0.0
dst_addrv4    0.0.0.0
dst_addrv6    ::
dst_as        0
dst_as16      0
dst_as32      0
extended      
flags         0
history       0
hop           274F:29D:2B05:655:2F09:A59:330D:E5D
hopv4         0.0.0.0
hopv6         274F:29D:2B05:655:2F09:A59:330D:E5D
id            0
internal      0
key           0
label         0
labels        
local         0
med           659489435
message       39
mvpn          0
new_state     0
old_state     0
origin        105
originator    0.0.0.0
path          10063
path16        10063
path32        
prefix        274D:299:2B05:653:2F09:A57:330D:E5B/39
prefixv4      0.0.0.0/0
prefixv6      274D:299:2B05:653:2F09:A57:330D:E5B/39
rd_addr       ::
rd_as         0
rd_number     0
rd_type       0
rib_failure   0
safi          1
slot          0
src_addr      274D:29A:2B05:654:2F09:A58:330D:E5C
src_addrv4    0.0.0.0
src_addrv6    274D:29A:2B05:654:2F09:A58:330D:E5C
src_as        10062
src_as16      10062
src_as32      0
stale         0
stamp         2010-12-31+19:01:17
suppressed    0
time          2010-12-31+19:01:17
type          65
unknown       
usec          0
valid         1
weight        0
MESSAGE       1
PART          0
