afi           1
dst_addrv4    0.3.2.5
dst_as16      3
message       1
origin        48
safi          1
src_addrv4    0.3.2.4
src_as16      2
stamp         2010-12-31+19:00:00
time          2010-12-31+19:00:00
type          75
MESSAGE       1

afi           2
best          1
bits          64
bitsv6        64
cluster       0.6.2.12,0.6.2.13
dst_addrv4    0.5.2.7
dst_as16      5
extended      0:6:2:10:4:5:6:8
hopv6         6:20E:405:609:809:A0C:C0D:E10
label         142
labels        142:1
local         393737
med           393736
message       2
origin        63
originator    0.6.2.11
path32        397660
prefixv6      102:304:506:708::/64
rd            ( as16=9 number=590351 )
safi          128
src_addrv4    0.5.2.6
src_as16      4
stamp         2010-12-31+19:00:01
time          2010-12-31+19:00:01
type          65
valid         1

afi           2
best          1
bits          64
bitsv6        64
dst_addrv4    8.11.2.17
dst_as16      2059
label         32976
labels        32976:0
message       3
origin        48
prefixv6      90A:B0C:D0E:F10::/64
rd            ( as16=2062 number=135135762 )
safi          128
src_addrv4    8.11.2.16
src_as16      2058
stamp         2010-12-31+19:00:02
time          2010-12-31+19:00:02
type          87
valid         1
MESSAGE       1

afi           2
best          1
bits          64
bitsv6        64
dst_addrv4    16.16.2.20
dst_as16      4112
label         65824
labels        65824:0
message       4
origin        48
prefixv6      1112:1314:1516:1718::/64
rd            ( as16=4115 number=269681173 )
safi          128
src_addrv4    16.16.2.19
src_as16      4111
stamp         2010-12-31+19:00:03
time          2010-12-31+19:00:03
type          87
valid         1

afi           2
best          1
bits          64
bitsv6        64
dst_addrv4    24.21.2.23
dst_as16      6165
label         98672
labels        98672:0
message       5
origin        48
prefixv6      191A:1B1C:1D1E:1F20::/64
rd            ( as16=6168 number=404226584 )
safi          128
src_addrv4    24.21.2.22
src_as16      6164
stamp         2010-12-31+19:00:04
time          2010-12-31+19:00:04
type          87
valid         1
MESSAGE       1

afi           2
best          1
bits          64
bitsv6        64
dst_addrv4    24.21.2.23
dst_as16      6165
label         131488
labels        131488:0
message       5
origin        48
prefixv6      2122:2324:2526:2728::/64
rd            ( as16=8219 number=538640921 )
safi          128
src_addrv4    24.21.2.22
src_as16      6164
stamp         2010-12-31+19:00:04
time          2010-12-31+19:00:04
type          87
valid         1
MESSAGE       1
PART          1

afi           2
best          1
bits          64
bitsv6        64
dst_addrv4    24.21.2.23
dst_as16      6165
label         164304
labels        164304:0
message       5
origin        48
prefixv6      292A:2B2C:2D2E:2F30::/64
rd            ( as16=10270 number=673055258 )
safi          128
src_addrv4    24.21.2.22
src_as16      6164
stamp         2010-12-31+19:00:04
time          2010-12-31+19:00:04
type          87
valid         1
MESSAGE       1
PART          1

afi           2
best          1
bits          64
bitsv6        64
dst_addrv4    24.21.2.23
dst_as16      6165
label         197120
labels        197120:0
message       5
origin        48
prefixv6      3132:3334:3536:3738::/64
rd            ( as16=12321 number=807469595 )
safi          128
src_addrv4    24.21.2.22
src_as16      6164
stamp         2010-12-31+19:00:04
time          2010-12-31+19:00:04
type          87
valid         1
MESSAGE       1
PART          1

afi           2
best          1
bits          64
bitsv6        64
dst_addrv4    24.21.2.23
dst_as16      6165
label         229936
labels        229936:0
message       5
origin        48
prefixv6      393A:3B3C:3D3E:3F40::/64
rd            ( as16=14372 number=941883932 )
safi          128
src_addrv4    24.21.2.22
src_as16      6164
stamp         2010-12-31+19:00:04
time          2010-12-31+19:00:04
type          87
valid         1
MESSAGE       1
PART          1

afi           2
best          1
bits          64
bitsv6        64
dst_addrv4    24.21.2.23
dst_as16      6165
label         262752
labels        262752:0
message       5
origin        48
prefixv6      4142:4344:4546:4748::/64
rd            ( as16=16423 number=1076298269 )
safi          128
src_addrv4    24.21.2.22
src_as16      6164
stamp         2010-12-31+19:00:04
time          2010-12-31+19:00:04
type          87
valid         1
MESSAGE       1
PART          1

afi           2
best          1
bits          64
bitsv6        64
dst_addrv4    24.21.2.23
dst_as16      6165
label         295568
labels        295568:0
message       5
origin        48
prefixv6      494A:4B4C:4D4E:4F50::/64
rd            ( as16=18474 number=1210712606 )
safi          128
src_addrv4    24.21.2.22
src_as16      6164
stamp         2010-12-31+19:00:04
time          2010-12-31+19:00:04
type          87
valid         1
MESSAGE       1
PART          1

afi           2
best          1
bits          64
bitsv6        64
dst_addrv4    24.21.2.23
dst_as16      6165
label         328384
labels        328384:0
message       5
origin        48
prefixv6      5152:5354:5556:5758::/64
rd            ( as16=20525 number=1345126943 )
safi          128
src_addrv4    24.21.2.22
src_as16      6164
stamp         2010-12-31+19:00:04
time          2010-12-31+19:00:04
type          87
valid         1
MESSAGE       1
PART          1

afi           2
best          1
bits          64
bitsv6        64
dst_addrv4    24.21.2.23
dst_as16      6165
label         361200
labels        361200:0
message       5
origin        48
prefixv6      595A:5B5C:5D5E:5F60::/64
rd            ( as16=22576 number=1479541280 )
safi          128
src_addrv4    24.21.2.22
src_as16      6164
stamp         2010-12-31+19:00:04
time          2010-12-31+19:00:04
type          87
valid         1
MESSAGE       1
PART          1

afi           2
best          1
bits          64
bitsv6        64
dst_addrv4    24.21.2.23
dst_as16      6165
label         394016
labels        394016:0
message       5
origin        48
prefixv6      6162:6364:6566:6768::/64
rd            ( as16=24627 number=1613955617 )
safi          128
src_addrv4    24.21.2.22
src_as16      6164
stamp         2010-12-31+19:00:04
time          2010-12-31+19:00:04
type          87
valid         1
MESSAGE       1
PART          1

afi           2
best          1
bits          64
bitsv6        64
dst_addrv4    24.21.2.23
dst_as16      6165
label         426832
labels        426832:0
message       5
origin        48
prefixv6      696A:6B6C:6D6E:6F70::/64
rd            ( as16=26678 number=1748369954 )
safi          128
src_addrv4    24.21.2.22
src_as16      6164
stamp         2010-12-31+19:00:04
time          2010-12-31+19:00:04
type          87
valid         1
MESSAGE       1
PART          1

afi           2
best          1
bits          64
bitsv6        64
cluster       112.57.2.40,112.57.2.41
dst_addrv4    112.56.2.36
dst_as16      28728
extended      112:57:2:38:4:5:6:10
hopv6         7039:22A:405:60B:809:A0D:C0D:E11
label         459708
labels        459708:1
local         1882784293
message       6
origin        105
originator    112.57.2.39
path32        1882783854
prefixv6      7172:7374:7576:7778::/64
rd            ( as16=28732 number=1882980907 )
safi          128
src_addrv4    112.56.2.35
src_as16      28727
stamp         2010-12-31+19:00:05
time          2010-12-31+19:00:05
type          65
valid         1

afi           2
best          1
bits          64
bitsv6        64
cluster       112.57.2.40,112.57.2.41
dst_addrv4    112.56.2.36
dst_as16      28728
extended      112:57:2:38:4:5:6:10
hopv6         7039:22A:405:60B:809:A0D:C0D:E11
label         492525
labels        492525:1
local         1882784293
message       6
origin        105
originator    112.57.2.39
path32        1882783854
prefixv6      797A:7B7C:7D7E:7F80::/64
rd            ( as16=30783 number=2017395244 )
safi          128
src_addrv4    112.56.2.35
src_as16      28727
stamp         2010-12-31+19:00:05
time          2010-12-31+19:00:05
type          65
valid         1
PART          1

afi           2
best          1
bits          64
bitsv6        64
cluster       112.57.2.40,112.57.2.41
dst_addrv4    112.56.2.36
dst_as16      28728
extended      112:57:2:38:4:5:6:10
hopv6         7039:22A:405:60B:809:A0D:C0D:E11
label         525342
labels        525342:1
local         1882784293
message       6
origin        105
originator    112.57.2.39
path32        1882783854
prefixv6      8182:8384:8586:8788::/64
rd            ( as16=32834 number=2151809581 )
safi          128
src_addrv4    112.56.2.35
src_as16      28727
stamp         2010-12-31+19:00:05
time          2010-12-31+19:00:05
type          65
valid         1
PART          1

afi           2
best          1
bits          64
bitsv6        64
cluster       112.57.2.40,112.57.2.41
dst_addrv4    112.56.2.36
dst_as16      28728
extended      112:57:2:38:4:5:6:10
hopv6         7039:22A:405:60B:809:A0D:C0D:E11
label         558159
labels        558159:1
local         1882784293
message       6
origin        105
originator    112.57.2.39
path32        1882783854
prefixv6      898A:8B8C:8D8E:8F90::/64
rd            ( as16=34885 number=2286223918 )
safi          128
src_addrv4    112.56.2.35
src_as16      28727
stamp         2010-12-31+19:00:05
time          2010-12-31+19:00:05
type          65
valid         1
PART          1

afi           2
best          1
bits          64
bitsv6        64
cluster       112.57.2.40,112.57.2.41
dst_addrv4    112.56.2.36
dst_as16      28728
extended      112:57:2:38:4:5:6:10
hopv6         7039:22A:405:60B:809:A0D:C0D:E11
label         590960
labels        590960:1
local         1882784293
message       6
origin        105
originator    112.57.2.39
path32        1882783854
prefixv6      9192:9394:9596:9798::/64
rd            ( as16=36936 number=2420638255 )
safi          128
src_addrv4    112.56.2.35
src_as16      28727
stamp         2010-12-31+19:00:05
time          2010-12-31+19:00:05
type          65
valid         1
PART          1

afi           2
best          1
bits          64
bitsv6        64
cluster       112.57.2.40,112.57.2.41
dst_addrv4    112.56.2.36
dst_as16      28728
extended      112:57:2:38:4:5:6:10
hopv6         7039:22A:405:60B:809:A0D:C0D:E11
label         623787
labels        623787:1
local         1882784293
message       6
origin        105
originator    112.57.2.39
path32        1882783854
prefixv6      999A:9B9C:9D9E:9FA0::/64
rd            ( as16=38987 number=2555052592 )
safi          128
src_addrv4    112.56.2.35
src_as16      28727
stamp         2010-12-31+19:00:05
time          2010-12-31+19:00:05
type          65
valid         1
PART          1

afi           2
best          1
bits          64
bitsv6        64
cluster       112.57.2.40,112.57.2.41
dst_addrv4    112.56.2.36
dst_as16      28728
extended      112:57:2:38:4:5:6:10
hopv6         7039:22A:405:60B:809:A0D:C0D:E11
label         656593
labels        656593:1
local         1882784293
message       6
origin        105
originator    112.57.2.39
path32        1882783854
prefixv6      A1A2:A3A4:A5A6:A7A8::/64
rd            ( as16=41038 number=2689466929 )
safi          128
src_addrv4    112.56.2.35
src_as16      28727
stamp         2010-12-31+19:00:05
time          2010-12-31+19:00:05
type          65
valid         1
PART          1

afi           2
best          1
bits          64
bitsv6        64
cluster       112.57.2.40,112.57.2.41
dst_addrv4    112.56.2.36
dst_as16      28728
extended      112:57:2:38:4:5:6:10
hopv6         7039:22A:405:60B:809:A0D:C0D:E11
label         689410
labels        689410:1
local         1882784293
message       6
origin        105
originator    112.57.2.39
path32        1882783854
prefixv6      A9AA:ABAC:ADAE:AFB0::/64
rd            ( as16=43089 number=2823881266 )
safi          128
src_addrv4    112.56.2.35
src_as16      28727
stamp         2010-12-31+19:00:05
time          2010-12-31+19:00:05
type          65
valid         1
PART          1

afi           2
best          1
bits          64
bitsv6        64
cluster       112.57.2.40,112.57.2.41
dst_addrv4    112.56.2.36
dst_as16      28728
extended      112:57:2:38:4:5:6:10
hopv6         7039:22A:405:60B:809:A0D:C0D:E11
label         722227
labels        722227:1
local         1882784293
message       6
origin        105
originator    112.57.2.39
path32        1882783854
prefixv6      B1B2:B3B4:B5B6:B7B8::/64
rd            ( as16=45140 number=2958295603 )
safi          128
src_addrv4    112.56.2.35
src_as16      28727
stamp         2010-12-31+19:00:05
time          2010-12-31+19:00:05
type          65
valid         1
PART          1

afi           2
best          1
bits          64
bitsv6        64
cluster       112.57.2.40,112.57.2.41
dst_addrv4    112.56.2.36
dst_as16      28728
extended      112:57:2:38:4:5:6:10
hopv6         7039:22A:405:60B:809:A0D:C0D:E11
label         755044
labels        755044:1
local         1882784293
message       6
origin        105
originator    112.57.2.39
path32        1882783854
prefixv6      B9BA:BBBC:BDBE:BFC0::/64
rd            ( as16=47191 number=3092709940 )
safi          128
src_addrv4    112.56.2.35
src_as16      28727
stamp         2010-12-31+19:00:05
time          2010-12-31+19:00:05
type          65
valid         1
PART          1

afi           2
best          1
bits          64
bitsv6        64
cluster       192.89.2.59,192.89.2.60
dst_addrv4    192.89.2.54
dst_as16      49241
extended      192:89:2:57:4:5:6:12
hopv6         C059:23D:405:60D:809:A0E:C0D:E12
label         787895
labels        787895:1
local         3227058744
med           3227058743
message       7
origin        63
originator    192.89.2.58
prefixv6      C1C2:C3C4:C5C6:C7C8::/64
rd            ( as16=49244 number=3227255358 )
safi          128
src_addrv4    192.89.2.53
src_as16      49240
stamp         2010-12-31+19:00:06
time          2010-12-31+19:00:06
type          65
valid         1
MESSAGE       1

afi           2
best          1
bits          64
bitsv6        64
cluster       200.94.2.69,200.94.2.70
dst_addrv4    200.94.2.64
dst_as16      51294
extended      200:94:2:67:4:5:6:14
hopv6         C85E:247:405:60F:809:A0F:C0D:E13
label         820744
labels        820744:1
local         3361604162
med           3361604161
message       8
origin        63
originator    200.94.2.68
prefixv6      C9CA:CBCC:CDCE:CFD0::/64
rd            ( as16=51297 number=3361800776 )
safi          128
src_addrv4    200.94.2.63
src_as16      51293
stamp         2010-12-31+19:00:07
time          2010-12-31+19:00:07
type          65
valid         1

afi           2
best          1
bits          64
bitsv6        64
cluster       208.99.2.79,208.99.2.80
dst_addrv4    208.99.2.74
dst_as16      53347
extended      208:99:2:77:4:5:6:16
hopv6         D063:251:405:611:809:A10:C0D:E14
label         853587
labels        853587:1
local         3496149580
med           3496149579
message       9
origin        63
originator    208.99.2.78
prefixv6      D1D2:D3D4:D5D6:D7D8::/64
rd            ( as16=53350 number=3496346194 )
safi          128
src_addrv4    208.99.2.73
src_as16      53346
stamp         2010-12-31+19:00:08
time          2010-12-31+19:00:08
type          65
valid         1
MESSAGE       1

afi           1
dst_addrv4    216.104.2.84
dst_as16      55400
message       10
origin        48
safi          1
src_addrv4    216.104.2.83
src_as16      55399
stamp         2010-12-31+19:00:09
time          2010-12-31+19:00:09
type          75

afi           2
best          1
bits          64
bitsv6        64
cluster       216.106.2.91
dst_addrv4    216.106.2.86
dst_as16      55402
extended      216:106:2:89:4:5:6:18
hopv6         D86A:25C:405:613:809:A11:C0D:E15
label         886477
labels        886477:1
local         3630826072
med           3630826071
message       11
origin        63
originator    216.106.2.90
prefixv6      D9DA:DBDC:DDDE:DFE0::/64
rd            ( as16=55405 number=3631022685 )
safi          128
src_addrv4    216.106.2.85
src_as16      55401
stamp         2010-12-31+19:00:10
time          2010-12-31+19:00:10
type          65
valid         1
MESSAGE       1

afi           2
best          1
bits          64
bitsv6        64
cluster       224.111.2.100
dst_addrv4    224.111.2.95
dst_as16      57455
extended      224:111:2:98:4:5:6:20
hopv6         E06F:265:405:615:809:A12:C0D:E16
label         919326
labels        919326:1
local         3765371489
med           3765371488
message       12
origin        63
originator    224.111.2.99
prefixv6      E1E2:E3E4:E5E6:E7E8::/64
rd            ( as16=57458 number=3765568102 )
safi          128
src_addrv4    224.111.2.94
src_as16      57454
stamp         2010-12-31+19:00:11
time          2010-12-31+19:00:11
type          65
valid         1

afi           2
best          1
bits          64
bitsv6        64
cluster       232.116.2.109
dst_addrv4    232.116.2.104
dst_as16      59508
extended      232:116:2:107:4:5:6:22
hopv6         E874:26E:405:617:809:A13:C0D:E17
label         952160
labels        952160:1
local         3899916906
med           3899916905
message       13
origin        63
originator    232.116.2.108
prefixv6      E9EA:EBEC:EDEE:EFF0::/64
rd            ( as16=59511 number=3900113519 )
safi          128
src_addrv4    232.116.2.103
src_as16      59507
stamp         2010-12-31+19:00:12
time          2010-12-31+19:00:12
type          65
valid         1
MESSAGE       1

afi           2
best          1
bits          64
bitsv6        64
cluster       240.121.2.118
dst_addrv4    240.121.2.113
dst_as16      61561
extended      240:121:2:116:4:5:6:24
hopv6         F079:277:405:619:809:A14:C0D:E18
label         985023
labels        985023:1
local         4034462323
med           4034462322
message       14
origin        63
originator    240.121.2.117
prefixv6      F1F2:F3F4:F5F6:F7F8::/64
rd            ( as16=61564 number=4034658936 )
safi          128
src_addrv4    240.121.2.112
src_as16      61560
stamp         2010-12-31+19:00:13
time          2010-12-31+19:00:13
type          65
valid         1

afi           2
best          1
bits          64
bitsv6        64
cluster       248.126.2.127
dst_addrv4    248.126.2.122
dst_as16      63614
extended      248:126:2:125:4:5:6:26
hopv6         67E:280:405:61B:809:A15:C0D:E19
label         26634
labels        26634:1
local         4169007740
med           4169007739
message       15
origin        63
originator    248.126.2.126
prefixv6      708:90A:B0C:D0E::/64
rd            ( as16=1665 number=109118081 )
safi          128
src_addrv4    248.126.2.121
src_as16      63613
stamp         2010-12-31+19:00:14
time          2010-12-31+19:00:14
type          65
unknown       0xe0:20:14:0xf9fafbfcfdfeff00010203040506;
valid         1
MESSAGE       1

afi           2
best          1
bits          64
bitsv6        64
cluster       248.126.2.127
dst_addrv4    248.126.2.122
dst_as16      63614
extended      248:126:2:125:4:5:6:26
hopv6         67E:280:405:61B:809:A15:C0D:E19
label         59450
labels        59450:1
local         4169007740
med           4169007739
message       15
origin        63
originator    248.126.2.126
prefixv6      F10:1112:1314:1516::/64
rd            ( as16=3716 number=243532418 )
safi          128
src_addrv4    248.126.2.121
src_as16      63613
stamp         2010-12-31+19:00:14
time          2010-12-31+19:00:14
type          65
unknown       0xe0:20:14:0xf9fafbfcfdfeff00010203040506;
valid         1
MESSAGE       1
PART          1

afi           2
best          1
bits          64
bitsv6        64
cluster       248.126.2.127
dst_addrv4    248.126.2.122
dst_as16      63614
extended      248:126:2:125:4:5:6:26
hopv6         67E:280:405:61B:809:A15:C0D:E19
label         92266
labels        92266:1
local         4169007740
med           4169007739
message       15
origin        63
originator    248.126.2.126
prefixv6      1718:191A:1B1C:1D1E::/64
rd            ( as16=5767 number=377946755 )
safi          128
src_addrv4    248.126.2.121
src_as16      63613
stamp         2010-12-31+19:00:14
time          2010-12-31+19:00:14
type          65
unknown       0xe0:20:14:0xf9fafbfcfdfeff00010203040506;
valid         1
MESSAGE       1
PART          1

afi           2
best          1
bits          64
bitsv6        64
cluster       248.126.2.127
dst_addrv4    248.126.2.122
dst_as16      63614
extended      248:126:2:125:4:5:6:26
hopv6         67E:280:405:61B:809:A15:C0D:E19
label         125082
labels        125082:1
local         4169007740
med           4169007739
message       15
origin        63
originator    248.126.2.126
prefixv6      1F20:2122:2324:2526::/64
rd            ( as16=7818 number=512361092 )
safi          128
src_addrv4    248.126.2.121
src_as16      63613
stamp         2010-12-31+19:00:14
time          2010-12-31+19:00:14
type          65
unknown       0xe0:20:14:0xf9fafbfcfdfeff00010203040506;
valid         1
MESSAGE       1
PART          1

afi           2
best          1
bits          64
bitsv6        64
cluster       248.126.2.127
dst_addrv4    248.126.2.122
dst_as16      63614
extended      248:126:2:125:4:5:6:26
hopv6         67E:280:405:61B:809:A15:C0D:E19
label         157898
labels        157898:1
local         4169007740
med           4169007739
message       15
origin        63
originator    248.126.2.126
prefixv6      2728:292A:2B2C:2D2E::/64
rd            ( as16=9869 number=646775429 )
safi          128
src_addrv4    248.126.2.121
src_as16      63613
stamp         2010-12-31+19:00:14
time          2010-12-31+19:00:14
type          65
unknown       0xe0:20:14:0xf9fafbfcfdfeff00010203040506;
valid         1
MESSAGE       1
PART          1

afi           2
best          1
bits          64
bitsv6        64
cluster       248.126.2.127
dst_addrv4    248.126.2.122
dst_as16      63614
extended      248:126:2:125:4:5:6:26
hopv6         67E:280:405:61B:809:A15:C0D:E19
label         190714
labels        190714:1
local         4169007740
med           4169007739
message       15
origin        63
originator    248.126.2.126
prefixv6      2F30:3132:3334:3536::/64
rd            ( as16=11920 number=781189766 )
safi          128
src_addrv4    248.126.2.121
src_as16      63613
stamp         2010-12-31+19:00:14
time          2010-12-31+19:00:14
type          65
unknown       0xe0:20:14:0xf9fafbfcfdfeff00010203040506;
valid         1
MESSAGE       1
PART          1

afi           2
best          1
bits          64
bitsv6        64
cluster       248.126.2.127
dst_addrv4    248.126.2.122
dst_as16      63614
extended      248:126:2:125:4:5:6:26
hopv6         67E:280:405:61B:809:A15:C0D:E19
label         223530
labels        223530:1
local         4169007740
med           4169007739
message       15
origin        63
originator    248.126.2.126
prefixv6      3738:393A:3B3C:3D3E::/64
rd            ( as16=13971 number=915604103 )
safi          128
src_addrv4    248.126.2.121
src_as16      63613
stamp         2010-12-31+19:00:14
time          2010-12-31+19:00:14
type          65
unknown       0xe0:20:14:0xf9fafbfcfdfeff00010203040506;
valid         1
MESSAGE       1
PART          1

afi           2
best          1
bits          64
bitsv6        64
cluster       248.126.2.127
dst_addrv4    248.126.2.122
dst_as16      63614
extended      248:126:2:125:4:5:6:26
hopv6         67E:280:405:61B:809:A15:C0D:E19
label         256346
labels        256346:1
local         4169007740
med           4169007739
message       15
origin        63
originator    248.126.2.126
prefixv6      3F40:4142:4344:4546::/64
rd            ( as16=16022 number=1050018440 )
safi          128
src_addrv4    248.126.2.121
src_as16      63613
stamp         2010-12-31+19:00:14
time          2010-12-31+19:00:14
type          65
unknown       0xe0:20:14:0xf9fafbfcfdfeff00010203040506;
valid         1
MESSAGE       1
PART          1

afi           2
best          1
bits          64
bitsv6        64
cluster       248.126.2.127
dst_addrv4    248.126.2.122
dst_as16      63614
extended      248:126:2:125:4:5:6:26
hopv6         67E:280:405:61B:809:A15:C0D:E19
label         289162
labels        289162:1
local         4169007740
med           4169007739
message       15
origin        63
originator    248.126.2.126
prefixv6      4748:494A:4B4C:4D4E::/64
rd            ( as16=18073 number=1184432777 )
safi          128
src_addrv4    248.126.2.121
src_as16      63613
stamp         2010-12-31+19:00:14
time          2010-12-31+19:00:14
type          65
unknown       0xe0:20:14:0xf9fafbfcfdfeff00010203040506;
valid         1
MESSAGE       1
PART          1

afi           2
best          1
bits          64
bitsv6        64
cluster       248.126.2.127
dst_addrv4    248.126.2.122
dst_as16      63614
extended      248:126:2:125:4:5:6:26
hopv6         67E:280:405:61B:809:A15:C0D:E19
label         321978
labels        321978:1
local         4169007740
med           4169007739
message       15
origin        63
originator    248.126.2.126
prefixv6      4F50:5152:5354:5556::/64
rd            ( as16=20124 number=1318847114 )
safi          128
src_addrv4    248.126.2.121
src_as16      63613
stamp         2010-12-31+19:00:14
time          2010-12-31+19:00:14
type          65
unknown       0xe0:20:14:0xf9fafbfcfdfeff00010203040506;
valid         1
MESSAGE       1
PART          1

afi           2
best          1
bits          64
bitsv6        64
cluster       86.158.2.145
dst_addrv4    86.158.2.140
dst_as16      22174
extended      86:158:2:143:4:5:6:28
hopv6         569E:292:405:61D:809:A16:C0D:E1A
label         354825
labels        354825:1
local         1453195918
med           1453195917
message       16
origin        63
originator    86.158.2.144
prefixv6      5758:595A:5B5C:5D5E::/64
rd            ( as16=22177 number=1453392531 )
safi          128
src_addrv4    86.158.2.139
src_as16      22173
stamp         2010-12-31+19:00:15
time          2010-12-31+19:00:15
type          65
valid         1

afi           2
best          1
bits          64
bitsv6        64
cluster       94.163.2.154
dst_addrv4    94.163.2.149
dst_as16      24227
extended      94:163:2:152:4:5:6:30
hopv6         5EA3:29B:405:61F:809:A17:C0D:E1B
label         387676
labels        387676:1
local         1587741335
med           1587741334
message       17
origin        63
originator    94.163.2.153
prefixv6      5F60:6162:6364:6566::/64
rd            ( as16=24230 number=1587937948 )
safi          128
src_addrv4    94.163.2.148
src_as16      24226
stamp         2010-12-31+19:00:16
time          2010-12-31+19:00:16
type          65
valid         1
MESSAGE       1

afi           2
best          1
bits          64
bitsv6        64
cluster       94.163.2.154
dst_addrv4    94.163.2.149
dst_as16      24227
extended      94:163:2:152:4:5:6:30
hopv6         5EA3:29B:405:61F:809:A17:C0D:E1B
label         420492
labels        420492:1
local         1587741335
med           1587741334
message       17
origin        63
originator    94.163.2.153
prefixv6      6768:696A:6B6C:6D6E::/64
rd            ( as16=26281 number=1722352285 )
safi          128
src_addrv4    94.163.2.148
src_as16      24226
stamp         2010-12-31+19:00:16
time          2010-12-31+19:00:16
type          65
valid         1
MESSAGE       1
PART          1

afi           2
best          1
bits          64
bitsv6        64
cluster       110.171.2.164
dst_addrv4    110.171.2.159
dst_as16      28331
extended      110:171:2:162:4:5:6:32
hopv6         6EAB:2A5:405:621:809:A18:C0D:E1C
label         453339
labels        453339:1
local         1856701089
med           1856701088
message       18
origin        63
originator    110.171.2.163
prefixv6      6F70:7172:7374:7576::/64
rd            ( as16=28334 number=1856897702 )
safi          128
src_addrv4    110.171.2.158
src_as16      28330
stamp         2010-12-31+19:00:17
time          2010-12-31+19:00:17
type          65
valid         1

afi           2
best          1
bits          64
bitsv6        64
cluster       110.171.2.164
dst_addrv4    110.171.2.159
dst_as16      28331
extended      110:171:2:162:4:5:6:32
hopv6         6EAB:2A5:405:621:809:A18:C0D:E1C
label         486155
labels        486155:1
local         1856701089
med           1856701088
message       18
origin        63
originator    110.171.2.163
prefixv6      7778:797A:7B7C:7D7E::/64
rd            ( as16=30385 number=1991312039 )
safi          128
src_addrv4    110.171.2.158
src_as16      28330
stamp         2010-12-31+19:00:17
time          2010-12-31+19:00:17
type          65
valid         1
PART          1

afi           2
best          1
bits          64
bitsv6        64
cluster       126.179.2.174
dst_addrv4    126.179.2.169
dst_as16      32435
extended      126:179:2:172:4:5:6:34
hopv6         7EB3:2AF:405:623:809:A19:C0D:E1D
label         518993
labels        518993:1
local         2125660843
med           2125660842
message       19
origin        63
originator    126.179.2.173
prefixv6      7F80:8182:8384:8586::/64
rd            ( as16=32438 number=2125857456 )
safi          128
src_addrv4    126.179.2.168
src_as16      32434
stamp         2010-12-31+19:00:18
time          2010-12-31+19:00:18
type          65
valid         1
MESSAGE       1

afi           2
best          1
bits          64
bitsv6        64
cluster       134.184.2.183
dst_addrv4    134.184.2.178
dst_as16      34488
extended      134:184:2:181:4:5:6:36,8:9:10:26:12:13:14:30
hopv6         86B8:2B8:405:625:809:A1B:C0D:E1F
label         551847
labels        551847:1
local         2260206260
med           2260206259
message       20
origin        63
originator    134.184.2.182
prefixv6      8788:898A:8B8C:8D8E::/64
rd            ( as16=34491 number=2260402873 )
safi          128
src_addrv4    134.184.2.177
src_as16      34487
stamp         2010-12-31+19:00:19
time          2010-12-31+19:00:19
type          65
valid         1

afi           2
best          1
bits          128
bitsv6        128
cluster       142.189.2.192
dst_addrv4    142.189.2.187
dst_as16      36541
extended      142:189:2:190:4:5:6:38
hopv6         9CBD:2C1:405:627:809:A1C:C0D:E20
label         642040
labels        642040:1
local         2394751677
med           2394751676
message       21
origin        63
originator    142.189.2.191
prefixv6      9D9E:9FA0:A1A2:A3A4:A5A6:A7A8:A9AA:ABAC/128
rd            ( as16=40128 number=2629829314 )
safi          128
src_addrv4    142.189.2.186
src_as16      36540
stamp         2010-12-31+19:00:20
time          2010-12-31+19:00:20
type          65
unknown       0xe0:20:14:0x8f909192939495969798999a9b9c;
valid         1
MESSAGE       1

afi           2
best          1
bits          64
bitsv6        64
cluster       142.189.2.192
dst_addrv4    142.189.2.187
dst_as16      36541
extended      142:189:2:190:4:5:6:38
hopv6         9CBD:2C1:405:627:809:A1C:C0D:E20
label         707624
labels        707624:1
local         2394751677
med           2394751676
message       21
origin        63
originator    142.189.2.191
prefixv6      ADAE:AFB0:B1B2:B3B4::/64
rd            ( as16=44227 number=2898461379 )
safi          128
src_addrv4    142.189.2.186
src_as16      36540
stamp         2010-12-31+19:00:20
time          2010-12-31+19:00:20
type          65
unknown       0xe0:20:14:0x8f909192939495969798999a9b9c;
valid         1
MESSAGE       1
PART          1

afi           2
best          1
bits          64
bitsv6        64
cluster       142.189.2.192
dst_addrv4    142.189.2.187
dst_as16      36541
extended      142:189:2:190:4:5:6:38
hopv6         9CBD:2C1:405:627:809:A1C:C0D:E20
label         740440
labels        740440:1
local         2394751677
med           2394751676
message       21
origin        63
originator    142.189.2.191
prefixv6      B5B6:B7B8:B9BA:BBBC::/64
rd            ( as16=46278 number=3032875716 )
safi          128
src_addrv4    142.189.2.186
src_as16      36540
stamp         2010-12-31+19:00:20
time          2010-12-31+19:00:20
type          65
unknown       0xe0:20:14:0x8f909192939495969798999a9b9c;
valid         1
MESSAGE       1
PART          1

afi           2
best          1
bits          64
bitsv6        64
cluster       188.200.2.203
dst_addrv4    188.200.2.198
dst_as16      48328
extended      188:200:2:201:4:5:6:40
hopv6         BCC8:2CC:405:629:809:A1D:C0D:E21
label         773289
labels        773289:1
local         3167224520
med           3167224519
message       22
origin        63
originator    188.200.2.202
prefixv6      BDBE:BFC0:C1C2:C3C4::/64
rd            ( as16=48331 number=3167421133 )
safi          128
src_addrv4    188.200.2.197
src_as16      48327
stamp         2010-12-31+19:00:21
time          2010-12-31+19:00:21
type          65
valid         1

afi           2
best          1
bits          64
bitsv6        64
cluster       196.205.2.212
dst_addrv4    196.205.2.207
dst_as16      50381
extended      196:205:2:210:4:5:6:42
hopv6         C4CD:2D5:405:62B:809:A1E:C0D:E22
label         806136
labels        806136:1
local         3301769937
med           3301769936
message       23
origin        63
originator    196.205.2.211
prefixv6      C5C6:C7C8:C9CA:CBCC::/64
rd            ( as16=50384 number=3301966550 )
safi          128
src_addrv4    196.205.2.206
src_as16      50380
stamp         2010-12-31+19:00:22
time          2010-12-31+19:00:22
type          65
valid         1
MESSAGE       1

afi           2
best          1
bits          64
bitsv6        64
cluster       204.210.2.221
dst_addrv4    204.210.2.216
dst_as16      52434
extended      204:210:2:219:4:5:6:44
hopv6         CCD2:2DE:405:62D:809:A1F:C0D:E23
label         838977
labels        838977:1
local         3436315354
med           3436315353
message       24
origin        63
originator    204.210.2.220
prefixv6      CDCE:CFD0:D1D2:D3D4::/64
rd            ( as16=52437 number=3436511967 )
safi          128
src_addrv4    204.210.2.215
src_as16      52433
stamp         2010-12-31+19:00:23
time          2010-12-31+19:00:23
type          65
valid         1

afi           2
best          1
bits          64
bitsv6        64
cluster       204.210.2.221
dst_addrv4    204.210.2.216
dst_as16      52434
extended      204:210:2:219:4:5:6:44
hopv6         CCD2:2DE:405:62D:809:A1F:C0D:E23
label         871793
labels        871793:1
local         3436315354
med           3436315353
message       24
origin        63
originator    204.210.2.220
prefixv6      D5D6:D7D8:D9DA:DBDC::/64
rd            ( as16=54488 number=3570926304 )
safi          128
src_addrv4    204.210.2.215
src_as16      52433
stamp         2010-12-31+19:00:23
time          2010-12-31+19:00:23
type          65
valid         1
PART          1

afi           2
best          1
bits          64
bitsv6        64
cluster       220.218.2.231
dst_addrv4    220.218.2.226
dst_as16      56538
extended      220:218:2:229:4:5:6:46
hopv6         DCDA:2E8:405:62F:809:A20:C0D:E24
label         904640
labels        904640:1
local         3705275108
med           3705275107
message       25
origin        63
originator    220.218.2.230
prefixv6      DDDE:DFE0:E1E2:E3E4::/64
rd            ( as16=56541 number=3705471721 )
safi          128
src_addrv4    220.218.2.225
src_as16      56537
stamp         2010-12-31+19:00:24
time          2010-12-31+19:00:24
type          65
valid         1
MESSAGE       1

afi           2
best          1
bits          64
bitsv6        64
cluster       220.218.2.231
dst_addrv4    220.218.2.226
dst_as16      56538
extended      220:218:2:229:4:5:6:46
hopv6         DCDA:2E8:405:62F:809:A20:C0D:E24
label         937456
labels        937456:1
local         3705275108
med           3705275107
message       25
origin        63
originator    220.218.2.230
prefixv6      E5E6:E7E8:E9EA:EBEC::/64
rd            ( as16=58592 number=3839886058 )
safi          128
src_addrv4    220.218.2.225
src_as16      56537
stamp         2010-12-31+19:00:24
time          2010-12-31+19:00:24
type          65
valid         1
MESSAGE       1
PART          1

afi           2
best          1
bits          64
bitsv6        64
cluster       236.226.2.241
dst_addrv4    236.226.2.236
dst_as16      60642
extended      236:226:2:239:4:5:6:48
hopv6         ECE2:2F2:405:631:809:A21:C0D:E25
label         970315
labels        970315:1
local         3974234862
med           3974234861
message       26
origin        63
originator    236.226.2.240
prefixv6      EDEE:EFF0:F1F2:F3F4::/64
rd            ( as16=60645 number=3974431475 )
safi          128
src_addrv4    236.226.2.235
src_as16      60641
stamp         2010-12-31+19:00:25
time          2010-12-31+19:00:25
type          65
valid         1

afi           2
best          1
bits          64
bitsv6        64
cluster       236.226.2.241
dst_addrv4    236.226.2.236
dst_as16      60642
extended      236:226:2:239:4:5:6:48
hopv6         ECE2:2F2:405:631:809:A21:C0D:E25
label         1003131
labels        1003131:1
local         3974234862
med           3974234861
message       26
origin        63
originator    236.226.2.240
prefixv6      F5F6:F7F8:F9FA:FBFC::/64
rd            ( as16=62696 number=4108845812 )
safi          128
src_addrv4    236.226.2.235
src_as16      60641
stamp         2010-12-31+19:00:25
time          2010-12-31+19:00:25
type          65
valid         1
PART          1

afi           2
best          1
bits          64
bitsv6        64
cluster       252.234.2.251
dst_addrv4    252.234.2.246
dst_as16      64746
extended      252:234:2:249:4:5:6:50
hopv6         FCEA:2FC:405:633:809:A22:C0D:E26
label         1035980
labels        1035980:1
local         4243194616
med           4243194615
message       27
origin        63
originator    252.234.2.250
prefixv6      FDFE:FF00:102:304::/64
rd            ( as16=64749 number=4243391229 )
safi          128
src_addrv4    252.234.2.245
src_as16      64745
stamp         2010-12-31+19:00:26
time          2010-12-31+19:00:26
type          65
valid         1
MESSAGE       1

afi           2
best          1
bits          64
bitsv6        64
cluster       252.234.2.251
dst_addrv4    252.234.2.246
dst_as16      64746
extended      252:234:2:249:4:5:6:50
hopv6         FCEA:2FC:405:633:809:A22:C0D:E26
label         20220
labels        20220:1
local         4243194616
med           4243194615
message       27
origin        63
originator    252.234.2.250
prefixv6      506:708:90A:B0C::/64
rd            ( as16=1264 number=82838270 )
safi          128
src_addrv4    252.234.2.245
src_as16      64745
stamp         2010-12-31+19:00:26
time          2010-12-31+19:00:26
type          65
valid         1
MESSAGE       1
PART          1

afi           2
best          1
bits          64
bitsv6        64
cluster       12.242.3.5
dst_addrv4    12.242.3.0
dst_as16      3314
extended      12:242:3:3:4:5:6:52
hopv6         CF2:306:405:635:809:A23:C0D:E27
label         53069
labels        53069:1
local         217187074
med           217187073
message       28
origin        63
originator    12.242.3.4
prefixv6      D0E:F10:1112:1314::/64
rd            ( as16=3317 number=217383687 )
safi          128
src_addrv4    12.242.2.255
src_as16      3313
stamp         2010-12-31+19:00:27
time          2010-12-31+19:00:27
type          65
valid         1

afi           2
best          1
bits          64
bitsv6        64
cluster       12.242.3.5
dst_addrv4    12.242.3.0
dst_as16      3314
extended      12:242:3:3:4:5:6:52
hopv6         CF2:306:405:635:809:A23:C0D:E27
label         85885
labels        85885:1
local         217187074
med           217187073
message       28
origin        63
originator    12.242.3.4
prefixv6      1516:1718:191A:1B1C::/64
rd            ( as16=5368 number=351798024 )
safi          128
src_addrv4    12.242.2.255
src_as16      3313
stamp         2010-12-31+19:00:27
time          2010-12-31+19:00:27
type          65
valid         1
PART          1

afi           2
best          1
bits          64
bitsv6        64
cluster       28.250.3.15
dst_addrv4    28.250.3.10
dst_as16      7418
extended      28:250:3:13:4:5:6:54
hopv6         1CFA:310:405:637:809:A24:C0D:E28
label         118734
labels        118734:1
local         486146828
med           486146827
message       29
origin        63
originator    28.250.3.14
prefixv6      1D1E:1F20:2122:2324::/64
rd            ( as16=7421 number=486343441 )
safi          128
src_addrv4    28.250.3.9
src_as16      7417
stamp         2010-12-31+19:00:28
time          2010-12-31+19:00:28
type          65
valid         1
MESSAGE       1

afi           2
best          1
bits          64
bitsv6        64
cluster       28.250.3.15
dst_addrv4    28.250.3.10
dst_as16      7418
extended      28:250:3:13:4:5:6:54
hopv6         1CFA:310:405:637:809:A24:C0D:E28
label         151550
labels        151550:1
local         486146828
med           486146827
message       29
origin        63
originator    28.250.3.14
prefixv6      2627:2829:2A2B:2C2D::/64
rd            ( as16=9472 number=620757778 )
safi          128
src_addrv4    28.250.3.9
src_as16      7417
stamp         2010-12-31+19:00:28
time          2010-12-31+19:00:28
type          65
valid         1
MESSAGE       1
PART          1

afi           2
best          1
bits          64
bitsv6        64
cluster       45.2.3.25
dst_addrv4    45.2.3.20
dst_as16      11522
extended      45:2:3:23:4:5:6:56
hopv6         2D02:31A:405:639:809:A25:C0D:E29
label         184399
labels        184399:1
local         755106582
med           755106581
message       30
origin        63
originator    45.2.3.24
prefixv6      2E2F:3031:3233:3435::/64
rd            ( as16=11525 number=755303195 )
safi          128
src_addrv4    45.2.3.19
src_as16      11521
stamp         2010-12-31+19:00:29
time          2010-12-31+19:00:29
type          65
valid         1

afi           2
best          1
bits          64
bitsv6        64
cluster       45.2.3.25
dst_addrv4    45.2.3.20
dst_as16      11522
extended      45:2:3:23:4:5:6:56
hopv6         2D02:31A:405:639:809:A25:C0D:E29
label         217215
labels        217215:1
local         755106582
med           755106581
message       30
origin        63
originator    45.2.3.24
prefixv6      3637:3839:3A3B:3C3D::/64
rd            ( as16=13576 number=889717532 )
safi          128
src_addrv4    45.2.3.19
src_as16      11521
stamp         2010-12-31+19:00:29
time          2010-12-31+19:00:29
type          65
valid         1
PART          1

afi           2
best          1
bits          64
bitsv6        64
cluster       61.10.3.35
dst_addrv4    61.10.3.30
dst_as16      15626
extended      61:10:3:33:4:5:6:58
hopv6         3D0A:324:405:63B:809:A26:C0D:E2A
label         250058
labels        250058:1
local         1024066336
med           1024066335
message       31
origin        63
originator    61.10.3.34
prefixv6      3E3F:4041:4243:4445::/64
rd            ( as16=15629 number=1024262949 )
safi          128
src_addrv4    61.10.3.29
src_as16      15625
stamp         2010-12-31+19:00:30
time          2010-12-31+19:00:30
type          65
valid         1
MESSAGE       1

afi           2
best          1
bits          64
bitsv6        64
cluster       61.10.3.35
dst_addrv4    61.10.3.30
dst_as16      15626
extended      61:10:3:33:4:5:6:58
hopv6         3D0A:324:405:63B:809:A26:C0D:E2A
label         282874
labels        282874:1
local         1024066336
med           1024066335
message       31
origin        63
originator    61.10.3.34
prefixv6      4647:4849:4A4B:4C4D::/64
rd            ( as16=17680 number=1158677286 )
safi          128
src_addrv4    61.10.3.29
src_as16      15625
stamp         2010-12-31+19:00:30
time          2010-12-31+19:00:30
type          65
valid         1
MESSAGE       1
PART          1

afi           2
best          1
bits          64
bitsv6        64
cluster       77.18.3.45
dst_addrv4    77.18.3.40
dst_as16      19730
extended      77:18:3:43:4:5:6:60,8:9:10:39:12:13:14:43
hopv6         4D12:32E:405:63D:809:A28:C0D:E2C
label         315714
labels        315714:1
local         1293026090
med           1293026089
message       32
origin        63
originator    77.18.3.44
prefixv6      4E4F:5051:5253:5455::/64
rd            ( as16=19733 number=1293222703 )
safi          128
src_addrv4    77.18.3.39
src_as16      19729
stamp         2010-12-31+19:00:31
time          2010-12-31+19:00:31
type          65
valid         1

afi           2
best          1
bits          64
bitsv6        64
cluster       77.18.3.45
dst_addrv4    77.18.3.40
dst_as16      19730
extended      77:18:3:43:4:5:6:60,8:9:10:39:12:13:14:43
hopv6         4D12:32E:405:63D:809:A28:C0D:E2C
label         348530
labels        348530:1
local         1293026090
med           1293026089
message       32
origin        63
originator    77.18.3.44
prefixv6      5657:5859:5A5B:5C5D::/64
rd            ( as16=21784 number=1427637040 )
safi          128
src_addrv4    77.18.3.39
src_as16      19729
stamp         2010-12-31+19:00:31
time          2010-12-31+19:00:31
type          65
valid         1
PART          1

afi           2
best          1
bits          64
bitsv6        64
cluster       77.18.3.45
dst_addrv4    77.18.3.40
dst_as16      19730
extended      77:18:3:43:4:5:6:60,8:9:10:39:12:13:14:43
hopv6         4D12:32E:405:63D:809:A28:C0D:E2C
label         381346
labels        381346:1
local         1293026090
med           1293026089
message       32
origin        63
originator    77.18.3.44
prefixv6      5E5F:6061:6263:6465::/64
rd            ( as16=23835 number=1562051377 )
safi          128
src_addrv4    77.18.3.39
src_as16      19729
stamp         2010-12-31+19:00:31
time          2010-12-31+19:00:31
type          65
valid         1
PART          1

afi           2
best          1
bits          64
bitsv6        64
cluster       101.29.3.56
dst_addrv4    101.29.3.51
dst_as16      25885
extended      101:29:3:54:4:5:6:62
hopv6         651D:339:405:63F:809:A29:C0D:E2D
label         414201
labels        414201:1
local         1696400181
med           1696400180
message       33
origin        63
originator    101.29.3.55
prefixv6      6667:6869:6A6B:6C6D::/64
rd            ( as16=25888 number=1696596794 )
safi          128
src_addrv4    101.29.3.50
src_as16      25884
stamp         2010-12-31+19:00:32
time          2010-12-31+19:00:32
type          65
valid         1
MESSAGE       1

afi           2
best          1
bits          64
bitsv6        64
dst_addrv4    109.34.3.60
dst_as16      27938
label         447040
labels        447040:0
message       34
origin        48
prefixv6      6E6F:7071:7273:7475::/64
rd            ( as16=27941 number=1831142205 )
safi          128
src_addrv4    109.34.3.59
src_as16      27937
stamp         2010-12-31+19:00:33
time          2010-12-31+19:00:33
type          87
valid         1

