
afi           1
agg_addr      0.0.0.0
agg_addrv4    0.0.0.0
agg_addrv6    ::
agg_addr32    0.0.0.0
agg_addr32v4  0.0.0.0
agg_addr32v6  ::
agg_as        0
agg_as16      0
agg_as32      0
atomic        0
best          0
bits          24
bitsv4        24
bitsv6        0
cluster       
community     
damped        0
dpa_addr      0.0.0.0
dpa_addrv4    0.0.0.0
dpa_addrv6    ::
dpa_as        0
dpa_as16      0
dpa_as32      0
dst_addr      0.0.0.0
dst_addrv4    0.0.0.0
dst_addrv6    ::
dst_as        0
dst_as16      0
dst_as32      0
extended      
flags         0
history       0
hop           3.23.2.45
hopv4         3.23.2.45
hopv6         ::
id            0
internal      0
key           0
label         0
labels        
local         0
med           51839534
message       3
mvpn          0
new_state     0
old_state     0
origin        105
originator    0.0.0.0
path          791
path16        791
path32        
prefix        1.2.3.0/24
prefixv4      1.2.3.0/24
prefixv6      ::/0
rd_addr       0.0.0.0
rd_as         0
rd_number     0
rd_type       0
rib_failure   0
safi          1
slot          0
src_addr      0.19.2.41
src_addrv4    0.19.2.41
src_addrv6    ::
src_as        20
src_as16      20
src_as32      0
stale         0
stamp         2010-12-31+19:00:03
suppressed    0
time          2010-12-31+19:00:03
type          84
unknown       
usec          0
valid         1
weight        0
MESSAGE       1
PART          0

afi           1
agg_addr      0.0.0.0
agg_addrv4    0.0.0.0
agg_addrv6    ::
agg_addr32    0.0.0.0
agg_addr32v4  0.0.0.0
agg_addr32v6  ::
agg_as        0
agg_as16      0
agg_as32      0
atomic        0
best          0
bits          24
bitsv4        24
bitsv6        0
cluster       
community     
damped        0
dpa_addr      0.0.0.0
dpa_addrv4    0.0.0.0
dpa_addrv6    ::
dpa_as        0
dpa_as16      0
dpa_as32      0
dst_addr      0.0.0.0
dst_addrv4    0.0.0.0
dst_addrv6    ::
dst_as        0
dst_as16      0
dst_as32      0
extended      
flags         0
history       0
hop           3.25.2.47
hopv4         3.25.2.47
hopv6         ::
id            0
internal      0
key           0
label         0
labels        
local         0
med           51970608
message       3
mvpn          0
new_state     0
old_state     0
origin        105
originator    0.0.0.0
path          793
path16        793
path32        
prefix        1.2.3.0/24
prefixv4      1.2.3.0/24
prefixv6      ::/0
rd_addr       0.0.0.0
rd_as         0
rd_number     0
rd_type       0
rib_failure   0
safi          1
slot          0
src_addr      0.18.2.39
src_addrv4    0.18.2.39
src_addrv6    ::
src_as        19
src_as16      19
src_as32      0
stale         0
stamp         2010-12-31+19:00:04
suppressed    0
time          2010-12-31+19:00:04
type          84
unknown       
usec          0
valid         1
weight        0
MESSAGE       1
PART          1

afi           1
agg_addr      0.0.0.0
agg_addrv4    0.0.0.0
agg_addrv6    ::
agg_addr32    0.0.0.0
agg_addr32v4  0.0.0.0
agg_addr32v6  ::
agg_as        0
agg_as16      0
agg_as32      0
atomic        0
best          0
bits          24
bitsv4        24
bitsv6        0
cluster       
community     
damped        0
dpa_addr      0.0.0.0
dpa_addrv4    0.0.0.0
dpa_addrv6    ::
dpa_as        0
dpa_as16      0
dpa_as32      0
dst_addr      0.0.0.0
dst_addrv4    0.0.0.0
dst_addrv6    ::
dst_as        0
dst_as16      0
dst_as32      0
extended      
flags         0
history       0
hop           3.27.2.49
hopv4         3.27.2.49
hopv6         ::
id            0
internal      0
key           0
label         0
labels        
local         0
med           52101682
message       3
mvpn          0
new_state     0
old_state     0
origin        105
originator    0.0.0.0
path          795
path16        795
path32        
prefix        1.2.3.0/24
prefixv4      1.2.3.0/24
prefixv6      ::/0
rd_addr       0.0.0.0
rd_as         0
rd_number     0
rd_type       0
rib_failure   0
safi          1
slot          0
src_addr      0.17.2.37
src_addrv4    0.17.2.37
src_addrv6    ::
src_as        18
src_as16      18
src_as32      0
stale         0
stamp         2010-12-31+19:00:05
suppressed    0
time          2010-12-31+19:00:05
type          84
unknown       
usec          0
valid         1
weight        0
MESSAGE       1
PART          1

afi           1
agg_addr      0.0.0.0
agg_addrv4    0.0.0.0
agg_addrv6    ::
agg_addr32    0.0.0.0
agg_addr32v4  0.0.0.0
agg_addr32v6  ::
agg_as        0
agg_as16      0
agg_as32      0
atomic        0
best          0
bits          24
bitsv4        24
bitsv6        0
cluster       
community     
damped        0
dpa_addr      0.0.0.0
dpa_addrv4    0.0.0.0
dpa_addrv6    ::
dpa_as        0
dpa_as16      0
dpa_as32      0
dst_addr      0.0.0.0
dst_addrv4    0.0.0.0
dst_addrv6    ::
dst_as        0
dst_as16      0
dst_as32      0
extended      
flags         0
history       0
hop           3.29.2.51
hopv4         3.29.2.51
hopv6         ::
id            0
internal      0
key           0
label         0
labels        
local         0
med           52232756
message       3
mvpn          0
new_state     0
old_state     0
origin        105
originator    0.0.0.0
path          797
path16        797
path32        
prefix        1.2.3.0/24
prefixv4      1.2.3.0/24
prefixv6      ::/0
rd_addr       0.0.0.0
rd_as         0
rd_number     0
rd_type       0
rib_failure   0
safi          1
slot          0
src_addr      0.16.2.35
src_addrv4    0.16.2.35
src_addrv6    ::
src_as        17
src_as16      17
src_as32      0
stale         0
stamp         2010-12-31+19:00:06
suppressed    0
time          2010-12-31+19:00:06
type          84
unknown       
usec          0
valid         1
weight        0
MESSAGE       1
PART          1

afi           1
agg_addr      0.0.0.0
agg_addrv4    0.0.0.0
agg_addrv6    ::
agg_addr32    0.0.0.0
agg_addr32v4  0.0.0.0
agg_addr32v6  ::
agg_as        0
agg_as16      0
agg_as32      0
atomic        0
best          0
bits          24
bitsv4        24
bitsv6        0
cluster       
community     
damped        0
dpa_addr      0.0.0.0
dpa_addrv4    0.0.0.0
dpa_addrv6    ::
dpa_as        0
dpa_as16      0
dpa_as32      0
dst_addr      0.0.0.0
dst_addrv4    0.0.0.0
dst_addrv6    ::
dst_as        0
dst_as16      0
dst_as32      0
extended      
flags         0
history       0
hop           3.31.2.53
hopv4         3.31.2.53
hopv6         ::
id            0
internal      0
key           0
label         0
labels        
local         0
med           52363830
message       3
mvpn          0
new_state     0
old_state     0
origin        105
originator    0.0.0.0
path          799
path16        799
path32        
prefix        1.2.3.0/24
prefixv4      1.2.3.0/24
prefixv6      ::/0
rd_addr       0.0.0.0
rd_as         0
rd_number     0
rd_type       0
rib_failure   0
safi          1
slot          0
src_addr      0.15.2.33
src_addrv4    0.15.2.33
src_addrv6    ::
src_as        16
src_as16      16
src_as32      0
stale         0
stamp         2010-12-31+19:00:07
suppressed    0
time          2010-12-31+19:00:07
type          84
unknown       
usec          0
valid         1
weight        0
MESSAGE       1
PART          1

afi           1
agg_addr      0.0.0.0
agg_addrv4    0.0.0.0
agg_addrv6    ::
agg_addr32    0.0.0.0
agg_addr32v4  0.0.0.0
agg_addr32v6  ::
agg_as        0
agg_as16      0
agg_as32      0
atomic        0
best          0
bits          24
bitsv4        24
bitsv6        0
cluster       
community     
damped        0
dpa_addr      0.0.0.0
dpa_addrv4    0.0.0.0
dpa_addrv6    ::
dpa_as        0
dpa_as16      0
dpa_as32      0
dst_addr      0.0.0.0
dst_addrv4    0.0.0.0
dst_addrv6    ::
dst_as        0
dst_as16      0
dst_as32      0
extended      
flags         0
history       0
hop           3.33.2.55
hopv4         3.33.2.55
hopv6         ::
id            0
internal      0
key           0
label         0
labels        
local         0
med           52494904
message       3
mvpn          0
new_state     0
old_state     0
origin        105
originator    0.0.0.0
path          801
path16        801
path32        
prefix        1.2.3.0/24
prefixv4      1.2.3.0/24
prefixv6      ::/0
rd_addr       0.0.0.0
rd_as         0
rd_number     0
rd_type       0
rib_failure   0
safi          1
slot          0
src_addr      0.14.2.31
src_addrv4    0.14.2.31
src_addrv6    ::
src_as        15
src_as16      15
src_as32      0
stale         0
stamp         2010-12-31+19:00:08
suppressed    0
time          2010-12-31+19:00:08
type          84
unknown       
usec          0
valid         1
weight        0
MESSAGE       1
PART          1

afi           1
agg_addr      0.0.0.0
agg_addrv4    0.0.0.0
agg_addrv6    ::
agg_addr32    0.0.0.0
agg_addr32v4  0.0.0.0
agg_addr32v6  ::
agg_as        0
agg_as16      0
agg_as32      0
atomic        0
best          0
bits          24
bitsv4        24
bitsv6        0
cluster       
community     
damped        0
dpa_addr      0.0.0.0
dpa_addrv4    0.0.0.0
dpa_addrv6    ::
dpa_as        0
dpa_as16      0
dpa_as32      0
dst_addr      0.0.0.0
dst_addrv4    0.0.0.0
dst_addrv6    ::
dst_as        0
dst_as16      0
dst_as32      0
extended      
flags         0
history       0
hop           3.35.2.57
hopv4         3.35.2.57
hopv6         ::
id            0
internal      0
key           0
label         0
labels        
local         0
med           52625978
message       3
mvpn          0
new_state     0
old_state     0
origin        105
originator    0.0.0.0
path          803
path16        803
path32        
prefix        1.2.3.0/24
prefixv4      1.2.3.0/24
prefixv6      ::/0
rd_addr       0.0.0.0
rd_as         0
rd_number     0
rd_type       0
rib_failure   0
safi          1
slot          0
src_addr      0.13.2.29
src_addrv4    0.13.2.29
src_addrv6    ::
src_as        14
src_as16      14
src_as32      0
stale         0
stamp         2010-12-31+19:00:09
suppressed    0
time          2010-12-31+19:00:09
type          84
unknown       
usec          0
valid         1
weight        0
MESSAGE       1
PART          1

afi           1
agg_addr      0.0.0.0
agg_addrv4    0.0.0.0
agg_addrv6    ::
agg_addr32    0.0.0.0
agg_addr32v4  0.0.0.0
agg_addr32v6  ::
agg_as        0
agg_as16      0
agg_as32      0
atomic        0
best          0
bits          24
bitsv4        24
bitsv6        0
cluster       
community     
damped        0
dpa_addr      0.0.0.0
dpa_addrv4    0.0.0.0
dpa_addrv6    ::
dpa_as        0
dpa_as16      0
dpa_as32      0
dst_addr      0.0.0.0
dst_addrv4    0.0.0.0
dst_addrv6    ::
dst_as        0
dst_as16      0
dst_as32      0
extended      
flags         0
history       0
hop           3.37.2.59
hopv4         3.37.2.59
hopv6         ::
id            0
internal      0
key           0
label         0
labels        
local         0
med           52757052
message       3
mvpn          0
new_state     0
old_state     0
origin        105
originator    0.0.0.0
path          805
path16        805
path32        
prefix        1.2.3.0/24
prefixv4      1.2.3.0/24
prefixv6      ::/0
rd_addr       0.0.0.0
rd_as         0
rd_number     0
rd_type       0
rib_failure   0
safi          1
slot          0
src_addr      0.12.2.27
src_addrv4    0.12.2.27
src_addrv6    ::
src_as        13
src_as16      13
src_as32      0
stale         0
stamp         2010-12-31+19:00:10
suppressed    0
time          2010-12-31+19:00:10
type          84
unknown       
usec          0
valid         1
weight        0
MESSAGE       1
PART          1

afi           1
agg_addr      0.0.0.0
agg_addrv4    0.0.0.0
agg_addrv6    ::
agg_addr32    0.0.0.0
agg_addr32v4  0.0.0.0
agg_addr32v6  ::
agg_as        0
agg_as16      0
agg_as32      0
atomic        0
best          0
bits          24
bitsv4        24
bitsv6        0
cluster       
community     
damped        0
dpa_addr      0.0.0.0
dpa_addrv4    0.0.0.0
dpa_addrv6    ::
dpa_as        0
dpa_as16      0
dpa_as32      0
dst_addr      0.0.0.0
dst_addrv4    0.0.0.0
dst_addrv6    ::
dst_as        0
dst_as16      0
dst_as32      0
extended      
flags         0
history       0
hop           3.39.2.61
hopv4         3.39.2.61
hopv6         ::
id            0
internal      0
key           0
label         0
labels        
local         0
med           52888126
message       3
mvpn          0
new_state     0
old_state     0
origin        105
originator    0.0.0.0
path          807
path16        807
path32        
prefix        1.2.3.0/24
prefixv4      1.2.3.0/24
prefixv6      ::/0
rd_addr       0.0.0.0
rd_as         0
rd_number     0
rd_type       0
rib_failure   0
safi          1
slot          0
src_addr      0.11.2.25
src_addrv4    0.11.2.25
src_addrv6    ::
src_as        12
src_as16      12
src_as32      0
stale         0
stamp         2010-12-31+19:00:11
suppressed    0
time          2010-12-31+19:00:11
type          84
unknown       
usec          0
valid         1
weight        0
MESSAGE       1
PART          1

afi           1
agg_addr      0.0.0.0
agg_addrv4    0.0.0.0
agg_addrv6    ::
agg_addr32    0.0.0.0
agg_addr32v4  0.0.0.0
agg_addr32v6  ::
agg_as        0
agg_as16      0
agg_as32      0
atomic        0
best          0
bits          24
bitsv4        24
bitsv6        0
cluster       
community     
damped        0
dpa_addr      0.0.0.0
dpa_addrv4    0.0.0.0
dpa_addrv6    ::
dpa_as        0
dpa_as16      0
dpa_as32      0
dst_addr      0.0.0.0
dst_addrv4    0.0.0.0
dst_addrv6    ::
dst_as        0
dst_as16      0
dst_as32      0
extended      
flags         0
history       0
hop           3.41.2.63
hopv4         3.41.2.63
hopv6         ::
id            0
internal      0
key           0
label         0
labels        
local         0
med           53019200
message       3
mvpn          0
new_state     0
old_state     0
origin        105
originator    0.0.0.0
path          809
path16        809
path32        
prefix        1.2.3.0/24
prefixv4      1.2.3.0/24
prefixv6      ::/0
rd_addr       0.0.0.0
rd_as         0
rd_number     0
rd_type       0
rib_failure   0
safi          1
slot          0
src_addr      0.10.2.23
src_addrv4    0.10.2.23
src_addrv6    ::
src_as        11
src_as16      11
src_as32      0
stale         0
stamp         2010-12-31+19:00:12
suppressed    0
time          2010-12-31+19:00:12
type          84
unknown       
usec          0
valid         1
weight        0
MESSAGE       1
PART          1

afi           1
agg_addr      0.0.0.0
agg_addrv4    0.0.0.0
agg_addrv6    ::
agg_addr32    0.0.0.0
agg_addr32v4  0.0.0.0
agg_addr32v6  ::
agg_as        0
agg_as16      0
agg_as32      0
atomic        0
best          0
bits          24
bitsv4        24
bitsv6        0
cluster       
community     
damped        0
dpa_addr      0.0.0.0
dpa_addrv4    0.0.0.0
dpa_addrv6    ::
dpa_as        0
dpa_as16      0
dpa_as32      0
dst_addr      0.0.0.0
dst_addrv4    0.0.0.0
dst_addrv6    ::
dst_as        0
dst_as16      0
dst_as32      0
extended      
flags         0
history       0
hop           3.43.2.65
hopv4         3.43.2.65
hopv6         ::
id            0
internal      0
key           0
label         0
labels        
local         0
med           53150274
message       3
mvpn          0
new_state     0
old_state     0
origin        105
originator    0.0.0.0
path          811
path16        811
path32        
prefix        1.2.3.0/24
prefixv4      1.2.3.0/24
prefixv6      ::/0
rd_addr       0.0.0.0
rd_as         0
rd_number     0
rd_type       0
rib_failure   0
safi          1
slot          0
src_addr      0.9.2.21
src_addrv4    0.9.2.21
src_addrv6    ::
src_as        10
src_as16      10
src_as32      0
stale         0
stamp         2010-12-31+19:00:13
suppressed    0
time          2010-12-31+19:00:13
type          84
unknown       
usec          0
valid         1
weight        0
MESSAGE       1
PART          1

afi           1
agg_addr      0.0.0.0
agg_addrv4    0.0.0.0
agg_addrv6    ::
agg_addr32    0.0.0.0
agg_addr32v4  0.0.0.0
agg_addr32v6  ::
agg_as        0
agg_as16      0
agg_as32      0
atomic        0
best          0
bits          24
bitsv4        24
bitsv6        0
cluster       
community     
damped        0
dpa_addr      0.0.0.0
dpa_addrv4    0.0.0.0
dpa_addrv6    ::
dpa_as        0
dpa_as16      0
dpa_as32      0
dst_addr      0.0.0.0
dst_addrv4    0.0.0.0
dst_addrv6    ::
dst_as        0
dst_as16      0
dst_as32      0
extended      
flags         0
history       0
hop           3.45.2.67
hopv4         3.45.2.67
hopv6         ::
id            0
internal      0
key           0
label         0
labels        
local         0
med           53281348
message       3
mvpn          0
new_state     0
old_state     0
origin        105
originator    0.0.0.0
path          813
path16        813
path32        
prefix        1.2.3.0/24
prefixv4      1.2.3.0/24
prefixv6      ::/0
rd_addr       0.0.0.0
rd_as         0
rd_number     0
rd_type       0
rib_failure   0
safi          1
slot          0
src_addr      0.8.2.19
src_addrv4    0.8.2.19
src_addrv6    ::
src_as        9
src_as16      9
src_as32      0
stale         0
stamp         2010-12-31+19:00:14
suppressed    0
time          2010-12-31+19:00:14
type          84
unknown       
usec          0
valid         1
weight        0
MESSAGE       1
PART          1

afi           1
agg_addr      0.0.0.0
agg_addrv4    0.0.0.0
agg_addrv6    ::
agg_addr32    0.0.0.0
agg_addr32v4  0.0.0.0
agg_addr32v6  ::
agg_as        0
agg_as16      0
agg_as32      0
atomic        0
best          0
bits          24
bitsv4        24
bitsv6        0
cluster       
community     
damped        0
dpa_addr      0.0.0.0
dpa_addrv4    0.0.0.0
dpa_addrv6    ::
dpa_as        0
dpa_as16      0
dpa_as32      0
dst_addr      0.0.0.0
dst_addrv4    0.0.0.0
dst_addrv6    ::
dst_as        0
dst_as16      0
dst_as32      0
extended      
flags         0
history       0
hop           3.47.2.69
hopv4         3.47.2.69
hopv6         ::
id            0
internal      0
key           0
label         0
labels        
local         0
med           53412422
message       3
mvpn          0
new_state     0
old_state     0
origin        105
originator    0.0.0.0
path          815
path16        815
path32        
prefix        1.2.3.0/24
prefixv4      1.2.3.0/24
prefixv6      ::/0
rd_addr       0.0.0.0
rd_as         0
rd_number     0
rd_type       0
rib_failure   0
safi          1
slot          0
src_addr      0.7.2.17
src_addrv4    0.7.2.17
src_addrv6    ::
src_as        8
src_as16      8
src_as32      0
stale         0
stamp         2010-12-31+19:00:15
suppressed    0
time          2010-12-31+19:00:15
type          84
unknown       
usec          0
valid         1
weight        0
MESSAGE       1
PART          1

afi           1
agg_addr      0.0.0.0
agg_addrv4    0.0.0.0
agg_addrv6    ::
agg_addr32    0.0.0.0
agg_addr32v4  0.0.0.0
agg_addr32v6  ::
agg_as        0
agg_as16      0
agg_as32      0
atomic        0
best          0
bits          24
bitsv4        24
bitsv6        0
cluster       
community     
damped        0
dpa_addr      0.0.0.0
dpa_addrv4    0.0.0.0
dpa_addrv6    ::
dpa_as        0
dpa_as16      0
dpa_as32      0
dst_addr      0.0.0.0
dst_addrv4    0.0.0.0
dst_addrv6    ::
dst_as        0
dst_as16      0
dst_as32      0
extended      
flags         0
history       0
hop           3.49.2.71
hopv4         3.49.2.71
hopv6         ::
id            0
internal      0
key           0
label         0
labels        
local         0
med           53543496
message       3
mvpn          0
new_state     0
old_state     0
origin        105
originator    0.0.0.0
path          817
path16        817
path32        
prefix        1.2.3.0/24
prefixv4      1.2.3.0/24
prefixv6      ::/0
rd_addr       0.0.0.0
rd_as         0
rd_number     0
rd_type       0
rib_failure   0
safi          1
slot          0
src_addr      0.6.2.15
src_addrv4    0.6.2.15
src_addrv6    ::
src_as        7
src_as16      7
src_as32      0
stale         0
stamp         2010-12-31+19:00:16
suppressed    0
time          2010-12-31+19:00:16
type          84
unknown       
usec          0
valid         1
weight        0
MESSAGE       1
PART          1

afi           1
agg_addr      0.0.0.0
agg_addrv4    0.0.0.0
agg_addrv6    ::
agg_addr32    0.0.0.0
agg_addr32v4  0.0.0.0
agg_addr32v6  ::
agg_as        0
agg_as16      0
agg_as32      0
atomic        0
best          0
bits          24
bitsv4        24
bitsv6        0
cluster       
community     
damped        0
dpa_addr      0.0.0.0
dpa_addrv4    0.0.0.0
dpa_addrv6    ::
dpa_as        0
dpa_as16      0
dpa_as32      0
dst_addr      0.0.0.0
dst_addrv4    0.0.0.0
dst_addrv6    ::
dst_as        0
dst_as16      0
dst_as32      0
extended      
flags         0
history       0
hop           3.51.2.73
hopv4         3.51.2.73
hopv6         ::
id            0
internal      0
key           0
label         0
labels        
local         0
med           53674570
message       3
mvpn          0
new_state     0
old_state     0
origin        105
originator    0.0.0.0
path          819
path16        819
path32        
prefix        1.2.3.0/24
prefixv4      1.2.3.0/24
prefixv6      ::/0
rd_addr       0.0.0.0
rd_as         0
rd_number     0
rd_type       0
rib_failure   0
safi          1
slot          0
src_addr      0.5.2.13
src_addrv4    0.5.2.13
src_addrv6    ::
src_as        6
src_as16      6
src_as32      0
stale         0
stamp         2010-12-31+19:00:17
suppressed    0
time          2010-12-31+19:00:17
type          84
unknown       
usec          0
valid         1
weight        0
MESSAGE       1
PART          1

afi           1
agg_addr      0.0.0.0
agg_addrv4    0.0.0.0
agg_addrv6    ::
agg_addr32    0.0.0.0
agg_addr32v4  0.0.0.0
agg_addr32v6  ::
agg_as        0
agg_as16      0
agg_as32      0
atomic        0
best          0
bits          24
bitsv4        24
bitsv6        0
cluster       
community     
damped        0
dpa_addr      0.0.0.0
dpa_addrv4    0.0.0.0
dpa_addrv6    ::
dpa_as        0
dpa_as16      0
dpa_as32      0
dst_addr      0.0.0.0
dst_addrv4    0.0.0.0
dst_addrv6    ::
dst_as        0
dst_as16      0
dst_as32      0
extended      
flags         0
history       0
hop           3.53.2.75
hopv4         3.53.2.75
hopv6         ::
id            0
internal      0
key           0
label         0
labels        
local         0
med           53805644
message       3
mvpn          0
new_state     0
old_state     0
origin        105
originator    0.0.0.0
path          821
path16        821
path32        
prefix        1.2.3.0/24
prefixv4      1.2.3.0/24
prefixv6      ::/0
rd_addr       0.0.0.0
rd_as         0
rd_number     0
rd_type       0
rib_failure   0
safi          1
slot          0
src_addr      0.4.2.11
src_addrv4    0.4.2.11
src_addrv6    ::
src_as        5
src_as16      5
src_as32      0
stale         0
stamp         2010-12-31+19:00:18
suppressed    0
time          2010-12-31+19:00:18
type          84
unknown       
usec          0
valid         1
weight        0
MESSAGE       1
PART          1

afi           1
agg_addr      0.0.0.0
agg_addrv4    0.0.0.0
agg_addrv6    ::
agg_addr32    0.0.0.0
agg_addr32v4  0.0.0.0
agg_addr32v6  ::
agg_as        0
agg_as16      0
agg_as32      0
atomic        0
best          0
bits          24
bitsv4        24
bitsv6        0
cluster       
community     
damped        0
dpa_addr      0.0.0.0
dpa_addrv4    0.0.0.0
dpa_addrv6    ::
dpa_as        0
dpa_as16      0
dpa_as32      0
dst_addr      0.0.0.0
dst_addrv4    0.0.0.0
dst_addrv6    ::
dst_as        0
dst_as16      0
dst_as32      0
extended      
flags         0
history       0
hop           3.55.2.77
hopv4         3.55.2.77
hopv6         ::
id            0
internal      0
key           0
label         0
labels        
local         0
med           53936718
message       3
mvpn          0
new_state     0
old_state     0
origin        105
originator    0.0.0.0
path          823
path16        823
path32        
prefix        1.2.3.0/24
prefixv4      1.2.3.0/24
prefixv6      ::/0
rd_addr       0.0.0.0
rd_as         0
rd_number     0
rd_type       0
rib_failure   0
safi          1
slot          0
src_addr      0.3.2.9
src_addrv4    0.3.2.9
src_addrv6    ::
src_as        4
src_as16      4
src_as32      0
stale         0
stamp         2010-12-31+19:00:19
suppressed    0
time          2010-12-31+19:00:19
type          84
unknown       
usec          0
valid         1
weight        0
MESSAGE       1
PART          1

afi           1
agg_addr      0.0.0.0
agg_addrv4    0.0.0.0
agg_addrv6    ::
agg_addr32    0.0.0.0
agg_addr32v4  0.0.0.0
agg_addr32v6  ::
agg_as        0
agg_as16      0
agg_as32      0
atomic        0
best          0
bits          24
bitsv4        24
bitsv6        0
cluster       
community     
damped        0
dpa_addr      0.0.0.0
dpa_addrv4    0.0.0.0
dpa_addrv6    ::
dpa_as        0
dpa_as16      0
dpa_as32      0
dst_addr      0.0.0.0
dst_addrv4    0.0.0.0
dst_addrv6    ::
dst_as        0
dst_as16      0
dst_as32      0
extended      
flags         0
history       0
hop           3.57.2.79
hopv4         3.57.2.79
hopv6         ::
id            0
internal      0
key           0
label         0
labels        
local         0
med           54067792
message       3
mvpn          0
new_state     0
old_state     0
origin        105
originator    0.0.0.0
path          825
path16        825
path32        
prefix        1.2.3.0/24
prefixv4      1.2.3.0/24
prefixv6      ::/0
rd_addr       0.0.0.0
rd_as         0
rd_number     0
rd_type       0
rib_failure   0
safi          1
slot          0
src_addr      0.2.2.7
src_addrv4    0.2.2.7
src_addrv6    ::
src_as        3
src_as16      3
src_as32      0
stale         0
stamp         2010-12-31+19:00:20
suppressed    0
time          2010-12-31+19:00:20
type          84
unknown       
usec          0
valid         1
weight        0
MESSAGE       1
PART          1

afi           1
agg_addr      0.0.0.0
agg_addrv4    0.0.0.0
agg_addrv6    ::
agg_addr32    0.0.0.0
agg_addr32v4  0.0.0.0
agg_addr32v6  ::
agg_as        0
agg_as16      0
agg_as32      0
atomic        0
best          0
bits          24
bitsv4        24
bitsv6        0
cluster       
community     
damped        0
dpa_addr      0.0.0.0
dpa_addrv4    0.0.0.0
dpa_addrv6    ::
dpa_as        0
dpa_as16      0
dpa_as32      0
dst_addr      0.0.0.0
dst_addrv4    0.0.0.0
dst_addrv6    ::
dst_as        0
dst_as16      0
dst_as32      0
extended      
flags         0
history       0
hop           3.59.2.81
hopv4         3.59.2.81
hopv6         ::
id            0
internal      0
key           0
label         0
labels        
local         0
med           54198866
message       3
mvpn          0
new_state     0
old_state     0
origin        105
originator    0.0.0.0
path          827
path16        827
path32        
prefix        1.2.3.0/24
prefixv4      1.2.3.0/24
prefixv6      ::/0
rd_addr       0.0.0.0
rd_as         0
rd_number     0
rd_type       0
rib_failure   0
safi          1
slot          0
src_addr      0.1.2.5
src_addrv4    0.1.2.5
src_addrv6    ::
src_as        2
src_as16      2
src_as32      0
stale         0
stamp         2010-12-31+19:00:21
suppressed    0
time          2010-12-31+19:00:21
type          84
unknown       
usec          0
valid         1
weight        0
MESSAGE       1
PART          1

afi           1
agg_addr      0.0.0.0
agg_addrv4    0.0.0.0
agg_addrv6    ::
agg_addr32    0.0.0.0
agg_addr32v4  0.0.0.0
agg_addr32v6  ::
agg_as        0
agg_as16      0
agg_as32      0
atomic        0
best          0
bits          24
bitsv4        24
bitsv6        0
cluster       
community     1600:598
damped        0
dpa_addr      0.0.0.0
dpa_addrv4    0.0.0.0
dpa_addrv6    ::
dpa_as        0
dpa_as16      0
dpa_as32      0
dst_addr      0.0.0.0
dst_addrv4    0.0.0.0
dst_addrv6    ::
dst_as        0
dst_as16      0
dst_as32      0
extended      6:64:2:87:4:5:6:8
flags         0
history       0
hop           6.64.2.88
hopv4         6.64.2.88
hopv6         ::
id            0
internal      0
key           0
label         13268
labels        13268:1
local         0
med           104858197
message       4
mvpn          0
new_state     0
old_state     0
origin        105
originator    0.0.0.0
path          1600
path16        1600
path32        
prefix        4.5.6.0/24
prefixv4      4.5.6.0/24
prefixv6      ::/0
rd_addr       0.0.0.0
rd_as         830
rd_number     54395476
rd_type       0
rib_failure   0
safi          128
slot          0
src_addr      0.20.2.43
src_addrv4    0.20.2.43
src_addrv6    ::
src_as        21
src_as16      21
src_as32      0
stale         0
stamp         2010-12-31+19:00:23
suppressed    0
time          2010-12-31+19:00:23
type          65
unknown       
usec          0
valid         1
weight        0
MESSAGE       0
PART          0

afi           2
agg_addr      0.0.0.0
agg_addrv4    0.0.0.0
agg_addrv6    ::
agg_addr32    0.0.0.0
agg_addr32v4  0.0.0.0
agg_addr32v6  ::
agg_as        0
agg_as16      0
agg_as32      0
atomic        0
best          0
bits          64
bitsv4        0
bitsv6        64
cluster       
community     
damped        0
dpa_addr      0.0.0.0
dpa_addrv4    0.0.0.0
dpa_addrv6    ::
dpa_as        0
dpa_as16      0
dpa_as32      0
dst_addr      0.0.0.0
dst_addrv4    0.0.0.0
dst_addrv6    ::
dst_as        0
dst_as16      0
dst_as32      0
extended      
flags         0
history       0
hop           E42:25A:405:609:809:A0C:C0D:E10
hopv4         0.0.0.0
hopv6         E42:25A:405:609:809:A0C:C0D:E10
id            0
internal      0
key           0
label         0
labels        
local         0
med           0
message       5
mvpn          0
new_state     0
old_state     0
origin        105
originator    0.0.0.0
path          3650
path16        3650
path32        
prefix        708:90A:B0C:D0E::/64
prefixv4      0.0.0.0/0
prefixv6      708:90A:B0C:D0E::/64
rd_addr       ::
rd_as         0
rd_number     0
rd_type       0
rib_failure   0
safi          1
slot          0
src_addr      0.19.2.41
src_addrv4    0.19.2.41
src_addrv6    ::
src_as        20
src_as16      20
src_as32      0
stale         0
stamp         2010-12-31+19:00:25
suppressed    0
time          2010-12-31+19:00:25
type          65
unknown       
usec          0
valid         1
weight        0
MESSAGE       1
PART          0

afi           2
agg_addr      0.0.0.0
agg_addrv4    0.0.0.0
agg_addrv6    ::
agg_addr32    0.0.0.0
agg_addr32v4  0.0.0.0
agg_addr32v6  ::
agg_as        0
agg_as16      0
agg_as32      0
atomic        0
best          0
bits          64
bitsv4        0
bitsv6        64
cluster       
community     
damped        0
dpa_addr      0.0.0.0
dpa_addrv4    0.0.0.0
dpa_addrv6    ::
dpa_as        0
dpa_as16      0
dpa_as32      0
dst_addr      0.0.0.0
dst_addrv4    0.0.0.0
dst_addrv6    ::
dst_as        0
dst_as16      0
dst_as32      0
extended      
flags         0
history       0
hop           E44:25B:405:60A:809:A0D:C0D:E11
hopv4         0.0.0.0
hopv6         E44:25B:405:60A:809:A0D:C0D:E11
id            0
internal      0
key           0
label         0
labels        
local         0
med           0
message       5
mvpn          0
new_state     0
old_state     0
origin        105
originator    0.0.0.0
path          3652
path16        3652
path32        
prefix        708:90A:B0C:D0E::/64
prefixv4      0.0.0.0/0
prefixv6      708:90A:B0C:D0E::/64
rd_addr       ::
rd_as         0
rd_number     0
rd_type       0
rib_failure   0
safi          1
slot          0
src_addr      0.18.2.39
src_addrv4    0.18.2.39
src_addrv6    ::
src_as        19
src_as16      19
src_as32      0
stale         0
stamp         2010-12-31+19:00:26
suppressed    0
time          2010-12-31+19:00:26
type          65
unknown       
usec          0
valid         1
weight        0
MESSAGE       1
PART          1

afi           2
agg_addr      0.0.0.0
agg_addrv4    0.0.0.0
agg_addrv6    ::
agg_addr32    0.0.0.0
agg_addr32v4  0.0.0.0
agg_addr32v6  ::
agg_as        0
agg_as16      0
agg_as32      0
atomic        0
best          0
bits          64
bitsv4        0
bitsv6        64
cluster       
community     
damped        0
dpa_addr      0.0.0.0
dpa_addrv4    0.0.0.0
dpa_addrv6    ::
dpa_as        0
dpa_as16      0
dpa_as32      0
dst_addr      0.0.0.0
dst_addrv4    0.0.0.0
dst_addrv6    ::
dst_as        0
dst_as16      0
dst_as32      0
extended      
flags         0
history       0
hop           E46:25C:405:60B:809:A0E:C0D:E12
hopv4         0.0.0.0
hopv6         E46:25C:405:60B:809:A0E:C0D:E12
id            0
internal      0
key           0
label         0
labels        
local         0
med           0
message       5
mvpn          0
new_state     0
old_state     0
origin        105
originator    0.0.0.0
path          3654
path16        3654
path32        
prefix        708:90A:B0C:D0E::/64
prefixv4      0.0.0.0/0
prefixv6      708:90A:B0C:D0E::/64
rd_addr       ::
rd_as         0
rd_number     0
rd_type       0
rib_failure   0
safi          1
slot          0
src_addr      0.17.2.37
src_addrv4    0.17.2.37
src_addrv6    ::
src_as        18
src_as16      18
src_as32      0
stale         0
stamp         2010-12-31+19:00:27
suppressed    0
time          2010-12-31+19:00:27
type          65
unknown       
usec          0
valid         1
weight        0
MESSAGE       1
PART          1

afi           2
agg_addr      0.0.0.0
agg_addrv4    0.0.0.0
agg_addrv6    ::
agg_addr32    0.0.0.0
agg_addr32v4  0.0.0.0
agg_addr32v6  ::
agg_as        0
agg_as16      0
agg_as32      0
atomic        0
best          0
bits          64
bitsv4        0
bitsv6        64
cluster       
community     
damped        0
dpa_addr      0.0.0.0
dpa_addrv4    0.0.0.0
dpa_addrv6    ::
dpa_as        0
dpa_as16      0
dpa_as32      0
dst_addr      0.0.0.0
dst_addrv4    0.0.0.0
dst_addrv6    ::
dst_as        0
dst_as16      0
dst_as32      0
extended      
flags         0
history       0
hop           E48:25D:405:60C:809:A0F:C0D:E13
hopv4         0.0.0.0
hopv6         E48:25D:405:60C:809:A0F:C0D:E13
id            0
internal      0
key           0
label         0
labels        
local         0
med           0
message       5
mvpn          0
new_state     0
old_state     0
origin        105
originator    0.0.0.0
path          3656
path16        3656
path32        
prefix        708:90A:B0C:D0E::/64
prefixv4      0.0.0.0/0
prefixv6      708:90A:B0C:D0E::/64
rd_addr       ::
rd_as         0
rd_number     0
rd_type       0
rib_failure   0
safi          1
slot          0
src_addr      0.16.2.35
src_addrv4    0.16.2.35
src_addrv6    ::
src_as        17
src_as16      17
src_as32      0
stale         0
stamp         2010-12-31+19:00:28
suppressed    0
time          2010-12-31+19:00:28
type          65
unknown       
usec          0
valid         1
weight        0
MESSAGE       1
PART          1

afi           2
agg_addr      0.0.0.0
agg_addrv4    0.0.0.0
agg_addrv6    ::
agg_addr32    0.0.0.0
agg_addr32v4  0.0.0.0
agg_addr32v6  ::
agg_as        0
agg_as16      0
agg_as32      0
atomic        0
best          0
bits          64
bitsv4        0
bitsv6        64
cluster       
community     
damped        0
dpa_addr      0.0.0.0
dpa_addrv4    0.0.0.0
dpa_addrv6    ::
dpa_as        0
dpa_as16      0
dpa_as32      0
dst_addr      0.0.0.0
dst_addrv4    0.0.0.0
dst_addrv6    ::
dst_as        0
dst_as16      0
dst_as32      0
extended      
flags         0
history       0
hop           E4A:25E:405:60D:809:A10:C0D:E14
hopv4         0.0.0.0
hopv6         E4A:25E:405:60D:809:A10:C0D:E14
id            0
internal      0
key           0
label         0
labels        
local         0
med           0
message       5
mvpn          0
new_state     0
old_state     0
origin        105
originator    0.0.0.0
path          3658
path16        3658
path32        
prefix        708:90A:B0C:D0E::/64
prefixv4      0.0.0.0/0
prefixv6      708:90A:B0C:D0E::/64
rd_addr       ::
rd_as         0
rd_number     0
rd_type       0
rib_failure   0
safi          1
slot          0
src_addr      0.15.2.33
src_addrv4    0.15.2.33
src_addrv6    ::
src_as        16
src_as16      16
src_as32      0
stale         0
stamp         2010-12-31+19:00:29
suppressed    0
time          2010-12-31+19:00:29
type          65
unknown       
usec          0
valid         1
weight        0
MESSAGE       1
PART          1

afi           2
agg_addr      0.0.0.0
agg_addrv4    0.0.0.0
agg_addrv6    ::
agg_addr32    0.0.0.0
agg_addr32v4  0.0.0.0
agg_addr32v6  ::
agg_as        0
agg_as16      0
agg_as32      0
atomic        0
best          0
bits          64
bitsv4        0
bitsv6        64
cluster       
community     
damped        0
dpa_addr      0.0.0.0
dpa_addrv4    0.0.0.0
dpa_addrv6    ::
dpa_as        0
dpa_as16      0
dpa_as32      0
dst_addr      0.0.0.0
dst_addrv4    0.0.0.0
dst_addrv6    ::
dst_as        0
dst_as16      0
dst_as32      0
extended      
flags         0
history       0
hop           E4C:25F:405:60E:809:A11:C0D:E15
hopv4         0.0.0.0
hopv6         E4C:25F:405:60E:809:A11:C0D:E15
id            0
internal      0
key           0
label         0
labels        
local         0
med           0
message       5
mvpn          0
new_state     0
old_state     0
origin        105
originator    0.0.0.0
path          3660
path16        3660
path32        
prefix        708:90A:B0C:D0E::/64
prefixv4      0.0.0.0/0
prefixv6      708:90A:B0C:D0E::/64
rd_addr       ::
rd_as         0
rd_number     0
rd_type       0
rib_failure   0
safi          1
slot          0
src_addr      0.14.2.31
src_addrv4    0.14.2.31
src_addrv6    ::
src_as        15
src_as16      15
src_as32      0
stale         0
stamp         2010-12-31+19:00:30
suppressed    0
time          2010-12-31+19:00:30
type          65
unknown       
usec          0
valid         1
weight        0
MESSAGE       1
PART          1

afi           2
agg_addr      0.0.0.0
agg_addrv4    0.0.0.0
agg_addrv6    ::
agg_addr32    0.0.0.0
agg_addr32v4  0.0.0.0
agg_addr32v6  ::
agg_as        0
agg_as16      0
agg_as32      0
atomic        0
best          0
bits          64
bitsv4        0
bitsv6        64
cluster       
community     
damped        0
dpa_addr      0.0.0.0
dpa_addrv4    0.0.0.0
dpa_addrv6    ::
dpa_as        0
dpa_as16      0
dpa_as32      0
dst_addr      0.0.0.0
dst_addrv4    0.0.0.0
dst_addrv6    ::
dst_as        0
dst_as16      0
dst_as32      0
extended      
flags         0
history       0
hop           E4E:260:405:60F:809:A12:C0D:E16
hopv4         0.0.0.0
hopv6         E4E:260:405:60F:809:A12:C0D:E16
id            0
internal      0
key           0
label         0
labels        
local         0
med           0
message       5
mvpn          0
new_state     0
old_state     0
origin        105
originator    0.0.0.0
path          3662
path16        3662
path32        
prefix        708:90A:B0C:D0E::/64
prefixv4      0.0.0.0/0
prefixv6      708:90A:B0C:D0E::/64
rd_addr       ::
rd_as         0
rd_number     0
rd_type       0
rib_failure   0
safi          1
slot          0
src_addr      0.13.2.29
src_addrv4    0.13.2.29
src_addrv6    ::
src_as        14
src_as16      14
src_as32      0
stale         0
stamp         2010-12-31+19:00:31
suppressed    0
time          2010-12-31+19:00:31
type          65
unknown       
usec          0
valid         1
weight        0
MESSAGE       1
PART          1

afi           2
agg_addr      0.0.0.0
agg_addrv4    0.0.0.0
agg_addrv6    ::
agg_addr32    0.0.0.0
agg_addr32v4  0.0.0.0
agg_addr32v6  ::
agg_as        0
agg_as16      0
agg_as32      0
atomic        0
best          0
bits          64
bitsv4        0
bitsv6        64
cluster       
community     
damped        0
dpa_addr      0.0.0.0
dpa_addrv4    0.0.0.0
dpa_addrv6    ::
dpa_as        0
dpa_as16      0
dpa_as32      0
dst_addr      0.0.0.0
dst_addrv4    0.0.0.0
dst_addrv6    ::
dst_as        0
dst_as16      0
dst_as32      0
extended      
flags         0
history       0
hop           E50:261:405:610:809:A13:C0D:E17
hopv4         0.0.0.0
hopv6         E50:261:405:610:809:A13:C0D:E17
id            0
internal      0
key           0
label         0
labels        
local         0
med           0
message       5
mvpn          0
new_state     0
old_state     0
origin        105
originator    0.0.0.0
path          3664
path16        3664
path32        
prefix        708:90A:B0C:D0E::/64
prefixv4      0.0.0.0/0
prefixv6      708:90A:B0C:D0E::/64
rd_addr       ::
rd_as         0
rd_number     0
rd_type       0
rib_failure   0
safi          1
slot          0
src_addr      0.12.2.27
src_addrv4    0.12.2.27
src_addrv6    ::
src_as        13
src_as16      13
src_as32      0
stale         0
stamp         2010-12-31+19:00:32
suppressed    0
time          2010-12-31+19:00:32
type          65
unknown       
usec          0
valid         1
weight        0
MESSAGE       1
PART          1

afi           2
agg_addr      0.0.0.0
agg_addrv4    0.0.0.0
agg_addrv6    ::
agg_addr32    0.0.0.0
agg_addr32v4  0.0.0.0
agg_addr32v6  ::
agg_as        0
agg_as16      0
agg_as32      0
atomic        0
best          0
bits          64
bitsv4        0
bitsv6        64
cluster       
community     
damped        0
dpa_addr      0.0.0.0
dpa_addrv4    0.0.0.0
dpa_addrv6    ::
dpa_as        0
dpa_as16      0
dpa_as32      0
dst_addr      0.0.0.0
dst_addrv4    0.0.0.0
dst_addrv6    ::
dst_as        0
dst_as16      0
dst_as32      0
extended      
flags         0
history       0
hop           E52:262:405:611:809:A14:C0D:E18
hopv4         0.0.0.0
hopv6         E52:262:405:611:809:A14:C0D:E18
id            0
internal      0
key           0
label         0
labels        
local         0
med           0
message       5
mvpn          0
new_state     0
old_state     0
origin        105
originator    0.0.0.0
path          3666
path16        3666
path32        
prefix        708:90A:B0C:D0E::/64
prefixv4      0.0.0.0/0
prefixv6      708:90A:B0C:D0E::/64
rd_addr       ::
rd_as         0
rd_number     0
rd_type       0
rib_failure   0
safi          1
slot          0
src_addr      0.11.2.25
src_addrv4    0.11.2.25
src_addrv6    ::
src_as        12
src_as16      12
src_as32      0
stale         0
stamp         2010-12-31+19:00:33
suppressed    0
time          2010-12-31+19:00:33
type          65
unknown       
usec          0
valid         1
weight        0
MESSAGE       1
PART          1

afi           2
agg_addr      0.0.0.0
agg_addrv4    0.0.0.0
agg_addrv6    ::
agg_addr32    0.0.0.0
agg_addr32v4  0.0.0.0
agg_addr32v6  ::
agg_as        0
agg_as16      0
agg_as32      0
atomic        0
best          0
bits          64
bitsv4        0
bitsv6        64
cluster       
community     
damped        0
dpa_addr      0.0.0.0
dpa_addrv4    0.0.0.0
dpa_addrv6    ::
dpa_as        0
dpa_as16      0
dpa_as32      0
dst_addr      0.0.0.0
dst_addrv4    0.0.0.0
dst_addrv6    ::
dst_as        0
dst_as16      0
dst_as32      0
extended      
flags         0
history       0
hop           E54:263:405:612:809:A15:C0D:E19
hopv4         0.0.0.0
hopv6         E54:263:405:612:809:A15:C0D:E19
id            0
internal      0
key           0
label         0
labels        
local         0
med           0
message       5
mvpn          0
new_state     0
old_state     0
origin        105
originator    0.0.0.0
path          3668
path16        3668
path32        
prefix        708:90A:B0C:D0E::/64
prefixv4      0.0.0.0/0
prefixv6      708:90A:B0C:D0E::/64
rd_addr       ::
rd_as         0
rd_number     0
rd_type       0
rib_failure   0
safi          1
slot          0
src_addr      0.10.2.23
src_addrv4    0.10.2.23
src_addrv6    ::
src_as        11
src_as16      11
src_as32      0
stale         0
stamp         2010-12-31+19:00:34
suppressed    0
time          2010-12-31+19:00:34
type          65
unknown       
usec          0
valid         1
weight        0
MESSAGE       1
PART          1

afi           2
agg_addr      0.0.0.0
agg_addrv4    0.0.0.0
agg_addrv6    ::
agg_addr32    0.0.0.0
agg_addr32v4  0.0.0.0
agg_addr32v6  ::
agg_as        0
agg_as16      0
agg_as32      0
atomic        0
best          0
bits          64
bitsv4        0
bitsv6        64
cluster       
community     
damped        0
dpa_addr      0.0.0.0
dpa_addrv4    0.0.0.0
dpa_addrv6    ::
dpa_as        0
dpa_as16      0
dpa_as32      0
dst_addr      0.0.0.0
dst_addrv4    0.0.0.0
dst_addrv6    ::
dst_as        0
dst_as16      0
dst_as32      0
extended      
flags         0
history       0
hop           E56:264:405:613:809:A16:C0D:E1A
hopv4         0.0.0.0
hopv6         E56:264:405:613:809:A16:C0D:E1A
id            0
internal      0
key           0
label         0
labels        
local         0
med           0
message       5
mvpn          0
new_state     0
old_state     0
origin        105
originator    0.0.0.0
path          3670
path16        3670
path32        
prefix        708:90A:B0C:D0E::/64
prefixv4      0.0.0.0/0
prefixv6      708:90A:B0C:D0E::/64
rd_addr       ::
rd_as         0
rd_number     0
rd_type       0
rib_failure   0
safi          1
slot          0
src_addr      0.9.2.21
src_addrv4    0.9.2.21
src_addrv6    ::
src_as        10
src_as16      10
src_as32      0
stale         0
stamp         2010-12-31+19:00:35
suppressed    0
time          2010-12-31+19:00:35
type          65
unknown       
usec          0
valid         1
weight        0
MESSAGE       1
PART          1

afi           2
agg_addr      0.0.0.0
agg_addrv4    0.0.0.0
agg_addrv6    ::
agg_addr32    0.0.0.0
agg_addr32v4  0.0.0.0
agg_addr32v6  ::
agg_as        0
agg_as16      0
agg_as32      0
atomic        0
best          0
bits          64
bitsv4        0
bitsv6        64
cluster       
community     
damped        0
dpa_addr      0.0.0.0
dpa_addrv4    0.0.0.0
dpa_addrv6    ::
dpa_as        0
dpa_as16      0
dpa_as32      0
dst_addr      0.0.0.0
dst_addrv4    0.0.0.0
dst_addrv6    ::
dst_as        0
dst_as16      0
dst_as32      0
extended      
flags         0
history       0
hop           E58:265:405:614:809:A17:C0D:E1B
hopv4         0.0.0.0
hopv6         E58:265:405:614:809:A17:C0D:E1B
id            0
internal      0
key           0
label         0
labels        
local         0
med           0
message       5
mvpn          0
new_state     0
old_state     0
origin        105
originator    0.0.0.0
path          3672
path16        3672
path32        
prefix        708:90A:B0C:D0E::/64
prefixv4      0.0.0.0/0
prefixv6      708:90A:B0C:D0E::/64
rd_addr       ::
rd_as         0
rd_number     0
rd_type       0
rib_failure   0
safi          1
slot          0
src_addr      0.8.2.19
src_addrv4    0.8.2.19
src_addrv6    ::
src_as        9
src_as16      9
src_as32      0
stale         0
stamp         2010-12-31+19:00:36
suppressed    0
time          2010-12-31+19:00:36
type          65
unknown       
usec          0
valid         1
weight        0
MESSAGE       1
PART          1

afi           2
agg_addr      0.0.0.0
agg_addrv4    0.0.0.0
agg_addrv6    ::
agg_addr32    0.0.0.0
agg_addr32v4  0.0.0.0
agg_addr32v6  ::
agg_as        0
agg_as16      0
agg_as32      0
atomic        0
best          0
bits          64
bitsv4        0
bitsv6        64
cluster       
community     
damped        0
dpa_addr      0.0.0.0
dpa_addrv4    0.0.0.0
dpa_addrv6    ::
dpa_as        0
dpa_as16      0
dpa_as32      0
dst_addr      0.0.0.0
dst_addrv4    0.0.0.0
dst_addrv6    ::
dst_as        0
dst_as16      0
dst_as32      0
extended      
flags         0
history       0
hop           E5A:266:405:615:809:A18:C0D:E1C
hopv4         0.0.0.0
hopv6         E5A:266:405:615:809:A18:C0D:E1C
id            0
internal      0
key           0
label         0
labels        
local         0
med           0
message       5
mvpn          0
new_state     0
old_state     0
origin        105
originator    0.0.0.0
path          3674
path16        3674
path32        
prefix        708:90A:B0C:D0E::/64
prefixv4      0.0.0.0/0
prefixv6      708:90A:B0C:D0E::/64
rd_addr       ::
rd_as         0
rd_number     0
rd_type       0
rib_failure   0
safi          1
slot          0
src_addr      0.7.2.17
src_addrv4    0.7.2.17
src_addrv6    ::
src_as        8
src_as16      8
src_as32      0
stale         0
stamp         2010-12-31+19:00:37
suppressed    0
time          2010-12-31+19:00:37
type          65
unknown       
usec          0
valid         1
weight        0
MESSAGE       1
PART          1

afi           2
agg_addr      0.0.0.0
agg_addrv4    0.0.0.0
agg_addrv6    ::
agg_addr32    0.0.0.0
agg_addr32v4  0.0.0.0
agg_addr32v6  ::
agg_as        0
agg_as16      0
agg_as32      0
atomic        0
best          0
bits          64
bitsv4        0
bitsv6        64
cluster       
community     
damped        0
dpa_addr      0.0.0.0
dpa_addrv4    0.0.0.0
dpa_addrv6    ::
dpa_as        0
dpa_as16      0
dpa_as32      0
dst_addr      0.0.0.0
dst_addrv4    0.0.0.0
dst_addrv6    ::
dst_as        0
dst_as16      0
dst_as32      0
extended      
flags         0
history       0
hop           E5C:267:405:616:809:A19:C0D:E1D
hopv4         0.0.0.0
hopv6         E5C:267:405:616:809:A19:C0D:E1D
id            0
internal      0
key           0
label         0
labels        
local         0
med           0
message       5
mvpn          0
new_state     0
old_state     0
origin        105
originator    0.0.0.0
path          3676
path16        3676
path32        
prefix        708:90A:B0C:D0E::/64
prefixv4      0.0.0.0/0
prefixv6      708:90A:B0C:D0E::/64
rd_addr       ::
rd_as         0
rd_number     0
rd_type       0
rib_failure   0
safi          1
slot          0
src_addr      0.6.2.15
src_addrv4    0.6.2.15
src_addrv6    ::
src_as        7
src_as16      7
src_as32      0
stale         0
stamp         2010-12-31+19:00:38
suppressed    0
time          2010-12-31+19:00:38
type          65
unknown       
usec          0
valid         1
weight        0
MESSAGE       1
PART          1

afi           2
agg_addr      0.0.0.0
agg_addrv4    0.0.0.0
agg_addrv6    ::
agg_addr32    0.0.0.0
agg_addr32v4  0.0.0.0
agg_addr32v6  ::
agg_as        0
agg_as16      0
agg_as32      0
atomic        0
best          0
bits          64
bitsv4        0
bitsv6        64
cluster       
community     
damped        0
dpa_addr      0.0.0.0
dpa_addrv4    0.0.0.0
dpa_addrv6    ::
dpa_as        0
dpa_as16      0
dpa_as32      0
dst_addr      0.0.0.0
dst_addrv4    0.0.0.0
dst_addrv6    ::
dst_as        0
dst_as16      0
dst_as32      0
extended      
flags         0
history       0
hop           E5E:268:405:617:809:A1A:C0D:E1E
hopv4         0.0.0.0
hopv6         E5E:268:405:617:809:A1A:C0D:E1E
id            0
internal      0
key           0
label         0
labels        
local         0
med           0
message       5
mvpn          0
new_state     0
old_state     0
origin        105
originator    0.0.0.0
path          3678
path16        3678
path32        
prefix        708:90A:B0C:D0E::/64
prefixv4      0.0.0.0/0
prefixv6      708:90A:B0C:D0E::/64
rd_addr       ::
rd_as         0
rd_number     0
rd_type       0
rib_failure   0
safi          1
slot          0
src_addr      0.5.2.13
src_addrv4    0.5.2.13
src_addrv6    ::
src_as        6
src_as16      6
src_as32      0
stale         0
stamp         2010-12-31+19:00:39
suppressed    0
time          2010-12-31+19:00:39
type          65
unknown       
usec          0
valid         1
weight        0
MESSAGE       1
PART          1

afi           2
agg_addr      0.0.0.0
agg_addrv4    0.0.0.0
agg_addrv6    ::
agg_addr32    0.0.0.0
agg_addr32v4  0.0.0.0
agg_addr32v6  ::
agg_as        0
agg_as16      0
agg_as32      0
atomic        0
best          0
bits          64
bitsv4        0
bitsv6        64
cluster       
community     
damped        0
dpa_addr      0.0.0.0
dpa_addrv4    0.0.0.0
dpa_addrv6    ::
dpa_as        0
dpa_as16      0
dpa_as32      0
dst_addr      0.0.0.0
dst_addrv4    0.0.0.0
dst_addrv6    ::
dst_as        0
dst_as16      0
dst_as32      0
extended      
flags         0
history       0
hop           E60:269:405:618:809:A1B:C0D:E1F
hopv4         0.0.0.0
hopv6         E60:269:405:618:809:A1B:C0D:E1F
id            0
internal      0
key           0
label         0
labels        
local         0
med           0
message       5
mvpn          0
new_state     0
old_state     0
origin        105
originator    0.0.0.0
path          3680
path16        3680
path32        
prefix        708:90A:B0C:D0E::/64
prefixv4      0.0.0.0/0
prefixv6      708:90A:B0C:D0E::/64
rd_addr       ::
rd_as         0
rd_number     0
rd_type       0
rib_failure   0
safi          1
slot          0
src_addr      0.4.2.11
src_addrv4    0.4.2.11
src_addrv6    ::
src_as        5
src_as16      5
src_as32      0
stale         0
stamp         2010-12-31+19:00:40
suppressed    0
time          2010-12-31+19:00:40
type          65
unknown       
usec          0
valid         1
weight        0
MESSAGE       1
PART          1

afi           2
agg_addr      0.0.0.0
agg_addrv4    0.0.0.0
agg_addrv6    ::
agg_addr32    0.0.0.0
agg_addr32v4  0.0.0.0
agg_addr32v6  ::
agg_as        0
agg_as16      0
agg_as32      0
atomic        0
best          0
bits          64
bitsv4        0
bitsv6        64
cluster       
community     
damped        0
dpa_addr      0.0.0.0
dpa_addrv4    0.0.0.0
dpa_addrv6    ::
dpa_as        0
dpa_as16      0
dpa_as32      0
dst_addr      0.0.0.0
dst_addrv4    0.0.0.0
dst_addrv6    ::
dst_as        0
dst_as16      0
dst_as32      0
extended      
flags         0
history       0
hop           E62:26A:405:619:809:A1C:C0D:E20
hopv4         0.0.0.0
hopv6         E62:26A:405:619:809:A1C:C0D:E20
id            0
internal      0
key           0
label         0
labels        
local         0
med           0
message       5
mvpn          0
new_state     0
old_state     0
origin        105
originator    0.0.0.0
path          3682
path16        3682
path32        
prefix        708:90A:B0C:D0E::/64
prefixv4      0.0.0.0/0
prefixv6      708:90A:B0C:D0E::/64
rd_addr       ::
rd_as         0
rd_number     0
rd_type       0
rib_failure   0
safi          1
slot          0
src_addr      0.3.2.9
src_addrv4    0.3.2.9
src_addrv6    ::
src_as        4
src_as16      4
src_as32      0
stale         0
stamp         2010-12-31+19:00:41
suppressed    0
time          2010-12-31+19:00:41
type          65
unknown       
usec          0
valid         1
weight        0
MESSAGE       1
PART          1

afi           2
agg_addr      0.0.0.0
agg_addrv4    0.0.0.0
agg_addrv6    ::
agg_addr32    0.0.0.0
agg_addr32v4  0.0.0.0
agg_addr32v6  ::
agg_as        0
agg_as16      0
agg_as32      0
atomic        0
best          0
bits          64
bitsv4        0
bitsv6        64
cluster       
community     
damped        0
dpa_addr      0.0.0.0
dpa_addrv4    0.0.0.0
dpa_addrv6    ::
dpa_as        0
dpa_as16      0
dpa_as32      0
dst_addr      0.0.0.0
dst_addrv4    0.0.0.0
dst_addrv6    ::
dst_as        0
dst_as16      0
dst_as32      0
extended      
flags         0
history       0
hop           E64:26B:405:61A:809:A1D:C0D:E21
hopv4         0.0.0.0
hopv6         E64:26B:405:61A:809:A1D:C0D:E21
id            0
internal      0
key           0
label         0
labels        
local         0
med           0
message       5
mvpn          0
new_state     0
old_state     0
origin        105
originator    0.0.0.0
path          3684
path16        3684
path32        
prefix        708:90A:B0C:D0E::/64
prefixv4      0.0.0.0/0
prefixv6      708:90A:B0C:D0E::/64
rd_addr       ::
rd_as         0
rd_number     0
rd_type       0
rib_failure   0
safi          1
slot          0
src_addr      0.2.2.7
src_addrv4    0.2.2.7
src_addrv6    ::
src_as        3
src_as16      3
src_as32      0
stale         0
stamp         2010-12-31+19:00:42
suppressed    0
time          2010-12-31+19:00:42
type          65
unknown       
usec          0
valid         1
weight        0
MESSAGE       1
PART          1

afi           2
agg_addr      0.0.0.0
agg_addrv4    0.0.0.0
agg_addrv6    ::
agg_addr32    0.0.0.0
agg_addr32v4  0.0.0.0
agg_addr32v6  ::
agg_as        0
agg_as16      0
agg_as32      0
atomic        0
best          0
bits          64
bitsv4        0
bitsv6        64
cluster       
community     
damped        0
dpa_addr      0.0.0.0
dpa_addrv4    0.0.0.0
dpa_addrv6    ::
dpa_as        0
dpa_as16      0
dpa_as32      0
dst_addr      0.0.0.0
dst_addrv4    0.0.0.0
dst_addrv6    ::
dst_as        0
dst_as16      0
dst_as32      0
extended      
flags         0
history       0
hop           E66:26C:405:61B:809:A1E:C0D:E22
hopv4         0.0.0.0
hopv6         E66:26C:405:61B:809:A1E:C0D:E22
id            0
internal      0
key           0
label         0
labels        
local         0
med           0
message       5
mvpn          0
new_state     0
old_state     0
origin        105
originator    0.0.0.0
path          3686
path16        3686
path32        
prefix        708:90A:B0C:D0E::/64
prefixv4      0.0.0.0/0
prefixv6      708:90A:B0C:D0E::/64
rd_addr       ::
rd_as         0
rd_number     0
rd_type       0
rib_failure   0
safi          1
slot          0
src_addr      0.1.2.5
src_addrv4    0.1.2.5
src_addrv6    ::
src_as        2
src_as16      2
src_as32      0
stale         0
stamp         2010-12-31+19:00:43
suppressed    0
time          2010-12-31+19:00:43
type          65
unknown       
usec          0
valid         1
weight        0
MESSAGE       1
PART          1

afi           2
agg_addr      0.0.0.0
agg_addrv4    0.0.0.0
agg_addrv6    ::
agg_addr32    0.0.0.0
agg_addr32v4  0.0.0.0
agg_addr32v6  ::
agg_as        0
agg_as16      0
agg_as32      0
atomic        0
best          0
bits          64
bitsv4        0
bitsv6        64
cluster       
community     5739:624
damped        0
dpa_addr      0.0.0.0
dpa_addrv4    0.0.0.0
dpa_addrv6    ::
dpa_as        0
dpa_as16      0
dpa_as32      0
dst_addr      0.0.0.0
dst_addrv4    0.0.0.0
dst_addrv6    ::
dst_as        0
dst_as16      0
dst_as32      0
extended      22:107:2:113:4:5:6:28
flags         0
history       0
hop           166B:272:405:61D:809:A1F:C0D:E23
hopv4         0.0.0.0
hopv6         166B:272:405:61D:809:A1F:C0D:E23
id            0
internal      0
key           0
label         59009
labels        59009:1
local         0
med           376111727
message       6
mvpn          0
new_state     0
old_state     0
origin        105
originator    0.0.0.0
path          5739
path16        5739
path32        
prefix        F10:1112:1314:1516::/64
prefixv4      0.0.0.0/0
prefixv6      F10:1112:1314:1516::/64
rd_addr       ::
rd_as         3689
rd_number     241762926
rd_type       0
rib_failure   0
safi          128
slot          0
src_addr      0.20.2.43
src_addrv4    0.20.2.43
src_addrv6    ::
src_as        21
src_as16      21
src_as32      0
stale         0
stamp         2010-12-31+19:00:45
suppressed    0
time          2010-12-31+19:00:45
type          65
unknown       
usec          0
valid         1
weight        0
MESSAGE       0
PART          0

afi           1
agg_addr      0.0.0.0
agg_addrv4    0.0.0.0
agg_addrv6    ::
agg_addr32    0.0.0.0
agg_addr32v4  0.0.0.0
agg_addr32v6  ::
agg_as        0
agg_as16      0
agg_as32      0
atomic        0
best          1
bits          30
bitsv4        30
bitsv6        0
cluster       
community     
damped        0
dpa_addr      0.0.0.0
dpa_addrv4    0.0.0.0
dpa_addrv6    ::
dpa_as        0
dpa_as16      0
dpa_as32      0
dst_addr      0.0.0.0
dst_addrv4    0.0.0.0
dst_addrv6    ::
dst_as        0
dst_as16      0
dst_as32      0
extended      
flags         0
history       0
hop           22.108.2.117
hopv4         22.108.2.117
hopv6         ::
id            0
internal      0
key           0
label         0
labels        
local         376177270
med           0
message       7
mvpn          0
new_state     0
old_state     0
origin        105
originator    0.0.0.0
path          
path16        
path32        
prefix        22.107.2.115/30
prefixv4      22.107.2.115/30
prefixv6      ::/0
rd_addr       0.0.0.0
rd_as         0
rd_number     0
rd_type       0
rib_failure   0
safi          1
slot          0
src_addr      22.107.2.116
src_addrv4    22.107.2.116
src_addrv6    ::
src_as        5740
src_as16      5740
src_as32      0
stale         0
stamp         2010-12-31+19:00:47
suppressed    0
time          2010-12-31+19:00:47
type          84
unknown       
usec          0
valid         1
weight        0
MESSAGE       1
PART          0

afi           1
agg_addr      0.0.0.0
agg_addrv4    0.0.0.0
agg_addrv6    ::
agg_addr32    0.0.0.0
agg_addr32v4  0.0.0.0
agg_addr32v6  ::
agg_as        0
agg_as16      0
agg_as32      0
atomic        0
best          1
bits          24
bitsv4        24
bitsv6        0
cluster       22.109.2.124
community     
damped        0
dpa_addr      0.0.0.0
dpa_addrv4    0.0.0.0
dpa_addrv6    ::
dpa_as        0
dpa_as16      0
dpa_as32      0
dst_addr      0.0.0.0
dst_addrv4    0.0.0.0
dst_addrv6    ::
dst_as        0
dst_as16      0
dst_as32      0
extended      
flags         0
history       0
hop           22.109.2.121
hopv4         22.109.2.121
hopv6         ::
id            0
internal      0
key           0
label         0
labels        
local         376242810
med           0
message       8
mvpn          0
new_state     0
old_state     0
origin        105
originator    22.109.2.123
path          
path16        
path32        
prefix        22.108.2.119/24
prefixv4      22.108.2.119/24
prefixv6      ::/0
rd_addr       0.0.0.0
rd_as         0
rd_number     0
rd_type       0
rib_failure   0
safi          1
slot          0
src_addr      22.108.2.120
src_addrv4    22.108.2.120
src_addrv6    ::
src_as        5741
src_as16      5741
src_as32      0
stale         0
stamp         2010-12-31+19:00:49
suppressed    0
time          2010-12-31+19:00:49
type          84
unknown       
usec          0
valid         1
weight        0
MESSAGE       0
PART          0

afi           1
agg_addr      0.0.0.0
agg_addrv4    0.0.0.0
agg_addrv6    ::
agg_addr32    0.0.0.0
agg_addr32v4  0.0.0.0
agg_addr32v6  ::
agg_as        0
agg_as16      0
agg_as32      0
atomic        0
best          1
bits          32
bitsv4        32
bitsv6        0
cluster       
community     
damped        0
dpa_addr      0.0.0.0
dpa_addrv4    0.0.0.0
dpa_addrv6    ::
dpa_as        0
dpa_as16      0
dpa_as32      0
dst_addr      0.0.0.0
dst_addrv4    0.0.0.0
dst_addrv6    ::
dst_as        0
dst_as16      0
dst_as32      0
extended      
flags         0
history       0
hop           22.110.2.127
hopv4         22.110.2.127
hopv6         ::
id            0
internal      0
key           0
label         0
labels        
local         376308353
med           376308352
message       9
mvpn          0
new_state     0
old_state     0
origin        105
originator    0.0.0.0
path          
path16        
path32        
prefix        22.109.2.125/32
prefixv4      22.109.2.125/32
prefixv6      ::/0
rd_addr       0.0.0.0
rd_as         0
rd_number     0
rd_type       0
rib_failure   0
safi          1
slot          0
src_addr      22.109.2.126
src_addrv4    22.109.2.126
src_addrv6    ::
src_as        5742
src_as16      5742
src_as32      0
stale         0
stamp         2010-12-31+19:00:51
suppressed    0
time          2010-12-31+19:00:51
type          84
unknown       
usec          0
valid         1
weight        0
MESSAGE       1
PART          0

afi           1
agg_addr      0.0.0.0
agg_addrv4    0.0.0.0
agg_addrv6    ::
agg_addr32    0.0.0.0
agg_addr32v4  0.0.0.0
agg_addr32v6  ::
agg_as        0
agg_as16      0
agg_as32      0
atomic        0
best          1
bits          32
bitsv4        32
bitsv6        0
cluster       
community     
damped        0
dpa_addr      0.0.0.0
dpa_addrv4    0.0.0.0
dpa_addrv6    ::
dpa_as        0
dpa_as16      0
dpa_as32      0
dst_addr      0.0.0.0
dst_addrv4    0.0.0.0
dst_addrv6    ::
dst_as        0
dst_as16      0
dst_as32      0
extended      
flags         0
history       0
hop           22.111.2.132
hopv4         22.111.2.132
hopv6         ::
id            0
internal      0
key           0
label         0
labels        
local         376373894
med           376373893
message       10
mvpn          0
new_state     0
old_state     0
origin        105
originator    0.0.0.0
path          
path16        
path32        
prefix        22.110.2.130/32
prefixv4      22.110.2.130/32
prefixv6      ::/0
rd_addr       0.0.0.0
rd_as         0
rd_number     0
rd_type       0
rib_failure   0
safi          1
slot          0
src_addr      22.110.2.131
src_addrv4    22.110.2.131
src_addrv6    ::
src_as        5743
src_as16      5743
src_as32      0
stale         0
stamp         2010-12-31+19:00:53
suppressed    0
time          2010-12-31+19:00:53
type          84
unknown       
usec          0
valid         1
weight        0
MESSAGE       0
PART          0

afi           1
agg_addr      0.0.0.0
agg_addrv4    0.0.0.0
agg_addrv6    ::
agg_addr32    0.0.0.0
agg_addr32v4  0.0.0.0
agg_addr32v6  ::
agg_as        0
agg_as16      0
agg_as32      0
atomic        0
best          1
bits          30
bitsv4        30
bitsv6        0
cluster       
community     
damped        0
dpa_addr      0.0.0.0
dpa_addrv4    0.0.0.0
dpa_addrv6    ::
dpa_as        0
dpa_as16      0
dpa_as32      0
dst_addr      0.0.0.0
dst_addrv4    0.0.0.0
dst_addrv6    ::
dst_as        0
dst_as16      0
dst_as32      0
extended      
flags         0
history       0
hop           22.112.2.137
hopv4         22.112.2.137
hopv6         ::
id            0
internal      0
key           0
label         0
labels        
local         376439435
med           376439434
message       11
mvpn          0
new_state     0
old_state     0
origin        105
originator    0.0.0.0
path          
path16        
path32        
prefix        22.111.2.135/30
prefixv4      22.111.2.135/30
prefixv6      ::/0
rd_addr       0.0.0.0
rd_as         0
rd_number     0
rd_type       0
rib_failure   0
safi          1
slot          0
src_addr      22.111.2.136
src_addrv4    22.111.2.136
src_addrv6    ::
src_as        5744
src_as16      5744
src_as32      0
stale         0
stamp         2010-12-31+19:00:55
suppressed    0
time          2010-12-31+19:00:55
type          84
unknown       
usec          0
valid         1
weight        0
MESSAGE       1
PART          0

afi           1
agg_addr      0.0.0.0
agg_addrv4    0.0.0.0
agg_addrv6    ::
agg_addr32    0.0.0.0
agg_addr32v4  0.0.0.0
agg_addr32v6  ::
agg_as        0
agg_as16      0
agg_as32      0
atomic        0
best          1
bits          32
bitsv4        32
bitsv6        0
cluster       
community     
damped        0
dpa_addr      0.0.0.0
dpa_addrv4    0.0.0.0
dpa_addrv6    ::
dpa_as        0
dpa_as16      0
dpa_as32      0
dst_addr      0.0.0.0
dst_addrv4    0.0.0.0
dst_addrv6    ::
dst_as        0
dst_as16      0
dst_as32      0
extended      
flags         0
history       0
hop           22.113.2.142
hopv4         22.113.2.142
hopv6         ::
id            0
internal      0
key           0
label         0
labels        
local         376504976
med           376504975
message       12
mvpn          0
new_state     0
old_state     0
origin        105
originator    0.0.0.0
path          
path16        
path32        
prefix        22.112.2.140/32
prefixv4      22.112.2.140/32
prefixv6      ::/0
rd_addr       0.0.0.0
rd_as         0
rd_number     0
rd_type       0
rib_failure   0
safi          1
slot          0
src_addr      22.112.2.141
src_addrv4    22.112.2.141
src_addrv6    ::
src_as        5745
src_as16      5745
src_as32      0
stale         0
stamp         2010-12-31+19:00:57
suppressed    0
time          2010-12-31+19:00:57
type          84
unknown       
usec          0
valid         1
weight        0
MESSAGE       0
PART          0

afi           1
agg_addr      0.0.0.0
agg_addrv4    0.0.0.0
agg_addrv6    ::
agg_addr32    0.0.0.0
agg_addr32v4  0.0.0.0
agg_addr32v6  ::
agg_as        0
agg_as16      0
agg_as32      0
atomic        0
best          1
bits          32
bitsv4        32
bitsv6        0
cluster       
community     
damped        0
dpa_addr      0.0.0.0
dpa_addrv4    0.0.0.0
dpa_addrv6    ::
dpa_as        0
dpa_as16      0
dpa_as32      0
dst_addr      0.0.0.0
dst_addrv4    0.0.0.0
dst_addrv6    ::
dst_as        0
dst_as16      0
dst_as32      0
extended      
flags         0
history       0
hop           22.114.2.147
hopv4         22.114.2.147
hopv6         ::
id            0
internal      0
key           0
label         0
labels        
local         376570517
med           376570516
message       13
mvpn          0
new_state     0
old_state     0
origin        105
originator    0.0.0.0
path          
path16        
path32        
prefix        22.113.2.145/32
prefixv4      22.113.2.145/32
prefixv6      ::/0
rd_addr       0.0.0.0
rd_as         0
rd_number     0
rd_type       0
rib_failure   0
safi          1
slot          0
src_addr      22.113.2.146
src_addrv4    22.113.2.146
src_addrv6    ::
src_as        5746
src_as16      5746
src_as32      0
stale         0
stamp         2010-12-31+19:00:59
suppressed    0
time          2010-12-31+19:00:59
type          84
unknown       
usec          0
valid         1
weight        0
MESSAGE       1
PART          0

afi           1
agg_addr      0.0.0.0
agg_addrv4    0.0.0.0
agg_addrv6    ::
agg_addr32    0.0.0.0
agg_addr32v4  0.0.0.0
agg_addr32v6  ::
agg_as        0
agg_as16      0
agg_as32      0
atomic        0
best          1
bits          32
bitsv4        32
bitsv6        0
cluster       
community     
damped        0
dpa_addr      0.0.0.0
dpa_addrv4    0.0.0.0
dpa_addrv6    ::
dpa_as        0
dpa_as16      0
dpa_as32      0
dst_addr      0.0.0.0
dst_addrv4    0.0.0.0
dst_addrv6    ::
dst_as        0
dst_as16      0
dst_as32      0
extended      
flags         0
history       0
hop           22.115.2.152
hopv4         22.115.2.152
hopv6         ::
id            0
internal      0
key           0
label         0
labels        
local         376636058
med           376636057
message       14
mvpn          0
new_state     0
old_state     0
origin        105
originator    0.0.0.0
path          
path16        
path32        
prefix        22.114.2.150/32
prefixv4      22.114.2.150/32
prefixv6      ::/0
rd_addr       0.0.0.0
rd_as         0
rd_number     0
rd_type       0
rib_failure   0
safi          1
slot          0
src_addr      22.114.2.151
src_addrv4    22.114.2.151
src_addrv6    ::
src_as        5747
src_as16      5747
src_as32      0
stale         0
stamp         2010-12-31+19:01:01
suppressed    0
time          2010-12-31+19:01:01
type          84
unknown       
usec          0
valid         1
weight        0
MESSAGE       0
PART          0

afi           1
agg_addr      0.0.0.0
agg_addrv4    0.0.0.0
agg_addrv6    ::
agg_addr32    0.0.0.0
agg_addr32v4  0.0.0.0
agg_addr32v6  ::
agg_as        0
agg_as16      0
agg_as32      0
atomic        0
best          1
bits          32
bitsv4        32
bitsv6        0
cluster       
community     
damped        0
dpa_addr      0.0.0.0
dpa_addrv4    0.0.0.0
dpa_addrv6    ::
dpa_as        0
dpa_as16      0
dpa_as32      0
dst_addr      0.0.0.0
dst_addrv4    0.0.0.0
dst_addrv6    ::
dst_as        0
dst_as16      0
dst_as32      0
extended      
flags         0
history       0
hop           22.116.2.157
hopv4         22.116.2.157
hopv6         ::
id            0
internal      0
key           0
label         0
labels        
local         376701599
med           376701598
message       15
mvpn          0
new_state     0
old_state     0
origin        105
originator    0.0.0.0
path          
path16        
path32        
prefix        22.115.2.155/32
prefixv4      22.115.2.155/32
prefixv6      ::/0
rd_addr       0.0.0.0
rd_as         0
rd_number     0
rd_type       0
rib_failure   0
safi          1
slot          0
src_addr      22.115.2.156
src_addrv4    22.115.2.156
src_addrv6    ::
src_as        5748
src_as16      5748
src_as32      0
stale         0
stamp         2010-12-31+19:01:03
suppressed    0
time          2010-12-31+19:01:03
type          84
unknown       
usec          0
valid         1
weight        0
MESSAGE       1
PART          0

afi           1
agg_addr      0.0.0.0
agg_addrv4    0.0.0.0
agg_addrv6    ::
agg_addr32    0.0.0.0
agg_addr32v4  0.0.0.0
agg_addr32v6  ::
agg_as        0
agg_as16      0
agg_as32      0
atomic        0
best          1
bits          30
bitsv4        30
bitsv6        0
cluster       
community     
damped        0
dpa_addr      0.0.0.0
dpa_addrv4    0.0.0.0
dpa_addrv6    ::
dpa_as        0
dpa_as16      0
dpa_as32      0
dst_addr      0.0.0.0
dst_addrv4    0.0.0.0
dst_addrv6    ::
dst_as        0
dst_as16      0
dst_as32      0
extended      
flags         0
history       0
hop           22.117.2.162
hopv4         22.117.2.162
hopv6         ::
id            0
internal      0
key           0
label         0
labels        
local         376767140
med           376767139
message       16
mvpn          0
new_state     0
old_state     0
origin        105
originator    0.0.0.0
path          
path16        
path32        
prefix        22.116.2.160/30
prefixv4      22.116.2.160/30
prefixv6      ::/0
rd_addr       0.0.0.0
rd_as         0
rd_number     0
rd_type       0
rib_failure   0
safi          1
slot          0
src_addr      22.116.2.161
src_addrv4    22.116.2.161
src_addrv6    ::
src_as        5749
src_as16      5749
src_as32      0
stale         0
stamp         2010-12-31+19:01:05
suppressed    0
time          2010-12-31+19:01:05
type          84
unknown       
usec          0
valid         1
weight        0
MESSAGE       0
PART          0

afi           1
agg_addr      0.0.0.0
agg_addrv4    0.0.0.0
agg_addrv6    ::
agg_addr32    0.0.0.0
agg_addr32v4  0.0.0.0
agg_addr32v6  ::
agg_as        0
agg_as16      0
agg_as32      0
atomic        0
best          1
bits          30
bitsv4        30
bitsv6        0
cluster       
community     
damped        0
dpa_addr      0.0.0.0
dpa_addrv4    0.0.0.0
dpa_addrv6    ::
dpa_as        0
dpa_as16      0
dpa_as32      0
dst_addr      0.0.0.0
dst_addrv4    0.0.0.0
dst_addrv6    ::
dst_as        0
dst_as16      0
dst_as32      0
extended      
flags         0
history       0
hop           22.118.2.167
hopv4         22.118.2.167
hopv6         ::
id            0
internal      0
key           0
label         0
labels        
local         376832681
med           376832680
message       17
mvpn          0
new_state     0
old_state     0
origin        105
originator    0.0.0.0
path          
path16        
path32        
prefix        22.117.2.165/30
prefixv4      22.117.2.165/30
prefixv6      ::/0
rd_addr       0.0.0.0
rd_as         0
rd_number     0
rd_type       0
rib_failure   0
safi          1
slot          0
src_addr      22.117.2.166
src_addrv4    22.117.2.166
src_addrv6    ::
src_as        5750
src_as16      5750
src_as32      0
stale         0
stamp         2010-12-31+19:01:07
suppressed    0
time          2010-12-31+19:01:07
type          84
unknown       
usec          0
valid         1
weight        0
MESSAGE       1
PART          0

afi           1
agg_addr      0.0.0.0
agg_addrv4    0.0.0.0
agg_addrv6    ::
agg_addr32    0.0.0.0
agg_addr32v4  0.0.0.0
agg_addr32v6  ::
agg_as        0
agg_as16      0
agg_as32      0
atomic        0
best          1
bits          30
bitsv4        30
bitsv6        0
cluster       
community     
damped        0
dpa_addr      0.0.0.0
dpa_addrv4    0.0.0.0
dpa_addrv6    ::
dpa_as        0
dpa_as16      0
dpa_as32      0
dst_addr      0.0.0.0
dst_addrv4    0.0.0.0
dst_addrv6    ::
dst_as        0
dst_as16      0
dst_as32      0
extended      
flags         0
history       0
hop           22.119.2.172
hopv4         22.119.2.172
hopv6         ::
id            0
internal      0
key           0
label         0
labels        
local         376898222
med           376898221
message       18
mvpn          0
new_state     0
old_state     0
origin        105
originator    0.0.0.0
path          
path16        
path32        
prefix        22.118.2.170/30
prefixv4      22.118.2.170/30
prefixv6      ::/0
rd_addr       0.0.0.0
rd_as         0
rd_number     0
rd_type       0
rib_failure   0
safi          1
slot          0
src_addr      22.118.2.171
src_addrv4    22.118.2.171
src_addrv6    ::
src_as        5751
src_as16      5751
src_as32      0
stale         0
stamp         2010-12-31+19:01:09
suppressed    0
time          2010-12-31+19:01:09
type          84
unknown       
usec          0
valid         1
weight        0
MESSAGE       0
PART          0

afi           1
agg_addr      0.0.0.0
agg_addrv4    0.0.0.0
agg_addrv6    ::
agg_addr32    0.0.0.0
agg_addr32v4  0.0.0.0
agg_addr32v6  ::
agg_as        0
agg_as16      0
agg_as32      0
atomic        0
best          1
bits          32
bitsv4        32
bitsv6        0
cluster       
community     
damped        0
dpa_addr      0.0.0.0
dpa_addrv4    0.0.0.0
dpa_addrv6    ::
dpa_as        0
dpa_as16      0
dpa_as32      0
dst_addr      0.0.0.0
dst_addrv4    0.0.0.0
dst_addrv6    ::
dst_as        0
dst_as16      0
dst_as32      0
extended      
flags         0
history       0
hop           22.120.2.177
hopv4         22.120.2.177
hopv6         ::
id            0
internal      0
key           0
label         0
labels        
local         376963763
med           376963762
message       19
mvpn          0
new_state     0
old_state     0
origin        105
originator    0.0.0.0
path          
path16        
path32        
prefix        22.119.2.175/32
prefixv4      22.119.2.175/32
prefixv6      ::/0
rd_addr       0.0.0.0
rd_as         0
rd_number     0
rd_type       0
rib_failure   0
safi          1
slot          0
src_addr      22.119.2.176
src_addrv4    22.119.2.176
src_addrv6    ::
src_as        5752
src_as16      5752
src_as32      0
stale         0
stamp         2010-12-31+19:01:11
suppressed    0
time          2010-12-31+19:01:11
type          84
unknown       
usec          0
valid         1
weight        0
MESSAGE       1
PART          0

afi           1
agg_addr      0.0.0.0
agg_addrv4    0.0.0.0
agg_addrv6    ::
agg_addr32    0.0.0.0
agg_addr32v4  0.0.0.0
agg_addr32v6  ::
agg_as        0
agg_as16      0
agg_as32      0
atomic        0
best          1
bits          32
bitsv4        32
bitsv6        0
cluster       
community     
damped        0
dpa_addr      0.0.0.0
dpa_addrv4    0.0.0.0
dpa_addrv6    ::
dpa_as        0
dpa_as16      0
dpa_as32      0
dst_addr      0.0.0.0
dst_addrv4    0.0.0.0
dst_addrv6    ::
dst_as        0
dst_as16      0
dst_as32      0
extended      
flags         0
history       0
hop           22.121.2.182
hopv4         22.121.2.182
hopv6         ::
id            0
internal      0
key           0
label         0
labels        
local         377029303
med           0
message       20
mvpn          0
new_state     0
old_state     0
origin        105
originator    0.0.0.0
path          
path16        
path32        
prefix        22.120.2.180/32
prefixv4      22.120.2.180/32
prefixv6      ::/0
rd_addr       0.0.0.0
rd_as         0
rd_number     0
rd_type       0
rib_failure   0
safi          1
slot          0
src_addr      22.120.2.181
src_addrv4    22.120.2.181
src_addrv6    ::
src_as        5753
src_as16      5753
src_as32      0
stale         0
stamp         2010-12-31+19:01:13
suppressed    0
time          2010-12-31+19:01:13
type          84
unknown       
usec          0
valid         1
weight        0
MESSAGE       0
PART          0

afi           1
agg_addr      0.0.0.0
agg_addrv4    0.0.0.0
agg_addrv6    ::
agg_addr32    0.0.0.0
agg_addr32v4  0.0.0.0
agg_addr32v6  ::
agg_as        0
agg_as16      0
agg_as32      0
atomic        0
best          1
bits          30
bitsv4        30
bitsv6        0
cluster       
community     
damped        0
dpa_addr      0.0.0.0
dpa_addrv4    0.0.0.0
dpa_addrv6    ::
dpa_as        0
dpa_as16      0
dpa_as32      0
dst_addr      0.0.0.0
dst_addrv4    0.0.0.0
dst_addrv6    ::
dst_as        0
dst_as16      0
dst_as32      0
extended      
flags         0
history       0
hop           22.122.2.186
hopv4         22.122.2.186
hopv6         ::
id            0
internal      0
key           0
label         0
labels        
local         377094844
med           377094843
message       21
mvpn          0
new_state     0
old_state     0
origin        105
originator    0.0.0.0
path          
path16        
path32        
prefix        22.121.2.184/30
prefixv4      22.121.2.184/30
prefixv6      ::/0
rd_addr       0.0.0.0
rd_as         0
rd_number     0
rd_type       0
rib_failure   0
safi          1
slot          0
src_addr      22.121.2.185
src_addrv4    22.121.2.185
src_addrv6    ::
src_as        5754
src_as16      5754
src_as32      0
stale         0
stamp         2010-12-31+19:01:15
suppressed    0
time          2010-12-31+19:01:15
type          84
unknown       
usec          0
valid         1
weight        0
MESSAGE       1
PART          0

afi           1
agg_addr      0.0.0.0
agg_addrv4    0.0.0.0
agg_addrv6    ::
agg_addr32    0.0.0.0
agg_addr32v4  0.0.0.0
agg_addr32v6  ::
agg_as        0
agg_as16      0
agg_as32      0
atomic        0
best          1
bits          27
bitsv4        27
bitsv6        0
cluster       22.123.2.194
community     
damped        0
dpa_addr      0.0.0.0
dpa_addrv4    0.0.0.0
dpa_addrv6    ::
dpa_as        0
dpa_as16      0
dpa_as32      0
dst_addr      0.0.0.0
dst_addrv4    0.0.0.0
dst_addrv6    ::
dst_as        0
dst_as16      0
dst_as32      0
extended      
flags         0
history       0
hop           22.123.2.191
hopv4         22.123.2.191
hopv6         ::
id            0
internal      0
key           0
label         0
labels        
local         377160384
med           0
message       22
mvpn          0
new_state     0
old_state     0
origin        105
originator    22.123.2.193
path          
path16        
path32        
prefix        22.122.2.189/27
prefixv4      22.122.2.189/27
prefixv6      ::/0
rd_addr       0.0.0.0
rd_as         0
rd_number     0
rd_type       0
rib_failure   0
safi          1
slot          0
src_addr      22.122.2.190
src_addrv4    22.122.2.190
src_addrv6    ::
src_as        5755
src_as16      5755
src_as32      0
stale         0
stamp         2010-12-31+19:01:17
suppressed    0
time          2010-12-31+19:01:17
type          84
unknown       
usec          0
valid         1
weight        0
MESSAGE       0
PART          0

afi           1
agg_addr      0.0.0.0
agg_addrv4    0.0.0.0
agg_addrv6    ::
agg_addr32    0.0.0.0
agg_addr32v4  0.0.0.0
agg_addr32v6  ::
agg_as        0
agg_as16      0
agg_as32      0
atomic        0
best          1
bits          30
bitsv4        30
bitsv6        0
cluster       
community     
damped        0
dpa_addr      0.0.0.0
dpa_addrv4    0.0.0.0
dpa_addrv6    ::
dpa_as        0
dpa_as16      0
dpa_as32      0
dst_addr      0.0.0.0
dst_addrv4    0.0.0.0
dst_addrv6    ::
dst_as        0
dst_as16      0
dst_as32      0
extended      
flags         0
history       0
hop           22.124.2.197
hopv4         22.124.2.197
hopv6         ::
id            0
internal      0
key           0
label         0
labels        
local         377225927
med           377225926
message       23
mvpn          0
new_state     0
old_state     0
origin        105
originator    0.0.0.0
path          
path16        
path32        
prefix        22.123.2.195/30
prefixv4      22.123.2.195/30
prefixv6      ::/0
rd_addr       0.0.0.0
rd_as         0
rd_number     0
rd_type       0
rib_failure   0
safi          1
slot          0
src_addr      22.123.2.196
src_addrv4    22.123.2.196
src_addrv6    ::
src_as        5756
src_as16      5756
src_as32      0
stale         0
stamp         2010-12-31+19:01:19
suppressed    0
time          2010-12-31+19:01:19
type          84
unknown       
usec          0
valid         1
weight        0
MESSAGE       1
PART          0

afi           1
agg_addr      0.0.0.0
agg_addrv4    0.0.0.0
agg_addrv6    ::
agg_addr32    0.0.0.0
agg_addr32v4  0.0.0.0
agg_addr32v6  ::
agg_as        0
agg_as16      0
agg_as32      0
atomic        0
best          1
bits          30
bitsv4        30
bitsv6        0
cluster       
community     
damped        0
dpa_addr      0.0.0.0
dpa_addrv4    0.0.0.0
dpa_addrv6    ::
dpa_as        0
dpa_as16      0
dpa_as32      0
dst_addr      0.0.0.0
dst_addrv4    0.0.0.0
dst_addrv6    ::
dst_as        0
dst_as16      0
dst_as32      0
extended      
flags         0
history       0
hop           22.125.2.202
hopv4         22.125.2.202
hopv6         ::
id            0
internal      0
key           0
label         0
labels        
local         377291468
med           377291467
message       24
mvpn          0
new_state     0
old_state     0
origin        105
originator    0.0.0.0
path          
path16        
path32        
prefix        22.124.2.200/30
prefixv4      22.124.2.200/30
prefixv6      ::/0
rd_addr       0.0.0.0
rd_as         0
rd_number     0
rd_type       0
rib_failure   0
safi          1
slot          0
src_addr      22.124.2.201
src_addrv4    22.124.2.201
src_addrv6    ::
src_as        5757
src_as16      5757
src_as32      0
stale         0
stamp         2010-12-31+19:01:21
suppressed    0
time          2010-12-31+19:01:21
type          84
unknown       
usec          0
valid         1
weight        0
MESSAGE       0
PART          0

afi           2
agg_addr      0.0.0.0
agg_addrv4    0.0.0.0
agg_addrv6    ::
agg_addr32    0.0.0.0
agg_addr32v4  0.0.0.0
agg_addr32v6  ::
agg_as        0
agg_as16      0
agg_as32      0
atomic        0
best          1
bits          1
bitsv4        0
bitsv6        1
cluster       
community     
damped        0
dpa_addr      0.0.0.0
dpa_addrv4    0.0.0.0
dpa_addrv6    ::
dpa_as        0
dpa_as16      0
dpa_as32      0
dst_addr      0.0.0.0
dst_addrv4    0.0.0.0
dst_addrv6    ::
dst_as        0
dst_as16      0
dst_as32      0
extended      
flags         0
history       0
hop           177E:2CF:505:61F:909:A21:D0D:E25
hopv4         0.0.0.0
hopv6         177E:2CF:505:61F:909:A21:D0D:E25
id            0
internal      0
key           0
label         0
labels        
local         394134222
med           0
message       25
mvpn          0
new_state     0
old_state     0
origin        105
originator    0.0.0.0
path          
path16        
path32        
prefix        177D:2CC:505:61D:909:A1F:D0D:E23/1
prefixv4      0.0.0.0/0
prefixv6      177D:2CC:505:61D:909:A1F:D0D:E23/1
rd_addr       ::
rd_as         0
rd_number     0
rd_type       0
rib_failure   0
safi          1
slot          0
src_addr      177D:2CD:505:61E:909:A20:D0D:E24
src_addrv4    0.0.0.0
src_addrv6    177D:2CD:505:61E:909:A20:D0D:E24
src_as        6014
src_as16      6014
src_as32      0
stale         0
stamp         2010-12-31+19:01:23
suppressed    0
time          2010-12-31+19:01:23
type          65
unknown       
usec          0
valid         1
weight        0
MESSAGE       1
PART          0
