afi           1
best          1
dst_addrv4    0.3.2.6
dst_as16      3
extended      0:6:2:14:4:5:6:8,8:9:10:12:12:13:14:16
hopv4         0.5.2.9
local         328200
message       1
mvpn          ( group_addrv4=0.6.2.13 rd=( as16=6 number=393738 ) src_addrv4=0.6.2.12 src_as32=523 type=7 )
origin        105
path16        {5}
safi          5
src_addrv4    0.3.2.5
src_as16      2
stamp         2010-12-31+19:00:00
time          2010-12-31+19:00:00
type          65
usec          66052
valid         1
MESSAGE       1

afi           1
best          1
dst_addrv4    0.8.2.17
dst_as16      8
extended      0:11:2:23:4:5:6:9,8:9:10:13:12:13:14:17
hopv4         0.10.2.20
local         655891
message       2
mvpn          ( originatorv4=0.11.2.22 rd=( as16=11 number=721429 ) type=1 )
origin        105
path16        {10}
safi          5
src_addrv4    0.8.2.16
src_as16      7
stamp         2010-12-31+19:00:01
time          2010-12-31+19:00:01
tunnel        ( identifier=0,11,3,24,4,5,6,10 label=2819 type=6 )
type          65
usec          393743
valid         1

afi           2
best          1
dst_addrv4    0.13.3.27
dst_as16      13
extended      0:15:3:29:4:5:6:11
hopv4         0.15.3.30
local         983836
message       3
mvpn          ( group_addrv6=10:322:405:60D:809:A0F:C0D:E13 rd=( as16=16 number=1049375 ) src_addrv6=10:321:405:60C:809:A0E:C0D:E12 src_as32=800 type=7 )
origin        63
path16        15
safi          5
src_addrv4    0.13.3.26
src_as16      12
stamp         2010-12-31+19:00:02
time          2010-12-31+19:00:02
type          65
usec          721689
valid         1
MESSAGE       1

afi           2
best          1
dst_addrv4    0.18.3.37
dst_as16      18
extended      0:20:3:39:4:5:6:14
hopv4         0.20.4.41
local         1311526
message       4
mvpn          ( originatorv4=0.21.4.43 rd=( as16=21 number=1377322 ) type=1 )
origin        63
path16        20
safi          5
src_addrv4    0.18.3.36
src_as16      17
stamp         2010-12-31+19:00:03
time          2010-12-31+19:00:03
tunnel        ( identifier=0,20,4,40,4,5,6,15,8,9,10,16,12,13,14,20,0,0,0,1 label=5124 type=6 )
type          65
usec          49379
valid         1

afi           2
best          1
bits          64
bitsv6        64
dst_addrv4    0.23.4.46
dst_as16      23
extended      0:25:4:48:4:5:6:16,8:9:10:17:12:13:14:21
hopv6         19:431:405:611:809:A12:C0D:E16
label         443
labels        443:1
local         1639471
message       5
origin        63
path16        25
prefixv6      102:304:506:708::/64
rd            ( as16=28 number=1836082 )
safi          128
src_addrv4    0.23.4.45
src_as16      22
stamp         2010-12-31+19:00:04
time          2010-12-31+19:00:04
type          65
usec          377324
valid         1
MESSAGE       1

afi           2
best          1
bits          64
bitsv6        64
dst_addrv4    0.23.4.46
dst_as16      23
extended      0:25:4:48:4:5:6:16,8:9:10:17:12:13:14:21
hopv6         19:431:405:611:809:A12:C0D:E16
label         33260
labels        33260:1
local         1639471
message       5
origin        63
path16        25
prefixv6      90A:B0C:D0E:F10::/64
rd            ( as16=2079 number=136250419 )
safi          128
src_addrv4    0.23.4.45
src_as16      22
stamp         2010-12-31+19:00:04
time          2010-12-31+19:00:04
type          65
usec          377324
valid         1
MESSAGE       1
PART          1

afi           1
best          1
bits          24
bitsv4        24
dst_addrv4    16.33.4.54
dst_as16      4129
hopv4         16.35.4.56
label         66141
labels        66141:1
local         270730295
message       6
origin        63
path16        4131
prefixv4      17.18.19.0/24
safi          4
src_addrv4    16.33.4.53
src_as16      4128
stamp         2010-12-31+19:00:05
time          2010-12-31+19:00:05
type          65
usec          468148
valid         1

afi           2
best          1
bits          64
bitsv6        64
dst_addrv4    19.39.4.59
dst_as16      4903
hopv6         1329:43D:405:612:809:A13:C0D:E17
label         78526
labels        78526:1
local         321455164
message       7
origin        63
path16        4905
prefixv6      1415:1617:1819:1A1B::/64
safi          4
src_addrv4    19.39.4.58
src_as16      4902
stamp         2010-12-31+19:00:06
time          2010-12-31+19:00:06
type          65
usec          193017
valid         1
MESSAGE       1

afi           1
agg_as16      3
dpa_as16      2
dst_addrv4    27.45.4.64
dst_as16      6957
message       8
new_state     2
old_state     3
origin        48
safi          1
src_addrv4    27.45.4.63
src_as16      6956
stamp         2010-12-31+19:00:07
time          2010-12-31+19:00:07
type          83
usec          803966

afi           1
agg_as16      2
dpa_as16      4
dst_addrv4    27.47.4.67
dst_as16      6959
message       9
new_state     4
old_state     2
origin        48
safi          1
src_addrv4    27.47.4.66
src_as16      6958
stamp         2010-12-31+19:00:08
time          2010-12-31+19:00:08
type          83
usec          935041
MESSAGE       1

afi           1
agg_as16      6962
dpa_as16      6963
dst_addrv4    27.49.4.70
dst_as16      6961
local         56
med           4
message       10
origin        48
originator    27.51.4.71
safi          1
src_addrv4    27.49.4.69
src_as16      6960
stamp         2010-12-31+19:00:09
time          2010-12-31+19:00:09
type          79
usec          66116

afi           1
agg_as16      4
dpa_as16      5
dst_addrv4    27.53.4.75
dst_as16      6965
message       11
new_state     5
old_state     4
origin        48
safi          1
src_addrv4    27.53.4.74
src_as16      6964
stamp         2010-12-31+19:00:10
time          2010-12-31+19:00:10
type          83
usec          328265
MESSAGE       1

afi           1
dst_addrv4    27.55.4.78
dst_as16      6967
message       12
origin        48
safi          1
src_addrv4    27.55.4.77
src_as16      6966
stamp         2010-12-31+19:00:11
time          2010-12-31+19:00:11
type          75
usec          459340

afi           1
agg_as16      5
dpa_as16      6
dst_addrv4    27.57.4.81
dst_as16      6969
message       13
new_state     6
old_state     5
origin        48
safi          1
src_addrv4    27.57.4.80
src_as16      6968
stamp         2010-12-31+19:00:12
time          2010-12-31+19:00:12
type          83
usec          590415
MESSAGE       1

afi           1
best          1
dst_addrv4    27.59.4.84
dst_as16      6971
extended      27:62:4:92:4:5:6:20,8:9:10:21:12:13:14:25
hopv4         27.61.4.87
local         456983638
message       14
mvpn          ( group_addrv4=27.62.4.91 rd=( as16=6974 number=457049176 ) src_addrv4=27.62.4.90 src_as32=1113 type=7 )
origin        105
path16        {6973}
safi          5
src_addrv4    27.59.4.83
src_as16      6970
stamp         2010-12-31+19:00:13
time          2010-12-31+19:00:13
type          65
usec          721490
valid         1

afi           1
best          1
dst_addrv4    27.64.4.95
dst_as16      6976
extended      27:67:4:101:4:5:6:21,8:9:10:22:12:13:14:26
hopv4         27.66.4.98
local         457311329
message       15
mvpn          ( originatorv4=27.67.4.100 rd=( as16=6979 number=457376867 ) type=1 )
origin        105
path16        {6978}
safi          5
src_addrv4    27.64.4.94
src_as16      6975
stamp         2010-12-31+19:00:14
time          2010-12-31+19:00:14
tunnel        ( identifier=27,67,5,102,4,5,6,22 label=1786629 type=6 )
type          65
usec          49181
valid         1
MESSAGE       1

afi           2
best          1
dst_addrv4    27.69.5.105
dst_as16      6981
extended      27:71:5:107:4:5:6:23
hopv4         27.71.5.108
local         457639274
message       16
mvpn          ( group_addrv6=1B48:570:405:619:809:A18:C0D:E1C rd=( as16=6984 number=457704813 ) src_addrv6=1B48:56F:405:618:809:A17:C0D:E1B src_as32=1390 type=7 )
origin        63
path16        6983
safi          5
src_addrv4    27.69.5.104
src_as16      6980
stamp         2010-12-31+19:00:15
time          2010-12-31+19:00:15
type          65
usec          377127
valid         1

afi           2
best          1
dst_addrv4    27.74.5.115
dst_as16      6986
extended      27:76:5:117:4:5:6:26
hopv4         27.76.6.119
local         457966964
message       17
mvpn          ( originatorv4=27.77.6.121 rd=( as16=6989 number=458032760 ) type=1 )
origin        63
path16        6988
safi          5
src_addrv4    27.74.5.114
src_as16      6985
stamp         2010-12-31+19:00:16
time          2010-12-31+19:00:16
tunnel        ( identifier=27,76,6,118,4,5,6,27,8,9,10,25,12,13,14,29,0,0,0,3 label=1788934 type=6 )
type          65
usec          704817
valid         1
MESSAGE       1

afi           2
best          1
bits          64
bitsv6        64
dst_addrv4    27.79.6.124
dst_as16      6991
extended      27:81:6:126:4:5:6:28,8:9:10:26:12:13:14:30
hopv6         1B51:67F:405:61D:809:A1B:C0D:E1F
label         111920
labels        111920:1
local         458294909
message       18
origin        63
path16        6993
prefixv6      1C1D:1E1F:2021:2223::/64
rd            ( as16=6996 number=458491520 )
safi          128
src_addrv4    27.79.6.123
src_as16      6990
stamp         2010-12-31+19:00:17
time          2010-12-31+19:00:17
type          65
usec          32762
valid         1

afi           2
best          1
bits          64
bitsv6        64
dst_addrv4    27.79.6.124
dst_as16      6991
extended      27:81:6:126:4:5:6:28,8:9:10:26:12:13:14:30
hopv6         1B51:67F:405:61D:809:A1B:C0D:E1F
label         144737
labels        144737:1
local         458294909
message       18
origin        63
path16        6993
prefixv6      2425:2627:2829:2A2B::/64
rd            ( as16=9047 number=592905857 )
safi          128
src_addrv4    27.79.6.123
src_as16      6990
stamp         2010-12-31+19:00:17
time          2010-12-31+19:00:17
type          65
usec          32762
valid         1
PART          1

afi           1
best          1
bits          24
bitsv4        24
dst_addrv4    43.89.6.132
dst_as16      11097
hopv4         43.91.6.134
label         177618
labels        177618:1
local         727385733
message       19
origin        63
path16        11099
prefixv4      44.45.46.0/24
safi          4
src_addrv4    43.89.6.131
src_as16      11096
stamp         2010-12-31+19:00:18
time          2010-12-31+19:00:18
type          65
usec          123586
valid         1
MESSAGE       1

afi           2
best          1
bits          64
bitsv6        64
dst_addrv4    46.95.6.137
dst_as16      11871
hopv6         2E61:68B:405:61E:809:A1C:C0D:E20
label         190003
labels        190003:1
local         778110602
message       20
origin        63
path16        11873
prefixv6      2F30:3132:3334:3536::/64
safi          4
src_addrv4    46.95.6.136
src_as16      11870
stamp         2010-12-31+19:00:19
time          2010-12-31+19:00:19
type          65
usec          848455
valid         1

afi           1
agg_as16      2
dpa_as16      4
dst_addrv4    54.101.6.142
dst_as16      13925
message       21
new_state     4
old_state     2
origin        48
safi          1
src_addrv4    54.101.6.141
src_as16      13924
stamp         2010-12-31+19:00:20
time          2010-12-31+19:00:20
type          83
usec          459404
MESSAGE       1

afi           1
agg_as16      13928
dpa_as16      13929
dst_addrv4    54.103.6.145
dst_as16      13927
local         56
med           4
message       22
origin        48
originator    54.105.6.146
safi          1
src_addrv4    54.103.6.144
src_as16      13926
stamp         2010-12-31+19:00:21
time          2010-12-31+19:00:21
type          79
usec          590479

afi           1
agg_as16      4
dpa_as16      5
dst_addrv4    54.107.6.150
dst_as16      13931
message       23
new_state     5
old_state     4
origin        48
safi          1
src_addrv4    54.107.6.149
src_as16      13930
stamp         2010-12-31+19:00:22
time          2010-12-31+19:00:22
type          83
usec          852628
MESSAGE       1

afi           1
dst_addrv4    54.109.6.153
dst_as16      13933
message       24
origin        48
safi          1
src_addrv4    54.109.6.152
src_as16      13932
stamp         2010-12-31+19:00:23
time          2010-12-31+19:00:23
type          75
usec          983703

afi           1
agg_as16      5
dpa_as16      6
dst_addrv4    54.111.6.156
dst_as16      13935
message       25
new_state     6
old_state     5
origin        48
safi          1
src_addrv4    54.111.6.155
src_as16      13934
stamp         2010-12-31+19:00:24
time          2010-12-31+19:00:24
type          83
usec          114778
MESSAGE       1

afi           1
best          1
dst_addrv4    54.113.6.159
dst_as16      13937
extended      54:116:6:167:4:5:6:32,8:9:10:30:12:13:14:34
hopv4         54.115.6.162
local         913508001
message       26
mvpn          ( group_addrv4=54.116.6.166 rd=( as16=13940 number=913573539 ) src_addrv4=54.116.6.165 src_as32=1700 type=7 )
origin        105
path16        {13939}
safi          5
src_addrv4    54.113.6.158
src_as16      13936
stamp         2010-12-31+19:00:25
time          2010-12-31+19:00:25
type          65
usec          245853
valid         1

afi           1
best          1
dst_addrv4    54.118.6.170
dst_as16      13942
extended      54:121:6:176:4:5:6:33,8:9:10:31:12:13:14:35
hopv4         54.120.6.173
local         913835692
message       27
mvpn          ( originatorv4=54.121.6.175 rd=( as16=13945 number=913901230 ) type=1 )
origin        105
path16        {13944}
safi          5
src_addrv4    54.118.6.169
src_as16      13941
stamp         2010-12-31+19:00:26
time          2010-12-31+19:00:26
tunnel        ( identifier=54,121,7,177,4,5,6,34 label=3569927 type=6 )
type          65
usec          573544
valid         1
MESSAGE       1

afi           2
best          1
dst_addrv4    54.123.7.180
dst_as16      13947
extended      54:125:7:182:4:5:6:35
hopv4         54.125.7.183
local         914163637
message       28
mvpn          ( group_addrv6=367E:7BB:405:625:809:A21:C0D:E25 rd=( as16=13950 number=914229176 ) src_addrv6=367E:7BA:405:624:809:A20:C0D:E24 src_as32=1977 type=7 )
origin        63
path16        13949
safi          5
src_addrv4    54.123.7.179
src_as16      13946
stamp         2010-12-31+19:00:27
time          2010-12-31+19:00:27
type          65
usec          901490
valid         1

afi           2
best          1
dst_addrv4    54.128.7.190
dst_as16      13952
extended      54:130:7:192:4:5:6:38
hopv4         54.130.8.194
local         914491327
message       29
mvpn          ( originatorv4=54.131.8.196 rd=( as16=13955 number=914557123 ) type=1 )
origin        63
path16        13954
safi          5
src_addrv4    54.128.7.189
src_as16      13951
stamp         2010-12-31+19:00:28
time          2010-12-31+19:00:28
tunnel        ( identifier=54,130,8,193,4,5,6,39,8,9,10,34,12,13,14,38,0,0,0,5 label=3572232 type=6 )
type          65
usec          229180
valid         1
MESSAGE       1

afi           2
best          1
bits          64
bitsv6        64
dst_addrv4    54.133.8.199
dst_as16      13957
extended      54:135:8:201:4:5:6:40,8:9:10:35:12:13:14:39
hopv6         3687:8CA:405:629:809:A24:C0D:E28
label         223389
labels        223389:1
local         914819272
message       30
origin        63
path16        13959
prefixv6      3738:393A:3B3C:3D3E::/64
rd            ( as16=13962 number=915015883 )
safi          128
src_addrv4    54.133.8.198
src_as16      13956
stamp         2010-12-31+19:00:29
time          2010-12-31+19:00:29
type          65
usec          557125
valid         1

afi           2
best          1
bits          64
bitsv6        64
dst_addrv4    54.133.8.199
dst_as16      13957
extended      54:135:8:201:4:5:6:40,8:9:10:35:12:13:14:39
hopv6         3687:8CA:405:629:809:A24:C0D:E28
label         256206
labels        256206:1
local         914819272
message       30
origin        63
path16        13959
prefixv6      3F40:4142:4344:4546::/64
rd            ( as16=16013 number=1049430220 )
safi          128
src_addrv4    54.133.8.198
src_as16      13956
stamp         2010-12-31+19:00:29
time          2010-12-31+19:00:29
type          65
usec          557125
valid         1
PART          1

afi           1
best          1
bits          24
bitsv4        24
dst_addrv4    70.143.8.207
dst_as16      18063
hopv4         70.145.8.209
label         289087
labels        289087:1
local         1183910096
message       31
origin        63
path16        18065
prefixv4      71.72.73.0/24
safi          4
src_addrv4    70.143.8.206
src_as16      18062
stamp         2010-12-31+19:00:30
time          2010-12-31+19:00:30
type          65
usec          647949
valid         1
MESSAGE       1

afi           2
best          1
bits          64
bitsv6        64
dst_addrv4    73.149.8.212
dst_as16      18837
hopv6         4997:8D6:405:62A:809:A25:C0D:E29
label         301456
labels        301456:1
local         1234634965
message       32
origin        63
path16        18839
prefixv6      4A4B:4C4D:4E4F:5051::/64
safi          4
src_addrv4    73.149.8.211
src_as16      18836
stamp         2010-12-31+19:00:31
time          2010-12-31+19:00:31
type          65
usec          372818
valid         1

afi           1
agg_as16      3
dpa_as16      2
dst_addrv4    81.155.8.217
dst_as16      20891
message       33
new_state     2
old_state     3
origin        48
safi          1
src_addrv4    81.155.8.216
src_as16      20890
stamp         2010-12-31+19:00:32
time          2010-12-31+19:00:32
type          83
usec          983767
MESSAGE       1

afi           1
agg_as16      2
dpa_as16      4
dst_addrv4    81.157.8.220
dst_as16      20893
message       34
new_state     4
old_state     2
origin        48
safi          1
src_addrv4    81.157.8.219
src_as16      20892
stamp         2010-12-31+19:00:33
time          2010-12-31+19:00:33
type          83
usec          114842

afi           1
agg_as16      20896
dpa_as16      20897
dst_addrv4    81.159.8.223
dst_as16      20895
local         56
med           4
message       35
origin        48
originator    81.161.8.224
safi          1
src_addrv4    81.159.8.222
src_as16      20894
stamp         2010-12-31+19:00:34
time          2010-12-31+19:00:34
type          79
usec          245917
MESSAGE       1

afi           1
agg_as16      4
dpa_as16      5
dst_addrv4    81.163.8.228
dst_as16      20899
message       36
new_state     5
old_state     4
origin        48
safi          1
src_addrv4    81.163.8.227
src_as16      20898
stamp         2010-12-31+19:00:35
time          2010-12-31+19:00:35
type          83
usec          508066

afi           1
dst_addrv4    81.165.8.231
dst_as16      20901
message       37
origin        48
safi          1
src_addrv4    81.165.8.230
src_as16      20900
stamp         2010-12-31+19:00:36
time          2010-12-31+19:00:36
type          75
usec          639141
MESSAGE       1

afi           1
agg_as16      5
dpa_as16      6
dst_addrv4    81.167.8.234
dst_as16      20903
message       38
new_state     6
old_state     5
origin        48
safi          1
src_addrv4    81.167.8.233
src_as16      20902
stamp         2010-12-31+19:00:37
time          2010-12-31+19:00:37
type          83
usec          770216

afi           1
best          1
dst_addrv4    81.169.8.237
dst_as16      20905
extended      81:172:8:245:4:5:6:44,8:9:10:39:12:13:14:43
hopv4         81.171.8.240
local         1370163439
message       39
mvpn          ( group_addrv4=81.172.8.244 rd=( as16=20908 number=1370228977 ) src_addrv4=81.172.8.243 src_as32=2290 type=7 )
origin        105
path16        {20907}
safi          5
src_addrv4    81.169.8.236
src_as16      20904
stamp         2010-12-31+19:00:38
time          2010-12-31+19:00:38
type          65
usec          901291
valid         1
MESSAGE       1

afi           1
best          1
dst_addrv4    81.174.8.248
dst_as16      20910
extended      81:177:8:254:4:5:6:45,8:9:10:40:12:13:14:44
hopv4         81.176.8.251
local         1370491130
message       40
mvpn          ( originatorv4=81.177.8.253 rd=( as16=20913 number=1370556668 ) type=1 )
origin        105
path16        {20912}
safi          5
src_addrv4    81.174.8.247
src_as16      20909
stamp         2010-12-31+19:00:39
time          2010-12-31+19:00:39
tunnel        ( identifier=81,177,9,255,4,5,6,46 label=5353737 type=6 )
type          65
usec          228982
valid         1

afi           2
best          1
dst_addrv4    81.179.10.2
dst_as16      20915
extended      81:181:10:4:4:5:6:47
hopv4         81.181.10.5
local         1370819075
message       41
mvpn          ( group_addrv6=51B6:A09:405:631:809:A2A:C0D:E2E rd=( as16=20918 number=1370884614 ) src_addrv6=51B6:A08:405:630:809:A29:C0D:E2D src_as32=2567 type=7 )
origin        63
path16        20917
safi          5
src_addrv4    81.179.10.1
src_as16      20914
stamp         2010-12-31+19:00:40
time          2010-12-31+19:00:40
type          65
usec          556928
valid         1
MESSAGE       1

afi           2
best          1
dst_addrv4    81.184.10.12
dst_as16      20920
extended      81:186:10:14:4:5:6:50
hopv4         81.186.11.16
local         1371146765
message       42
mvpn          ( originatorv4=81.187.11.18 rd=( as16=20923 number=1371212561 ) type=1 )
origin        63
path16        20922
safi          5
src_addrv4    81.184.10.11
src_as16      20919
stamp         2010-12-31+19:00:41
time          2010-12-31+19:00:41
tunnel        ( identifier=81,186,11,15,4,5,6,51,8,9,10,43,12,13,14,47,0,0,0,7 label=5356043 type=6 )
type          65
usec          884618
valid         1

afi           2
best          1
bits          64
bitsv6        64
dst_addrv4    81.189.11.21
dst_as16      20925
extended      81:191:11:23:4:5:6:52,8:9:10:44:12:13:14:48
hopv6         51BF:B18:405:635:809:A2D:C0D:E31
label         334870
labels        334870:1
local         1371474710
message       43
origin        63
path16        20927
prefixv6      5253:5455:5657:5859::/64
rd            ( as16=20930 number=1371671321 )
safi          128
src_addrv4    81.189.11.20
src_as16      20924
stamp         2010-12-31+19:00:42
time          2010-12-31+19:00:42
type          65
usec          212563
valid         1
MESSAGE       1

afi           2
best          1
bits          64
bitsv6        64
dst_addrv4    81.189.11.21
dst_as16      20925
extended      81:191:11:23:4:5:6:52,8:9:10:44:12:13:14:48
hopv6         51BF:B18:405:635:809:A2D:C0D:E31
label         367687
labels        367687:1
local         1371474710
message       43
origin        63
path16        20927
prefixv6      5A5B:5C5D:5E5F:6061::/64
rd            ( as16=22981 number=1506085658 )
safi          128
src_addrv4    81.189.11.20
src_as16      20924
stamp         2010-12-31+19:00:42
time          2010-12-31+19:00:42
type          65
usec          212563
valid         1
MESSAGE       1
PART          1

afi           1
best          1
bits          24
bitsv4        24
dst_addrv4    97.199.11.29
dst_as16      25031
hopv4         97.201.11.31
label         400568
labels        400568:1
local         1640565534
message       44
origin        63
path16        25033
prefixv4      98.99.100.0/24
safi          4
src_addrv4    97.199.11.28
src_as16      25030
stamp         2010-12-31+19:00:43
time          2010-12-31+19:00:43
type          65
usec          303387
valid         1

afi           2
best          1
bits          64
bitsv6        64
dst_addrv4    100.205.11.34
dst_as16      25805
hopv6         64CF:B24:405:636:809:A2E:C0D:E32
label         412953
labels        412953:1
local         1691290403
message       45
origin        63
path16        25807
prefixv6      6566:6768:696A:6B6C::/64
safi          4
src_addrv4    100.205.11.33
src_as16      25804
stamp         2010-12-31+19:00:44
time          2010-12-31+19:00:44
type          65
usec          28256
valid         1
MESSAGE       1

afi           1
agg_as16      2
dpa_as16      4
dst_addrv4    108.211.11.39
dst_as16      27859
message       46
new_state     4
old_state     2
origin        48
safi          1
src_addrv4    108.211.11.38
src_as16      27858
stamp         2010-12-31+19:00:45
time          2010-12-31+19:00:45
type          83
usec          639205

afi           1
agg_as16      27862
dpa_as16      27863
dst_addrv4    108.213.11.42
dst_as16      27861
local         56
med           4
message       47
origin        48
originator    108.215.11.43
safi          1
src_addrv4    108.213.11.41
src_as16      27860
stamp         2010-12-31+19:00:46
time          2010-12-31+19:00:46
type          79
usec          770280
MESSAGE       1

afi           1
agg_as16      4
dpa_as16      5
dst_addrv4    108.217.11.47
dst_as16      27865
message       48
new_state     5
old_state     4
origin        48
safi          1
src_addrv4    108.217.11.46
src_as16      27864
stamp         2010-12-31+19:00:47
time          2010-12-31+19:00:47
type          83
usec          32429

afi           1
dst_addrv4    108.219.11.50
dst_as16      27867
message       49
origin        48
safi          1
src_addrv4    108.219.11.49
src_as16      27866
stamp         2010-12-31+19:00:48
time          2010-12-31+19:00:48
type          75
usec          163504
MESSAGE       1

afi           1
agg_as16      5
dpa_as16      6
dst_addrv4    108.221.11.53
dst_as16      27869
message       50
new_state     6
old_state     5
origin        48
safi          1
src_addrv4    108.221.11.52
src_as16      27868
stamp         2010-12-31+19:00:49
time          2010-12-31+19:00:49
type          83
usec          294579

afi           1
best          1
dst_addrv4    108.223.11.56
dst_as16      27871
extended      108:226:11:64:4:5:6:56,8:9:10:48:12:13:14:52
hopv4         108.225.11.59
local         1826687802
message       51
mvpn          ( group_addrv4=108.226.11.63 rd=( as16=27874 number=1826753340 ) src_addrv4=108.226.11.62 src_as32=2877 type=7 )
origin        105
path16        {27873}
safi          5
src_addrv4    108.223.11.55
src_as16      27870
stamp         2010-12-31+19:00:50
time          2010-12-31+19:00:50
type          65
usec          425654
valid         1
MESSAGE       1

afi           1
best          1
dst_addrv4    108.228.11.67
dst_as16      27876
extended      108:231:11:73:4:5:6:57,8:9:10:49:12:13:14:53
hopv4         108.230.11.70
local         1827015493
message       52
mvpn          ( originatorv4=108.231.11.72 rd=( as16=27879 number=1827081031 ) type=1 )
origin        105
path16        {27878}
safi          5
src_addrv4    108.228.11.66
src_as16      27875
stamp         2010-12-31+19:00:51
time          2010-12-31+19:00:51
tunnel        ( identifier=108,231,12,74,4,5,6,58 label=7137036 type=6 )
type          65
usec          753345
valid         1

afi           2
best          1
dst_addrv4    108.233.12.77
dst_as16      27881
extended      108:235:12:79:4:5:6:59
hopv4         108.235.12.80
local         1827343438
message       53
mvpn          ( group_addrv6=6CEC:C54:405:63D:809:A33:C0D:E37 rd=( as16=27884 number=1827408977 ) src_addrv6=6CEC:C53:405:63C:809:A32:C0D:E36 src_as32=3154 type=7 )
origin        63
path16        27883
safi          5
src_addrv4    108.233.12.76
src_as16      27880
stamp         2010-12-31+19:00:52
time          2010-12-31+19:00:52
type          65
usec          81291
valid         1
MESSAGE       1

afi           2
best          1
dst_addrv4    108.238.12.87
dst_as16      27886
extended      108:240:12:89:4:5:6:62
hopv4         108.240.13.91
local         1827671128
message       54
mvpn          ( originatorv4=108.241.13.93 rd=( as16=27889 number=1827736924 ) type=1 )
origin        63
path16        27888
safi          5
src_addrv4    108.238.12.86
src_as16      27885
stamp         2010-12-31+19:00:53
time          2010-12-31+19:00:53
tunnel        ( identifier=108,240,13,90,4,5,6,63,8,9,10,52,12,13,14,56,0,0,0,9 label=7139341 type=6 )
type          65
usec          408981
valid         1

afi           2
best          1
bits          64
bitsv6        64
dst_addrv4    108.243.13.96
dst_as16      27891
extended      108:245:13:98:4:5:6:64,8:9:10:53:12:13:14:57
hopv6         6CF5:D63:405:641:809:A36:C0D:E3A
label         446335
labels        446335:1
local         1827999073
message       55
origin        63
path16        27893
prefixv6      6D6E:6F70:7172:7374::/64
rd            ( as16=27896 number=1828195684 )
safi          128
src_addrv4    108.243.13.95
src_as16      27890
stamp         2010-12-31+19:00:54
time          2010-12-31+19:00:54
type          65
usec          736926
valid         1
MESSAGE       1

afi           2
best          1
bits          64
bitsv6        64
dst_addrv4    108.243.13.96
dst_as16      27891
extended      108:245:13:98:4:5:6:64,8:9:10:53:12:13:14:57
hopv6         6CF5:D63:405:641:809:A36:C0D:E3A
label         479136
labels        479136:1
local         1827999073
message       55
origin        63
path16        27893
prefixv6      7576:7778:797A:7B7C::/64
rd            ( as16=29947 number=1962610021 )
safi          128
src_addrv4    108.243.13.95
src_as16      27890
stamp         2010-12-31+19:00:54
time          2010-12-31+19:00:54
type          65
usec          736926
valid         1
MESSAGE       1
PART          1

afi           1
best          1
bits          24
bitsv4        24
dst_addrv4    124.253.13.104
dst_as16      31997
hopv4         124.255.13.106
label         512017
labels        512017:1
local         2097089897
message       56
origin        63
path16        31999
prefixv4      126.127.128.0/24
safi          4
src_addrv4    124.253.13.103
src_as16      31996
stamp         2010-12-31+19:00:55
time          2010-12-31+19:00:55
type          65
usec          827750
valid         1

afi           2
best          1
bits          64
bitsv6        64
dst_addrv4    128.3.13.109
dst_as16      32771
hopv6         8005:D6F:405:642:809:A37:C0D:E3B
label         524402
labels        524402:1
local         2147814766
message       57
origin        63
path16        32773
prefixv6      8182:8384:8586:8788::/64
safi          4
src_addrv4    128.3.13.108
src_as16      32770
stamp         2010-12-31+19:00:56
time          2010-12-31+19:00:56
type          65
usec          4294552619
valid         1
MESSAGE       1

afi           1
agg_as16      2
dpa_as16      4
dst_addrv4    136.9.13.114
dst_as16      34825
message       58
new_state     4
old_state     2
origin        48
safi          1
src_addrv4    136.9.13.113
src_as16      34824
stamp         2010-12-31+19:00:57
time          2010-12-31+19:00:57
type          83
usec          4294163568

afi           1
agg_as16      34828
dpa_as16      34829
dst_addrv4    136.11.13.117
dst_as16      34827
local         56
med           4
message       59
origin        48
originator    136.13.13.118
safi          1
src_addrv4    136.11.13.116
src_as16      34826
stamp         2010-12-31+19:00:58
time          2010-12-31+19:00:58
type          79
usec          4294294643
MESSAGE       1

afi           1
agg_as16      4
dpa_as16      5
dst_addrv4    136.15.13.122
dst_as16      34831
message       60
new_state     5
old_state     4
origin        48
safi          1
src_addrv4    136.15.13.121
src_as16      34830
stamp         2010-12-31+19:00:59
time          2010-12-31+19:00:59
type          83
usec          4294556792

afi           1
dst_addrv4    136.17.13.125
dst_as16      34833
message       61
origin        48
safi          1
src_addrv4    136.17.13.124
src_as16      34832
stamp         2010-12-31+19:01:00
time          2010-12-31+19:01:00
type          75
usec          4294687867
MESSAGE       1

afi           1
agg_as16      5
dpa_as16      6
dst_addrv4    136.19.13.128
dst_as16      34835
message       62
new_state     6
old_state     5
origin        48
safi          1
src_addrv4    136.19.13.127
src_as16      34834
stamp         2010-12-31+19:01:01
time          2010-12-31+19:01:01
type          83
usec          4294818942

afi           1
best          1
dst_addrv4    136.21.13.131
dst_as16      34837
extended      136:24:13:139:4:5:6:68,8:9:10:57:12:13:14:61
hopv4         136.23.13.134
local         2283212165
message       63
mvpn          ( group_addrv4=136.24.13.138 rd=( as16=34840 number=2283277703 ) src_addrv4=136.24.13.137 src_as32=3464 type=7 )
origin        105
path16        {34839}
safi          5
src_addrv4    136.21.13.130
src_as16      34836
stamp         2010-12-31+19:01:02
time          2010-12-31+19:01:02
type          65
usec          4294950017
valid         1
MESSAGE       1

afi           1
best          1
dst_addrv4    136.26.13.142
dst_as16      34842
extended      136:29:13:148:4:5:6:69,8:9:10:58:12:13:14:62
hopv4         136.28.13.145
local         2283539856
message       64
mvpn          ( originatorv4=136.29.13.147 rd=( as16=34845 number=2283605394 ) type=1 )
origin        105
path16        {34844}
safi          5
src_addrv4    136.26.13.141
src_as16      34841
stamp         2010-12-31+19:01:03
time          2010-12-31+19:01:03
tunnel        ( identifier=136,29,14,149,4,5,6,70 label=8920334 type=6 )
type          65
usec          4294277708
valid         1

afi           2
best          1
dst_addrv4    136.31.14.152
dst_as16      34847
extended      136:33:14:154:4:5:6:71
hopv4         136.33.14.155
local         2283867801
message       65
mvpn          ( group_addrv6=8822:E9F:405:649:809:A3C:C0D:E40 rd=( as16=34850 number=2283933340 ) src_addrv6=8822:E9E:405:648:809:A3B:C0D:E3F src_as32=3741 type=7 )
origin        63
path16        34849
safi          5
src_addrv4    136.31.14.151
src_as16      34846
stamp         2010-12-31+19:01:04
time          2010-12-31+19:01:04
type          65
usec          4294605654
valid         1
MESSAGE       1

afi           2
best          1
dst_addrv4    136.36.14.162
dst_as16      34852
extended      136:38:14:164:4:5:6:74
hopv4         136.38.15.166
local         2284195491
message       66
mvpn          ( originatorv4=136.39.15.168 rd=( as16=34855 number=2284261287 ) type=1 )
origin        63
path16        34854
safi          5
src_addrv4    136.36.14.161
src_as16      34851
stamp         2010-12-31+19:01:05
time          2010-12-31+19:01:05
tunnel        ( identifier=136,38,15,165,4,5,6,75,8,9,10,61,12,13,14,65,0,0,0,11 label=8922639 type=6 )
type          65
usec          4294933344
valid         1

afi           2
best          1
bits          64
bitsv6        64
dst_addrv4    136.41.15.171
dst_as16      34857
extended      136:43:15:173:4:5:6:76,8:9:10:62:12:13:14:66
hopv6         882B:FAE:405:64D:809:A3F:C0D:E43
label         557780
labels        557780:1
local         2284523436
message       67
origin        63
path16        34859
prefixv6      898A:8B8C:8D8E:8F90::/64
rd            ( as16=34862 number=2284720047 )
safi          128
src_addrv4    136.41.15.170
src_as16      34856
stamp         2010-12-31+19:01:06
time          2010-12-31+19:01:06
type          65
usec          4294261289
valid         1
MESSAGE       1

afi           2
best          1
bits          64
bitsv6        64
dst_addrv4    136.41.15.171
dst_as16      34857
extended      136:43:15:173:4:5:6:76,8:9:10:62:12:13:14:66
hopv6         882B:FAE:405:64D:809:A3F:C0D:E43
label         590597
labels        590597:1
local         2284523436
message       67
origin        63
path16        34859
prefixv6      9192:9394:9596:9798::/64
rd            ( as16=36913 number=2419134384 )
safi          128
src_addrv4    136.41.15.170
src_as16      34856
stamp         2010-12-31+19:01:06
time          2010-12-31+19:01:06
type          65
usec          4294261289
valid         1
MESSAGE       1
PART          1

afi           1
best          1
bits          24
bitsv4        24
dst_addrv4    152.51.15.179
dst_as16      38963
hopv4         152.53.15.181
label         623478
labels        623478:1
local         2553614260
message       68
origin        63
path16        38965
prefixv4      153.154.155.0/24
safi          4
src_addrv4    152.51.15.178
src_as16      38962
stamp         2010-12-31+19:01:07
time          2010-12-31+19:01:07
type          65
usec          4294352113
valid         1

afi           2
best          1
bits          64
bitsv6        64
dst_addrv4    155.57.15.184
dst_as16      39737
hopv6         9B3B:FBA:405:64E:809:A40:C0D:E44
label         635863
labels        635863:1
local         2604339129
message       69
origin        63
path16        39739
prefixv6      9C9D:9E9F:A0A1:A2A3::/64
safi          4
src_addrv4    155.57.15.183
src_as16      39736
stamp         2010-12-31+19:01:08
time          2010-12-31+19:01:08
type          65
usec          4294076982
valid         1
MESSAGE       1

afi           1
agg_as16      2
dpa_as16      4
dst_addrv4    163.63.15.189
dst_as16      41791
message       70
new_state     4
old_state     2
origin        48
safi          1
src_addrv4    163.63.15.188
src_as16      41790
stamp         2010-12-31+19:01:09
time          2010-12-31+19:01:09
type          83
usec          4294687931

afi           1
agg_as16      41794
dpa_as16      41795
dst_addrv4    163.65.15.192
dst_as16      41793
local         56
med           4
message       71
origin        48
originator    163.67.15.193
safi          1
src_addrv4    163.65.15.191
src_as16      41792
stamp         2010-12-31+19:01:10
time          2010-12-31+19:01:10
type          79
usec          4294819006
MESSAGE       1

afi           1
agg_as16      4
dpa_as16      5
dst_addrv4    163.69.15.197
dst_as16      41797
message       72
new_state     5
old_state     4
origin        48
safi          1
src_addrv4    163.69.15.196
src_as16      41796
stamp         2010-12-31+19:01:11
time          2010-12-31+19:01:11
type          83
usec          4294081155

afi           1
dst_addrv4    163.71.15.200
dst_as16      41799
message       73
origin        48
safi          1
src_addrv4    163.71.15.199
src_as16      41798
stamp         2010-12-31+19:01:12
time          2010-12-31+19:01:12
type          75
usec          4294212230
MESSAGE       1

afi           1
agg_as16      5
dpa_as16      6
dst_addrv4    163.73.15.203
dst_as16      41801
message       74
new_state     6
old_state     5
origin        48
safi          1
src_addrv4    163.73.15.202
src_as16      41800
stamp         2010-12-31+19:01:13
time          2010-12-31+19:01:13
type          83
usec          4294343305

afi           1
best          1
dst_addrv4    163.75.15.206
dst_as16      41803
extended      163:78:15:214:4:5:6:80,8:9:10:66:12:13:14:70
hopv4         163.77.15.209
local         2739736528
message       75
mvpn          ( group_addrv4=163.78.15.213 rd=( as16=41806 number=2739802066 ) src_addrv4=163.78.15.212 src_as32=4051 type=7 )
origin        105
path16        {41805}
safi          5
src_addrv4    163.75.15.205
src_as16      41802
stamp         2010-12-31+19:01:14
time          2010-12-31+19:01:14
type          65
usec          4294474380
valid         1
MESSAGE       1

afi           1
best          1
dst_addrv4    163.80.15.217
dst_as16      41808
extended      163:83:15:223:4:5:6:81,8:9:10:67:12:13:14:71
hopv4         163.82.15.220
local         2740064219
message       76
mvpn          ( originatorv4=163.83.15.222 rd=( as16=41811 number=2740129757 ) type=1 )
origin        105
path16        {41810}
safi          5
src_addrv4    163.80.15.216
src_as16      41807
stamp         2010-12-31+19:01:15
time          2010-12-31+19:01:15
tunnel        ( identifier=163,83,16,224,4,5,6,82 label=10703632 type=6 )
type          65
usec          4294802071
valid         1

afi           2
best          1
dst_addrv4    163.85.16.227
dst_as16      41813
extended      163:87:16:229:4:5:6:83
hopv4         163.87.16.230
local         2740392164
message       77
mvpn          ( group_addrv6=A358:10EA:405:655:809:A45:C0D:E49 rd=( as16=41816 number=2740457703 ) src_addrv6=A358:10E9:405:654:809:A44:C0D:E48 src_as32=4328 type=7 )
origin        63
path16        41815
safi          5
src_addrv4    163.85.16.226
src_as16      41812
stamp         2010-12-31+19:01:16
time          2010-12-31+19:01:16
type          65
usec          4294130017
valid         1
MESSAGE       1

afi           2
best          1
dst_addrv4    163.90.16.237
dst_as16      41818
extended      163:92:16:239:4:5:6:86
hopv4         163.92.17.241
local         2740719854
message       78
mvpn          ( originatorv4=163.93.17.243 rd=( as16=41821 number=2740785650 ) type=1 )
origin        63
path16        41820
safi          5
src_addrv4    163.90.16.236
src_as16      41817
stamp         2010-12-31+19:01:17
time          2010-12-31+19:01:17
tunnel        ( identifier=163,92,17,240,4,5,6,87,8,9,10,70,12,13,14,74,0,0,0,13 label=10705937 type=6 )
type          65
usec          4294457707
valid         1

afi           2
best          1
bits          64
bitsv6        64
dst_addrv4    163.95.17.246
dst_as16      41823
extended      163:97:17:248:4:5:6:88,8:9:10:71:12:13:14:75
hopv6         A361:11F9:405:659:809:A48:C0D:E4C
label         669233
labels        669233:1
local         2741047799
message       79
origin        63
path16        41825
prefixv6      A4A5:A6A7:A8A9:AAAB::/64
rd            ( as16=41828 number=2741244410 )
safi          128
src_addrv4    163.95.17.245
src_as16      41822
stamp         2010-12-31+19:01:18
time          2010-12-31+19:01:18
type          65
usec          4294785652
valid         1
MESSAGE       1

afi           2
best          1
bits          64
bitsv6        64
dst_addrv4    163.95.17.246
dst_as16      41823
extended      163:97:17:248:4:5:6:88,8:9:10:71:12:13:14:75
hopv6         A361:11F9:405:659:809:A48:C0D:E4C
label         702050
labels        702050:1
local         2741047799
message       79
origin        63
path16        41825
prefixv6      ACAD:AEAF:B0B1:B2B3::/64
rd            ( as16=43879 number=2875658747 )
safi          128
src_addrv4    163.95.17.245
src_as16      41822
stamp         2010-12-31+19:01:18
time          2010-12-31+19:01:18
type          65
usec          4294785652
valid         1
MESSAGE       1
PART          1

afi           1
best          1
bits          24
bitsv4        24
dst_addrv4    179.105.17.254
dst_as16      45929
hopv4         179.107.18.0
label         734931
labels        734931:1
local         3010138623
message       80
origin        63
path16        45931
prefixv4      180.181.182.0/24
safi          4
src_addrv4    179.105.17.253
src_as16      45928
stamp         2010-12-31+19:01:19
time          2010-12-31+19:01:19
type          65
usec          4294876476
valid         1

