afi           1
dst_addrv4    0.3.2.6
dst_as16      3
message       1
origin        48
safi          1
src_addrv4    0.3.2.5
src_as16      2
stamp         2010-12-31+19:00:00
time          2010-12-31+19:00:00
type          75
usec          66052
MESSAGE       1

afi           1
dst_addrv4    0.5.2.9
dst_as16      5
message       2
origin        48
safi          1
src_addrv4    0.5.2.8
src_as16      4
stamp         2010-12-31+19:00:01
time          2010-12-31+19:00:01
type          75
usec          197127

afi           1
dst_addrv4    0.7.2.12
dst_as16      7
message       3
origin        48
safi          1
src_addrv4    0.7.2.11
src_as16      6
stamp         2010-12-31+19:00:02
time          2010-12-31+19:00:02
type          75
usec          328202
MESSAGE       1

afi           1
dst_addrv4    0.9.2.15
dst_as16      9
message       4
origin        48
safi          1
src_addrv4    0.9.2.14
src_as16      8
stamp         2010-12-31+19:00:03
time          2010-12-31+19:00:03
type          75
usec          459277

afi           1
dst_addrv4    0.11.2.18
dst_as16      11
message       5
origin        48
safi          1
src_addrv4    0.11.2.17
src_as16      10
stamp         2010-12-31+19:00:04
time          2010-12-31+19:00:04
type          75
usec          590352
MESSAGE       1

afi           1
dst_addrv4    0.13.2.21
dst_as16      13
message       6
origin        48
safi          1
src_addrv4    0.13.2.20
src_as16      12
stamp         2010-12-31+19:00:05
time          2010-12-31+19:00:05
type          75
usec          721427

afi           1
dst_addrv4    0.15.2.24
dst_as16      15
message       7
origin        48
safi          1
src_addrv4    0.15.2.23
src_as16      14
stamp         2010-12-31+19:00:06
time          2010-12-31+19:00:06
type          75
usec          852502
MESSAGE       1

afi           1
dst_addrv4    0.17.2.27
dst_as16      17
message       8
origin        48
safi          1
src_addrv4    0.17.2.26
src_as16      16
stamp         2010-12-31+19:00:07
time          2010-12-31+19:00:07
type          75
usec          983577

afi           1
dst_addrv4    0.19.2.30
dst_as16      19
message       9
origin        48
safi          1
src_addrv4    0.19.2.29
src_as16      18
stamp         2010-12-31+19:00:08
time          2010-12-31+19:00:08
type          75
usec          114652
MESSAGE       1

afi           1
dst_addrv4    0.21.2.33
dst_as16      21
message       10
origin        48
safi          1
src_addrv4    0.21.2.32
src_as16      20
stamp         2010-12-31+19:00:09
time          2010-12-31+19:00:09
type          75
usec          245727

afi           1
dst_addrv4    0.23.2.36
dst_as16      23
message       11
origin        48
safi          1
src_addrv4    0.23.2.35
src_as16      22
stamp         2010-12-31+19:00:10
time          2010-12-31+19:00:10
type          75
usec          376802
MESSAGE       1

afi           1
dst_addrv4    0.25.2.39
dst_as16      25
message       12
origin        48
safi          1
src_addrv4    0.25.2.38
src_as16      24
stamp         2010-12-31+19:00:11
time          2010-12-31+19:00:11
type          75
usec          507877

afi           1
dst_addrv4    0.27.2.42
dst_as16      27
message       13
origin        48
safi          1
src_addrv4    0.27.2.41
src_as16      26
stamp         2010-12-31+19:00:12
time          2010-12-31+19:00:12
type          75
usec          638952
MESSAGE       1

afi           1
dst_addrv4    0.29.2.45
dst_as16      29
message       14
origin        48
safi          1
src_addrv4    0.29.2.44
src_as16      28
stamp         2010-12-31+19:00:13
time          2010-12-31+19:00:13
type          75
usec          770027

afi           1
dst_addrv4    0.31.2.48
dst_as16      31
message       15
origin        48
safi          1
src_addrv4    0.31.2.47
src_as16      30
stamp         2010-12-31+19:00:14
time          2010-12-31+19:00:14
type          75
usec          901102
MESSAGE       1

afi           1
dst_addrv4    0.33.2.51
dst_as16      33
message       16
origin        48
safi          1
src_addrv4    0.33.2.50
src_as16      32
stamp         2010-12-31+19:00:15
time          2010-12-31+19:00:15
type          75
usec          32177

afi           1
dst_addrv4    0.35.2.54
dst_as16      35
message       17
origin        48
safi          1
src_addrv4    0.35.2.53
src_as16      34
stamp         2010-12-31+19:00:16
time          2010-12-31+19:00:16
type          75
usec          163252
MESSAGE       1

afi           1
dst_addrv4    0.37.2.57
dst_as16      37
message       18
origin        48
safi          1
src_addrv4    0.37.2.56
src_as16      36
stamp         2010-12-31+19:00:17
time          2010-12-31+19:00:17
type          75
usec          294327

afi           1
dst_addrv4    0.39.2.60
dst_as16      39
message       19
origin        48
safi          1
src_addrv4    0.39.2.59
src_as16      38
stamp         2010-12-31+19:00:18
time          2010-12-31+19:00:18
type          75
usec          425402
MESSAGE       1

afi           1
dst_addrv4    0.41.2.63
dst_as16      41
message       20
origin        48
safi          1
src_addrv4    0.41.2.62
src_as16      40
stamp         2010-12-31+19:00:19
time          2010-12-31+19:00:19
type          75
usec          556477

afi           1
dst_addrv4    0.43.2.66
dst_as16      43
message       21
origin        48
safi          1
src_addrv4    0.43.2.65
src_as16      42
stamp         2010-12-31+19:00:20
time          2010-12-31+19:00:20
type          75
usec          687552
MESSAGE       1

afi           1
dst_addrv4    0.45.2.69
dst_as16      45
message       22
origin        48
safi          1
src_addrv4    0.45.2.68
src_as16      44
stamp         2010-12-31+19:00:21
time          2010-12-31+19:00:21
type          75
usec          818627

afi           1
dst_addrv4    0.47.2.72
dst_as16      47
message       23
origin        48
safi          1
src_addrv4    0.47.2.71
src_as16      46
stamp         2010-12-31+19:00:22
time          2010-12-31+19:00:22
type          75
usec          949702
MESSAGE       1

afi           1
dst_addrv4    0.49.2.75
dst_as16      49
message       24
origin        48
safi          1
src_addrv4    0.49.2.74
src_as16      48
stamp         2010-12-31+19:00:23
time          2010-12-31+19:00:23
type          75
usec          80777

afi           1
dst_addrv4    0.51.2.78
dst_as16      51
message       25
origin        48
safi          1
src_addrv4    0.51.2.77
src_as16      50
stamp         2010-12-31+19:00:24
time          2010-12-31+19:00:24
type          75
usec          211852
MESSAGE       1

afi           1
dst_addrv4    0.53.2.81
dst_as16      53
message       26
origin        48
safi          1
src_addrv4    0.53.2.80
src_as16      52
stamp         2010-12-31+19:00:25
time          2010-12-31+19:00:25
type          75
usec          342927

afi           1
dst_addrv4    0.55.2.84
dst_as16      55
message       27
origin        48
safi          1
src_addrv4    0.55.2.83
src_as16      54
stamp         2010-12-31+19:00:26
time          2010-12-31+19:00:26
type          75
usec          474002
MESSAGE       1

afi           2
best          1
bits          64
bitsv6        64
cluster       0.61.2.96,0.61.2.97
dst_addrv4    0.57.2.87
dst_as16      57
extended      0:61:2:94:4:5:6:8
hopv6         3D:262:405:609:809:A0C:C0D:E10
label         1009
labels        1009:1
local         3998301
med           3998300
message       28
origin        63
originator    0.61.2.95
path16        60,61
path32        3998298,3998299
prefixv6      102:304:506:708::/64
rd            ( as16=64 number=4194915 )
safi          128
src_addrv4    0.57.2.86
src_as16      56
stamp         2010-12-31+19:00:27
time          2010-12-31+19:00:27
type          65
usec          605077
valid         1

afi           1
dst_addrv4    8.66.2.102
dst_as16      2114
message       29
origin        48
safi          1
src_addrv4    8.66.2.101
src_as16      2113
stamp         2010-12-31+19:00:28
time          2010-12-31+19:00:28
type          75
usec          412644
MESSAGE       1

afi           2
best          1
bits          64
bitsv6        64
dst_addrv4    8.68.2.105
dst_as16      2116
label         33888
labels        33888:0
message       30
origin        48
prefixv6      90A:B0C:D0E:F10::/64
rd            ( as16=2119 number=138871402 )
safi          128
src_addrv4    8.68.2.104
src_as16      2115
stamp         2010-12-31+19:00:29
time          2010-12-31+19:00:29
type          87
usec          543719
valid         1

afi           1
dst_addrv4    16.73.2.109
dst_as16      4169
message       31
origin        48
safi          1
src_addrv4    16.73.2.108
src_as16      4168
stamp         2010-12-31+19:00:30
time          2010-12-31+19:00:30
type          75
usec          89131
MESSAGE       1

afi           1
dst_addrv4    16.75.2.112
dst_as16      4171
message       32
origin        48
safi          1
src_addrv4    16.75.2.111
src_as16      4170
stamp         2010-12-31+19:00:31
time          2010-12-31+19:00:31
type          75
usec          220206

afi           1
dst_addrv4    16.77.2.115
dst_as16      4173
message       33
origin        48
safi          1
src_addrv4    16.77.2.114
src_as16      4172
stamp         2010-12-31+19:00:32
time          2010-12-31+19:00:32
type          75
usec          351281
MESSAGE       1

afi           1
dst_addrv4    16.79.2.118
dst_as16      4175
message       34
origin        48
safi          1
src_addrv4    16.79.2.117
src_as16      4174
stamp         2010-12-31+19:00:33
time          2010-12-31+19:00:33
type          75
usec          482356

afi           1
dst_addrv4    16.81.2.121
dst_as16      4177
message       35
origin        48
safi          1
src_addrv4    16.81.2.120
src_as16      4176
stamp         2010-12-31+19:00:34
time          2010-12-31+19:00:34
type          75
usec          613431
MESSAGE       1

afi           1
dst_addrv4    16.83.2.124
dst_as16      4179
message       36
origin        48
safi          1
src_addrv4    16.83.2.123
src_as16      4178
stamp         2010-12-31+19:00:35
time          2010-12-31+19:00:35
type          75
usec          744506

afi           1
dst_addrv4    16.85.2.127
dst_as16      4181
message       37
origin        48
safi          1
src_addrv4    16.85.2.126
src_as16      4180
stamp         2010-12-31+19:00:36
time          2010-12-31+19:00:36
type          75
usec          875581
MESSAGE       1

afi           1
dst_addrv4    16.87.2.130
dst_as16      4183
message       38
origin        48
safi          1
src_addrv4    16.87.2.129
src_as16      4182
stamp         2010-12-31+19:00:37
time          2010-12-31+19:00:37
type          75
usec          6656

afi           1
dst_addrv4    16.89.2.133
dst_as16      4185
message       39
origin        48
safi          1
src_addrv4    16.89.2.132
src_as16      4184
stamp         2010-12-31+19:00:38
time          2010-12-31+19:00:38
type          75
usec          137731
MESSAGE       1

afi           1
dst_addrv4    16.91.2.136
dst_as16      4187
message       40
origin        48
safi          1
src_addrv4    16.91.2.135
src_as16      4186
stamp         2010-12-31+19:00:39
time          2010-12-31+19:00:39
type          75
usec          268806

afi           1
dst_addrv4    16.93.2.139
dst_as16      4189
message       41
origin        48
safi          1
src_addrv4    16.93.2.138
src_as16      4188
stamp         2010-12-31+19:00:40
time          2010-12-31+19:00:40
type          75
usec          399881
MESSAGE       1

afi           1
dst_addrv4    16.95.2.142
dst_as16      4191
message       42
origin        48
safi          1
src_addrv4    16.95.2.141
src_as16      4190
stamp         2010-12-31+19:00:41
time          2010-12-31+19:00:41
type          75
usec          530956

afi           1
dst_addrv4    16.97.2.145
dst_as16      4193
message       43
origin        48
safi          1
src_addrv4    16.97.2.144
src_as16      4192
stamp         2010-12-31+19:00:42
time          2010-12-31+19:00:42
type          75
usec          662031
MESSAGE       1

afi           1
dst_addrv4    16.99.2.148
dst_as16      4195
message       44
origin        48
safi          1
src_addrv4    16.99.2.147
src_as16      4194
stamp         2010-12-31+19:00:43
time          2010-12-31+19:00:43
type          75
usec          793106

afi           1
dst_addrv4    16.101.2.151
dst_as16      4197
message       45
origin        48
safi          1
src_addrv4    16.101.2.150
src_as16      4196
stamp         2010-12-31+19:00:44
time          2010-12-31+19:00:44
type          75
usec          924181
MESSAGE       1

afi           1
dst_addrv4    16.103.2.154
dst_as16      4199
message       46
origin        48
safi          1
src_addrv4    16.103.2.153
src_as16      4198
stamp         2010-12-31+19:00:45
time          2010-12-31+19:00:45
type          75
usec          55256

afi           1
dst_addrv4    16.105.2.157
dst_as16      4201
message       47
origin        48
safi          1
src_addrv4    16.105.2.156
src_as16      4200
stamp         2010-12-31+19:00:46
time          2010-12-31+19:00:46
type          75
usec          186331
MESSAGE       1

afi           1
dst_addrv4    16.107.2.160
dst_as16      4203
message       48
origin        48
safi          1
src_addrv4    16.107.2.159
src_as16      4202
stamp         2010-12-31+19:00:47
time          2010-12-31+19:00:47
type          75
usec          317406

afi           1
dst_addrv4    16.109.2.163
dst_as16      4205
message       49
origin        48
safi          1
src_addrv4    16.109.2.162
src_as16      4204
stamp         2010-12-31+19:00:48
time          2010-12-31+19:00:48
type          75
usec          448481
MESSAGE       1

afi           1
dst_addrv4    16.111.2.166
dst_as16      4207
message       50
origin        48
safi          1
src_addrv4    16.111.2.165
src_as16      4206
stamp         2010-12-31+19:00:49
time          2010-12-31+19:00:49
type          75
usec          579556

afi           1
dst_addrv4    16.113.2.169
dst_as16      4209
message       51
origin        48
safi          1
src_addrv4    16.113.2.168
src_as16      4208
stamp         2010-12-31+19:00:50
time          2010-12-31+19:00:50
type          75
usec          710631
MESSAGE       1

afi           1
dst_addrv4    16.115.2.172
dst_as16      4211
message       52
origin        48
safi          1
src_addrv4    16.115.2.171
src_as16      4210
stamp         2010-12-31+19:00:51
time          2010-12-31+19:00:51
type          75
usec          841706

afi           1
dst_addrv4    16.117.2.175
dst_as16      4213
message       53
origin        48
safi          1
src_addrv4    16.117.2.174
src_as16      4212
stamp         2010-12-31+19:00:52
time          2010-12-31+19:00:52
type          75
usec          972781
MESSAGE       1

afi           1
dst_addrv4    16.119.2.178
dst_as16      4215
message       54
origin        48
safi          1
src_addrv4    16.119.2.177
src_as16      4214
stamp         2010-12-31+19:00:53
time          2010-12-31+19:00:53
type          75
usec          103856

afi           1
dst_addrv4    16.121.2.181
dst_as16      4217
message       55
origin        48
safi          1
src_addrv4    16.121.2.180
src_as16      4216
stamp         2010-12-31+19:00:54
time          2010-12-31+19:00:54
type          75
usec          234931
MESSAGE       1

afi           1
dst_addrv4    16.123.2.184
dst_as16      4219
message       56
origin        48
safi          1
src_addrv4    16.123.2.183
src_as16      4218
stamp         2010-12-31+19:00:55
time          2010-12-31+19:00:55
type          75
usec          366006

afi           1
dst_addrv4    16.125.2.187
dst_as16      4221
message       57
origin        48
safi          1
src_addrv4    16.125.2.186
src_as16      4220
stamp         2010-12-31+19:00:56
time          2010-12-31+19:00:56
type          75
usec          497081
MESSAGE       1

afi           1
dst_addrv4    16.127.2.190
dst_as16      4223
message       58
origin        48
safi          1
src_addrv4    16.127.2.189
src_as16      4222
stamp         2010-12-31+19:00:57
time          2010-12-31+19:00:57
type          75
usec          628156

afi           1
dst_addrv4    16.129.2.193
dst_as16      4225
message       59
origin        48
safi          1
src_addrv4    16.129.2.192
src_as16      4224
stamp         2010-12-31+19:00:58
time          2010-12-31+19:00:58
type          75
usec          759231
MESSAGE       1

afi           1
dst_addrv4    16.131.2.196
dst_as16      4227
message       60
origin        48
safi          1
src_addrv4    16.131.2.195
src_as16      4226
stamp         2010-12-31+19:00:59
time          2010-12-31+19:00:59
type          75
usec          890306

afi           1
dst_addrv4    16.133.2.199
dst_as16      4229
message       61
origin        48
safi          1
src_addrv4    16.133.2.198
src_as16      4228
stamp         2010-12-31+19:01:00
time          2010-12-31+19:01:00
type          75
usec          21381
MESSAGE       1

afi           1
dst_addrv4    16.135.2.202
dst_as16      4231
message       62
origin        48
safi          1
src_addrv4    16.135.2.201
src_as16      4230
stamp         2010-12-31+19:01:01
time          2010-12-31+19:01:01
type          75
usec          152456

afi           1
dst_addrv4    16.137.2.205
dst_as16      4233
message       63
origin        48
safi          1
src_addrv4    16.137.2.204
src_as16      4232
stamp         2010-12-31+19:01:02
time          2010-12-31+19:01:02
type          75
usec          283531
MESSAGE       1

afi           1
dst_addrv4    16.139.2.208
dst_as16      4235
message       64
origin        48
safi          1
src_addrv4    16.139.2.207
src_as16      4234
stamp         2010-12-31+19:01:03
time          2010-12-31+19:01:03
type          75
usec          414606

afi           1
dst_addrv4    16.141.2.211
dst_as16      4237
message       65
origin        48
safi          1
src_addrv4    16.141.2.210
src_as16      4236
stamp         2010-12-31+19:01:04
time          2010-12-31+19:01:04
type          75
usec          545681
MESSAGE       1

afi           1
dst_addrv4    16.143.2.214
dst_as16      4239
message       66
origin        48
safi          1
src_addrv4    16.143.2.213
src_as16      4238
stamp         2010-12-31+19:01:05
time          2010-12-31+19:01:05
type          75
usec          676756

afi           1
dst_addrv4    16.145.2.217
dst_as16      4241
message       67
origin        48
safi          1
src_addrv4    16.145.2.216
src_as16      4240
stamp         2010-12-31+19:01:06
time          2010-12-31+19:01:06
type          75
usec          807831
MESSAGE       1

afi           1
dst_addrv4    16.147.2.220
dst_as16      4243
message       68
origin        48
safi          1
src_addrv4    16.147.2.219
src_as16      4242
stamp         2010-12-31+19:01:07
time          2010-12-31+19:01:07
type          75
usec          938906

afi           1
dst_addrv4    16.149.2.223
dst_as16      4245
message       69
origin        48
safi          1
src_addrv4    16.149.2.222
src_as16      4244
stamp         2010-12-31+19:01:08
time          2010-12-31+19:01:08
type          75
usec          69981
MESSAGE       1

afi           1
dst_addrv4    16.151.2.226
dst_as16      4247
message       70
origin        48
safi          1
src_addrv4    16.151.2.225
src_as16      4246
stamp         2010-12-31+19:01:09
time          2010-12-31+19:01:09
type          75
usec          201056

afi           1
dst_addrv4    16.153.2.229
dst_as16      4249
message       71
origin        48
safi          1
src_addrv4    16.153.2.228
src_as16      4248
stamp         2010-12-31+19:01:10
time          2010-12-31+19:01:10
type          75
usec          332131
MESSAGE       1

afi           1
dst_addrv4    16.155.2.232
dst_as16      4251
message       72
origin        48
safi          1
src_addrv4    16.155.2.231
src_as16      4250
stamp         2010-12-31+19:01:11
time          2010-12-31+19:01:11
type          75
usec          463206

afi           1
dst_addrv4    16.157.2.235
dst_as16      4253
message       73
origin        48
safi          1
src_addrv4    16.157.2.234
src_as16      4252
stamp         2010-12-31+19:01:12
time          2010-12-31+19:01:12
type          75
usec          594281
MESSAGE       1

afi           1
dst_addrv4    16.159.2.238
dst_as16      4255
message       74
origin        48
safi          1
src_addrv4    16.159.2.237
src_as16      4254
stamp         2010-12-31+19:01:13
time          2010-12-31+19:01:13
type          75
usec          725356

afi           1
dst_addrv4    16.161.2.241
dst_as16      4257
message       75
origin        48
safi          1
src_addrv4    16.161.2.240
src_as16      4256
stamp         2010-12-31+19:01:14
time          2010-12-31+19:01:14
type          75
usec          856431
MESSAGE       1

afi           1
dst_addrv4    16.163.2.244
dst_as16      4259
message       76
origin        48
safi          1
src_addrv4    16.163.2.243
src_as16      4258
stamp         2010-12-31+19:01:15
time          2010-12-31+19:01:15
type          75
usec          987506

afi           1
dst_addrv4    16.165.2.247
dst_as16      4261
message       77
origin        48
safi          1
src_addrv4    16.165.2.246
src_as16      4260
stamp         2010-12-31+19:01:16
time          2010-12-31+19:01:16
type          75
usec          118581
MESSAGE       1

afi           1
dst_addrv4    16.167.2.250
dst_as16      4263
message       78
origin        48
safi          1
src_addrv4    16.167.2.249
src_as16      4262
stamp         2010-12-31+19:01:17
time          2010-12-31+19:01:17
type          75
usec          249656

afi           1
dst_addrv4    16.169.2.253
dst_as16      4265
message       79
origin        48
safi          1
src_addrv4    16.169.2.252
src_as16      4264
stamp         2010-12-31+19:01:18
time          2010-12-31+19:01:18
type          75
usec          380731
MESSAGE       1

afi           1
dst_addrv4    16.171.3.0
dst_as16      4267
message       80
origin        48
safi          1
src_addrv4    16.171.2.255
src_as16      4266
stamp         2010-12-31+19:01:19
time          2010-12-31+19:01:19
type          75
usec          511806

afi           1
dst_addrv4    16.173.3.3
dst_as16      4269
message       81
origin        48
safi          1
src_addrv4    16.173.3.2
src_as16      4268
stamp         2010-12-31+19:01:20
time          2010-12-31+19:01:20
type          75
usec          642881
MESSAGE       1

afi           1
dst_addrv4    16.175.3.6
dst_as16      4271
message       82
origin        48
safi          1
src_addrv4    16.175.3.5
src_as16      4270
stamp         2010-12-31+19:01:21
time          2010-12-31+19:01:21
type          75
usec          773956

afi           1
dst_addrv4    16.177.3.9
dst_as16      4273
message       83
origin        48
safi          1
src_addrv4    16.177.3.8
src_as16      4272
stamp         2010-12-31+19:01:22
time          2010-12-31+19:01:22
type          75
usec          905031
MESSAGE       1

afi           1
dst_addrv4    16.179.3.12
dst_as16      4275
message       84
origin        48
safi          1
src_addrv4    16.179.3.11
src_as16      4274
stamp         2010-12-31+19:01:23
time          2010-12-31+19:01:23
type          75
usec          36106

afi           1
dst_addrv4    16.181.3.15
dst_as16      4277
message       85
origin        48
safi          1
src_addrv4    16.181.3.14
src_as16      4276
stamp         2010-12-31+19:01:24
time          2010-12-31+19:01:24
type          75
usec          167181
MESSAGE       1

afi           1
dst_addrv4    16.183.3.18
dst_as16      4279
message       86
origin        48
safi          1
src_addrv4    16.183.3.17
src_as16      4278
stamp         2010-12-31+19:01:25
time          2010-12-31+19:01:25
type          75
usec          298256

afi           1
dst_addrv4    16.185.3.21
dst_as16      4281
message       87
origin        48
safi          1
src_addrv4    16.185.3.20
src_as16      4280
stamp         2010-12-31+19:01:26
time          2010-12-31+19:01:26
type          75
usec          429331
MESSAGE       1

afi           1
dst_addrv4    16.187.3.24
dst_as16      4283
message       88
origin        48
safi          1
src_addrv4    16.187.3.23
src_as16      4282
stamp         2010-12-31+19:01:27
time          2010-12-31+19:01:27
type          75
usec          560406

afi           1
dst_addrv4    16.189.3.27
dst_as16      4285
message       89
origin        48
safi          1
src_addrv4    16.189.3.26
src_as16      4284
stamp         2010-12-31+19:01:28
time          2010-12-31+19:01:28
type          75
usec          691481
MESSAGE       1

afi           1
dst_addrv4    16.191.3.30
dst_as16      4287
message       90
origin        48
safi          1
src_addrv4    16.191.3.29
src_as16      4286
stamp         2010-12-31+19:01:29
time          2010-12-31+19:01:29
type          75
usec          822556

afi           1
dst_addrv4    16.193.3.33
dst_as16      4289
message       91
origin        48
safi          1
src_addrv4    16.193.3.32
src_as16      4288
stamp         2010-12-31+19:01:30
time          2010-12-31+19:01:30
type          75
usec          953631
MESSAGE       1

afi           1
dst_addrv4    16.195.3.36
dst_as16      4291
message       92
origin        48
safi          1
src_addrv4    16.195.3.35
src_as16      4290
stamp         2010-12-31+19:01:31
time          2010-12-31+19:01:31
type          75
usec          84706

afi           1
dst_addrv4    16.197.3.39
dst_as16      4293
message       93
origin        48
safi          1
src_addrv4    16.197.3.38
src_as16      4292
stamp         2010-12-31+19:01:32
time          2010-12-31+19:01:32
type          75
usec          215781
MESSAGE       1

afi           1
dst_addrv4    16.199.3.42
dst_as16      4295
message       94
origin        48
safi          1
src_addrv4    16.199.3.41
src_as16      4294
stamp         2010-12-31+19:01:33
time          2010-12-31+19:01:33
type          75
usec          346856

afi           1
dst_addrv4    16.201.3.45
dst_as16      4297
message       95
origin        48
safi          1
src_addrv4    16.201.3.44
src_as16      4296
stamp         2010-12-31+19:01:34
time          2010-12-31+19:01:34
type          75
usec          477931
MESSAGE       1

afi           1
dst_addrv4    16.203.3.48
dst_as16      4299
message       96
origin        48
safi          1
src_addrv4    16.203.3.47
src_as16      4298
stamp         2010-12-31+19:01:35
time          2010-12-31+19:01:35
type          75
usec          609006

afi           1
dst_addrv4    16.205.3.51
dst_as16      4301
message       97
origin        48
safi          1
src_addrv4    16.205.3.50
src_as16      4300
stamp         2010-12-31+19:01:36
time          2010-12-31+19:01:36
type          75
usec          740081
MESSAGE       1

afi           1
dst_addrv4    16.207.3.54
dst_as16      4303
message       98
origin        48
safi          1
src_addrv4    16.207.3.53
src_as16      4302
stamp         2010-12-31+19:01:37
time          2010-12-31+19:01:37
type          75
usec          871156

afi           1
dst_addrv4    16.209.3.57
dst_as16      4305
message       99
origin        48
safi          1
src_addrv4    16.209.3.56
src_as16      4304
stamp         2010-12-31+19:01:38
time          2010-12-31+19:01:38
type          75
usec          2231
MESSAGE       1

afi           1
dst_addrv4    16.211.3.60
dst_as16      4307
message       100
origin        48
safi          1
src_addrv4    16.211.3.59
src_as16      4306
stamp         2010-12-31+19:01:39
time          2010-12-31+19:01:39
type          75
usec          133306

afi           1
dst_addrv4    16.213.3.63
dst_as16      4309
message       101
origin        48
safi          1
src_addrv4    16.213.3.62
src_as16      4308
stamp         2010-12-31+19:01:40
time          2010-12-31+19:01:40
type          75
usec          264381
MESSAGE       1

afi           2
best          1
dst_addrv4    16.215.3.66
dst_as16      4311
message       102
mvpn          ( group_addrv6=10D8:346:405:60B:809:A0E:C0D:E12 rd=( as16=4312 number=282592067 ) src_addrv6=10D8:345:405:60A:809:A0D:C0D:E11 src_as32=836 type=7 )
origin        48
safi          5
src_addrv4    16.215.3.65
src_as16      4310
stamp         2010-12-31+19:01:41
time          2010-12-31+19:01:41
type          87
usec          395456
valid         1

afi           2
best          1
cluster       16.218.3.77
dst_addrv4    16.218.3.73
dst_as16      4314
extended      16:218:3:75:4:5:6:12
hopv4         16.218.3.78
local         282723146
message       103
mvpn          ( group_addrv6=10DB:352:405:60E:809:A10:C0D:E14 rd=( as16=4315 number=282788687 ) src_addrv6=10DB:351:405:60D:809:A0F:C0D:E13 src_as32=848 type=7 )
origin        105
originator    16.218.3.76
safi          5
src_addrv4    16.218.3.72
src_as16      4313
stamp         2010-12-31+19:01:42
time          2010-12-31+19:01:42
type          65
usec          592071
valid         1
MESSAGE       1

afi           2
best          1
cluster       16.223.3.90
community     4319:855
dst_addrv4    16.221.3.85
dst_as16      4317
extended      16:223:3:88:4:5:6:15
hopv4         16.223.3.91
local         283050838
message       104
mvpn          ( group_addrv6=10E0:35E:405:611:809:A12:C0D:E16 rd=( as16=4320 number=283116380 ) src_addrv6=10E0:35D:405:610:809:A11:C0D:E15 type=5 )
origin        105
originator    16.223.3.89
path16        4319
safi          5
src_addrv4    16.221.3.84
src_as16      4316
stamp         2010-12-31+19:01:43
time          2010-12-31+19:01:43
type          65
usec          788691
valid         1

afi           2
best          1
cluster       16.228.3.102
community     4324:867
dst_addrv4    16.226.3.97
dst_as16      4322
extended      16:228:3:100:4:5:6:18
hopv4         16.228.3.103
local         283378530
message       105
mvpn          ( group_addrv6=10E5:36A:405:614:809:A14:C0D:E18 rd=( as16=4325 number=283444072 ) src_addrv6=10E5:369:405:613:809:A13:C0D:E17 type=5 )
origin        105
originator    16.228.3.101
path16        4324
safi          5
src_addrv4    16.226.3.96
src_as16      4321
stamp         2010-12-31+19:01:44
time          2010-12-31+19:01:44
type          65
usec          116383
valid         1
MESSAGE       1

afi           2
best          1
dst_addrv4    16.231.3.109
dst_as16      4327
message       106
mvpn          ( group_addrv6=10E8:370:405:616:809:A16:C0D:E1A rd=( as16=4328 number=283640686 ) src_addrv6=10E8:36F:405:615:809:A15:C0D:E19 type=5 )
origin        48
safi          5
src_addrv4    16.231.3.108
src_as16      4326
stamp         2010-12-31+19:01:45
time          2010-12-31+19:01:45
type          87
usec          444075
valid         1

afi           2
best          1
cluster       16.236.3.120
community     4332:885
dst_addrv4    16.234.3.115
dst_as16      4330
extended      16:236:3:118:4:5:6:23
hopv4         16.236.3.121
local         283902836
message       107
mvpn          ( key=( afi=2 mvpn=( group_addrv6=10ED:37C:405:619:809:A18:C0D:E1C originatorv4=16.237.3.125 rd=( as16=4333 number=283968378 ) src_addrv6=10ED:37B:405:618:809:A17:C0D:E1B type=3 ) origin=48 safi=5 ) originatorv4=16.237.3.126 type=4 )
origin        105
originator    16.236.3.119
path16        4332
safi          5
src_addrv4    16.234.3.114
src_as16      4329
stamp         2010-12-31+19:01:46
time          2010-12-31+19:01:46
type          65
usec          640689
valid         1
MESSAGE       1

afi           2
best          1
dst_addrv4    16.239.3.129
dst_as16      4335
message       108
mvpn          ( key=( afi=2 mvpn=( group_addrv6=10F0:384:405:61B:809:A1A:C0D:E1E originatorv4=16.240.3.133 rd=( as16=4336 number=284164994 ) src_addrv6=10F0:383:405:61A:809:A19:C0D:E1D type=3 ) origin=48 safi=5 ) originatorv4=16.240.3.134 type=4 )
origin        48
safi          5
src_addrv4    16.239.3.128
src_as16      4334
stamp         2010-12-31+19:01:47
time          2010-12-31+19:01:47
type          87
usec          968383
valid         1

afi           2
best          1
community     4340:907
dst_addrv4    16.242.3.137
dst_as16      4338
extended      16:244:3:140:4:5:6:28
hopv4         16.244.3.141
local         284427146
message       109
mvpn          ( group_addrv6=10F5:390:405:61E:809:A1C:C0D:E20 rd=( as16=4341 number=284492686 ) src_addrv6=10F5:38F:405:61D:809:A1B:C0D:E1F type=5 )
origin        105
path16        4340
safi          5
src_addrv4    16.242.3.136
src_as16      4337
stamp         2010-12-31+19:01:48
time          2010-12-31+19:01:48
type          65
usec          164999
valid         1
MESSAGE       1

afi           2
best          1
dst_addrv4    16.247.3.147
dst_as16      4343
message       110
mvpn          ( key=( afi=2 mvpn=( group_addrv6=10F8:396:405:620:809:A1E:C0D:E22 originatorv4=16.248.3.151 rd=( as16=4344 number=284689300 ) src_addrv6=10F8:395:405:61F:809:A1D:C0D:E21 type=3 ) origin=48 safi=5 ) originatorv4=16.248.3.152 type=4 )
origin        48
safi          5
src_addrv4    16.247.3.146
src_as16      4342
stamp         2010-12-31+19:01:49
time          2010-12-31+19:01:49
type          87
usec          492689
valid         1

afi           2
best          1
dst_addrv4    16.250.3.155
dst_as16      4346
message       111
mvpn          ( key=( afi=2 mvpn=( group_addrv6=10FB:39E:405:622:809:A20:C0D:E24 originatorv4=16.251.3.159 rd=( as16=4347 number=284885916 ) src_addrv6=10FB:39D:405:621:809:A1F:C0D:E23 type=3 ) origin=48 safi=5 ) originatorv4=16.251.3.160 type=4 )
origin        48
safi          5
src_addrv4    16.250.3.154
src_as16      4345
stamp         2010-12-31+19:01:50
time          2010-12-31+19:01:50
type          87
usec          689305
valid         1
MESSAGE       1

afi           2
best          1
cluster       16.253.3.167,16.253.3.168
dst_addrv4    16.253.3.163
dst_as16      4349
extended      16:253:3:165:4:5:6:35
hopv4         16.253.4.170
local         285016996
message       112
mvpn          ( key=( afi=2 mvpn=( group_addrv6=10FE:4AD:405:626:809:A23:C0D:E27 originatorv4=16.254.4.174 rd=( as16=4350 number=285082795 ) src_addrv6=10FE:4AC:405:625:809:A22:C0D:E26 type=3 ) origin=48 safi=5 ) originatorv4=16.254.4.175 type=4 )
origin        105
originator    16.253.3.166
safi          5
src_addrv4    16.253.3.162
src_as16      4348
stamp         2010-12-31+19:01:51
time          2010-12-31+19:01:51
tunnel        ( identifier=16,253,4,169,4,5,6,36,8,9,10,33,12,13,14,37,0,0,0,1 label=1113348 type=6 )
type          65
usec          885921
valid         1

afi           2
best          1
cluster       17.0.4.182
dst_addrv4    17.0.4.178
dst_as16      4352
extended      17:0:4:180:4:5:6:39
hopv4         17.0.5.184
local         285213875
message       113
mvpn          ( key=( afi=2 mvpn=( group_addrv6=1101:5BB:405:62A:809:A26:C0D:E2A originatorv4=17.1.5.188 rd=( as16=4353 number=285279673 ) src_addrv6=1101:5BA:405:629:809:A25:C0D:E29 type=3 ) origin=48 safi=5 ) originatorv4=17.1.5.189 type=4 )
origin        105
originator    17.0.4.181
safi          5
src_addrv4    17.0.4.177
src_as16      4351
stamp         2010-12-31+19:01:52
time          2010-12-31+19:01:52
tunnel        ( identifier=17,0,5,183,4,5,6,40,8,9,10,36,12,13,14,40,0,0,0,2 label=1114117 type=6 )
type          65
usec          82800
valid         1
MESSAGE       1

afi           2
best          1
cluster       17.5.5.197
community     4357:1474
dst_addrv4    17.3.5.192
dst_as16      4355
extended      17:5:5:195:4:5:6:43
hopv4         17.5.5.198
local         285541825
message       114
mvpn          ( key=( afi=2 mvpn=( group_addrv6=1106:5C9:405:62D:809:A28:C0D:E2C originatorv4=17.6.5.202 rd=( as16=4358 number=285607367 ) src_addrv6=1106:5C8:405:62C:809:A27:C0D:E2B type=3 ) origin=48 safi=5 ) originatorv4=17.6.5.203 type=4 )
origin        105
originator    17.5.5.196
path16        4357
safi          5
src_addrv4    17.3.5.191
src_as16      4354
stamp         2010-12-31+19:01:53
time          2010-12-31+19:01:53
type          65
usec          279678
valid         1

afi           1
dst_addrv4    17.8.5.206
dst_as16      4360
message       115
origin        48
safi          1
src_addrv4    17.8.5.205
src_as16      4359
stamp         2010-12-31+19:01:54
time          2010-12-31+19:01:54
type          75
usec          607372
MESSAGE       1

afi           2
best          1
community     4364:1491
dst_addrv4    17.10.5.209
dst_as16      4362
extended      17:12:5:212:4:5:6:46
hopv4         17.12.5.213
local         286000594
message       116
mvpn          ( key=( afi=2 mvpn=( group_addrv6=110D:5D8:405:630:809:A2A:C0D:E2E originatorv4=17.13.5.217 rd=( as16=4365 number=286066134 ) src_addrv6=110D:5D7:405:62F:809:A29:C0D:E2D type=3 ) origin=48 safi=5 ) originatorv4=17.13.5.218 type=4 )
origin        105
path16        4364
safi          5
src_addrv4    17.10.5.208
src_as16      4361
stamp         2010-12-31+19:01:55
time          2010-12-31+19:01:55
type          65
usec          738447
valid         1

afi           1
dst_addrv4    17.15.5.221
dst_as16      4367
message       117
origin        48
safi          1
src_addrv4    17.15.5.220
src_as16      4366
stamp         2010-12-31+19:01:56
time          2010-12-31+19:01:56
type          75
usec          66139
MESSAGE       1

afi           1
dst_addrv4    17.17.5.224
dst_as16      4369
message       118
origin        48
safi          1
src_addrv4    17.17.5.223
src_as16      4368
stamp         2010-12-31+19:01:57
time          2010-12-31+19:01:57
type          75
usec          197214

afi           1
dst_addrv4    17.19.5.227
dst_as16      4371
message       119
origin        48
safi          1
src_addrv4    17.19.5.226
src_as16      4370
stamp         2010-12-31+19:01:58
time          2010-12-31+19:01:58
type          75
usec          328289
MESSAGE       1

afi           1
dst_addrv4    17.21.5.230
dst_as16      4373
message       120
origin        48
safi          1
src_addrv4    17.21.5.229
src_as16      4372
stamp         2010-12-31+19:01:59
time          2010-12-31+19:01:59
type          75
usec          459364

afi           1
dst_addrv4    17.23.5.233
dst_as16      4375
message       121
origin        48
safi          1
src_addrv4    17.23.5.232
src_as16      4374
stamp         2010-12-31+19:02:00
time          2010-12-31+19:02:00
type          75
usec          590439
MESSAGE       1

afi           1
dst_addrv4    17.25.5.236
dst_as16      4377
message       122
origin        48
safi          1
src_addrv4    17.25.5.235
src_as16      4376
stamp         2010-12-31+19:02:01
time          2010-12-31+19:02:01
type          75
usec          721514

afi           1
dst_addrv4    17.27.5.239
dst_as16      4379
message       123
origin        48
safi          1
src_addrv4    17.27.5.238
src_as16      4378
stamp         2010-12-31+19:02:02
time          2010-12-31+19:02:02
type          75
usec          852589
MESSAGE       1

afi           1
dst_addrv4    17.29.5.242
dst_as16      4381
message       124
origin        48
safi          1
src_addrv4    17.29.5.241
src_as16      4380
stamp         2010-12-31+19:02:03
time          2010-12-31+19:02:03
type          75
usec          983664

afi           1
dst_addrv4    17.31.5.245
dst_as16      4383
message       125
origin        48
safi          1
src_addrv4    17.31.5.244
src_as16      4382
stamp         2010-12-31+19:02:04
time          2010-12-31+19:02:04
type          75
usec          114739
MESSAGE       1

afi           1
dst_addrv4    17.33.5.248
dst_as16      4385
message       126
origin        48
safi          1
src_addrv4    17.33.5.247
src_as16      4384
stamp         2010-12-31+19:02:05
time          2010-12-31+19:02:05
type          75
usec          245814

afi           1
dst_addrv4    17.35.5.251
dst_as16      4387
message       127
origin        48
safi          1
src_addrv4    17.35.5.250
src_as16      4386
stamp         2010-12-31+19:02:06
time          2010-12-31+19:02:06
type          75
usec          376889
MESSAGE       1

afi           1
dst_addrv4    17.37.5.254
dst_as16      4389
message       128
origin        48
safi          1
src_addrv4    17.37.5.253
src_as16      4388
stamp         2010-12-31+19:02:07
time          2010-12-31+19:02:07
type          75
usec          507964

