afi           1
dst_addrv4    0.3.2.6
dst_as16      3
message       1
origin        48
safi          1
src_addrv4    0.3.2.5
src_as16      2
stamp         2010-12-31+19:00:00
time          2010-12-31+19:00:00
type          75
usec          66052
MESSAGE       1

afi           1
agg_as16      2
dpa_as16      3
dst_addrv4    0.5.2.9
dst_as16      5
message       2
new_state     3
old_state     2
origin        48
safi          1
src_addrv4    0.5.2.8
src_as16      4
stamp         2010-12-31+19:00:01
time          2010-12-31+19:00:01
type          83
usec          197127

afi           1
dst_addrv4    0.7.2.12
dst_as16      7
message       3
origin        48
safi          1
src_addrv4    0.7.2.11
src_as16      6
stamp         2010-12-31+19:00:02
time          2010-12-31+19:00:02
type          75
usec          328202
MESSAGE       1

afi           1
agg_as16      2
dpa_as16      3
dst_addrv4    0.9.2.15
dst_as16      9
message       4
new_state     3
old_state     2
origin        48
safi          1
src_addrv4    0.9.2.14
src_as16      8
stamp         2010-12-31+19:00:03
time          2010-12-31+19:00:03
type          83
usec          459277

afi           2
best          1
dst_addrv4    0.11.2.18
dst_as16      11
message       5
mvpn          ( group_addrv6=C:216:405:609:809:A0D:C0D:E11 rd=( as16=12 number=786963 ) src_addrv6=C:215:405:608:809:A0C:C0D:E10 src_as32=532 type=7 )
origin        48
safi          5
src_addrv4    0.11.2.17
src_as16      10
stamp         2010-12-31+19:00:04
time          2010-12-31+19:00:04
type          87
usec          590352
valid         1
MESSAGE       1

afi           2
best          1
cluster       0.14.2.29
dst_addrv4    0.14.2.25
dst_as16      14
extended      0:14:2:27:4:5:6:10
hopv4         0.14.2.30
local         918042
message       6
mvpn          ( group_addrv6=F:222:405:60C:809:A0F:C0D:E13 rd=( as16=15 number=983583 ) src_addrv6=F:221:405:60B:809:A0E:C0D:E12 src_as32=544 type=7 )
origin        105
originator    0.14.2.28
safi          5
src_addrv4    0.14.2.24
src_as16      13
stamp         2010-12-31+19:00:05
time          2010-12-31+19:00:05
type          65
usec          786967
valid         1

afi           2
best          1
cluster       0.19.2.42
community     19:551
dst_addrv4    0.17.2.37
dst_as16      17
extended      0:19:2:40:4:5:6:13
hopv4         0.19.2.43
local         1245734
message       7
mvpn          ( group_addrv6=14:22E:405:60F:809:A11:C0D:E15 rd=( as16=20 number=1311276 ) src_addrv6=14:22D:405:60E:809:A10:C0D:E14 type=5 )
origin        105
originator    0.19.2.41
path16        19
safi          5
src_addrv4    0.17.2.36
src_as16      16
stamp         2010-12-31+19:00:06
time          2010-12-31+19:00:06
type          65
usec          983587
valid         1
MESSAGE       1

afi           2
best          1
dst_addrv4    0.22.2.49
dst_as16      22
message       8
mvpn          ( group_addrv6=17:234:405:611:809:A13:C0D:E17 rd=( as16=23 number=1507890 ) src_addrv6=17:233:405:610:809:A12:C0D:E16 type=5 )
origin        48
safi          5
src_addrv4    0.22.2.48
src_as16      21
stamp         2010-12-31+19:00:07
time          2010-12-31+19:00:07
type          87
usec          311279
valid         1

afi           2
best          1
cluster       0.27.2.60
community     27:569
dst_addrv4    0.25.2.55
dst_as16      25
extended      0:27:2:58:4:5:6:18
hopv4         0.27.3.62
local         1770040
message       9
mvpn          ( group_addrv6=1C:341:405:615:809:A16:C0D:E1A originatorv4=0.28.3.66 rd=( as16=28 number=1835839 ) src_addrv6=1C:340:405:614:809:A15:C0D:E19 type=3 )
origin        105
originator    0.27.2.59
path16        27
safi          5
src_addrv4    0.25.2.54
src_as16      24
stamp         2010-12-31+19:00:08
time          2010-12-31+19:00:08
tunnel        ( flags=1 identifier=0,27,3,61,4,5,6,19,8,9,10,20,12,13,14,24,0,0,0,1 label=6915 type=6 )
type          65
usec          507893
valid         1
MESSAGE       1

afi           2
best          1
cluster       0.32.3.74
community     32:839
dst_addrv4    0.30.3.69
dst_as16      30
extended      0:32:3:72:4:5:6:22
hopv4         0.32.3.75
local         2097990
message       10
mvpn          ( key=( afi=2 mvpn=( group_addrv6=21:34E:405:618:809:A18:C0D:E1C originatorv4=0.33.3.79 rd=( as16=33 number=2163532 ) src_addrv6=21:34D:405:617:809:A17:C0D:E1B type=3 ) origin=48 safi=5 ) originatorv4=0.33.3.80 type=4 )
origin        105
originator    0.32.3.73
path16        32
safi          5
src_addrv4    0.30.3.68
src_as16      29
stamp         2010-12-31+19:00:09
time          2010-12-31+19:00:09
type          65
usec          835843
valid         1

afi           2
best          1
dst_addrv4    0.35.3.83
dst_as16      35
message       11
mvpn          ( key=( afi=2 mvpn=( group_addrv6=24:356:405:61A:809:A1A:C0D:E1E originatorv4=0.36.3.87 rd=( as16=36 number=2360148 ) src_addrv6=24:355:405:619:809:A19:C0D:E1D type=3 ) origin=48 safi=5 ) originatorv4=0.36.3.88 type=4 )
origin        48
safi          5
src_addrv4    0.35.3.82
src_as16      34
stamp         2010-12-31+19:00:10
time          2010-12-31+19:00:10
type          87
usec          163537
valid         1
MESSAGE       1

afi           2
best          1
community     40:861
dst_addrv4    0.38.3.91
dst_as16      38
extended      0:40:3:94:4:5:6:27
hopv4         0.40.3.95
local         2622300
message       12
mvpn          ( group_addrv6=29:362:405:61D:809:A1C:C0D:E20 rd=( as16=41 number=2687840 ) src_addrv6=29:361:405:61C:809:A1B:C0D:E1F type=5 )
origin        105
path16        40
safi          5
src_addrv4    0.38.3.90
src_as16      37
stamp         2010-12-31+19:00:11
time          2010-12-31+19:00:11
type          65
usec          360153
valid         1

afi           2
best          1
community     45:871
dst_addrv4    0.43.3.101
dst_as16      43
extended      0:45:3:104:4:5:6:30
hopv4         0.45.4.106
local         2949990
message       13
mvpn          ( group_addrv6=2E:46D:405:621:809:A1F:C0D:E23 originatorv4=0.46.4.110 rd=( as16=46 number=3015787 ) src_addrv6=2E:46C:405:620:809:A1E:C0D:E22 type=3 )
origin        105
path16        45
safi          5
src_addrv4    0.43.3.100
src_as16      42
stamp         2010-12-31+19:00:12
time          2010-12-31+19:00:12
tunnel        ( flags=1 identifier=0,45,4,105,4,5,6,31,8,9,10,29,12,13,14,33,0,0,0,2 label=11524 type=6 )
type          65
usec          687843
valid         1
MESSAGE       1

afi           2
best          1
dst_addrv4    0.48.4.113
dst_as16      48
message       14
mvpn          ( key=( afi=2 mvpn=( group_addrv6=31:474:405:623:809:A21:C0D:E25 originatorv4=0.49.4.117 rd=( as16=49 number=3212402 ) src_addrv6=31:473:405:622:809:A20:C0D:E24 type=3 ) origin=48 safi=5 ) originatorv4=0.49.4.118 type=4 )
origin        48
safi          5
src_addrv4    0.48.4.112
src_as16      47
stamp         2010-12-31+19:00:13
time          2010-12-31+19:00:13
type          87
usec          15791
valid         1

afi           2
best          1
dst_addrv4    0.48.4.113
dst_as16      48
message       14
mvpn          ( key=( afi=2 mvpn=( group_addrv6=32:479:405:625:809:A23:C0D:E27 originatorv4=0.50.4.122 rd=( as16=50 number=3277943 ) src_addrv6=32:478:405:624:809:A22:C0D:E26 type=3 ) origin=48 safi=5 ) originatorv4=0.50.4.123 type=4 )
origin        48
safi          5
src_addrv4    0.48.4.112
src_as16      47
stamp         2010-12-31+19:00:13
time          2010-12-31+19:00:13
type          87
usec          15791
valid         1
PART          1

afi           2
best          1
cluster       0.52.4.130,0.52.4.131
dst_addrv4    0.52.4.126
dst_as16      52
extended      0:52:4:128:4:5:6:38
hopv4         0.52.5.133
local         3409023
message       15
mvpn          ( key=( afi=2 mvpn=( group_addrv6=35:588:405:629:809:A26:C0D:E2A originatorv4=0.53.5.137 rd=( as16=53 number=3474822 ) src_addrv6=35:587:405:628:809:A25:C0D:E29 type=3 ) origin=48 safi=5 ) originatorv4=0.53.5.138 type=4 )
origin        105
originator    0.52.4.129
safi          5
src_addrv4    0.52.4.125
src_as16      51
stamp         2010-12-31+19:00:14
time          2010-12-31+19:00:14
tunnel        ( identifier=0,52,5,132,4,5,6,39,8,9,10,36,12,13,14,40,0,0,0,3 label=13317 type=6 )
type          65
usec          277948
valid         1
MESSAGE       1

afi           2
best          1
cluster       0.55.5.145
dst_addrv4    0.55.5.141
dst_as16      55
extended      0:55:5:143:4:5:6:42
hopv4         0.55.6.147
local         3605902
message       16
mvpn          ( key=( afi=2 mvpn=( group_addrv6=38:696:405:62D:809:A29:C0D:E2D originatorv4=0.56.6.151 rd=( as16=56 number=3671700 ) src_addrv6=38:695:405:62C:809:A28:C0D:E2C type=3 ) origin=48 safi=5 ) originatorv4=0.56.6.152 type=4 )
origin        105
originator    0.55.5.144
safi          5
src_addrv4    0.55.5.140
src_as16      54
stamp         2010-12-31+19:00:15
time          2010-12-31+19:00:15
tunnel        ( identifier=0,55,6,146,4,5,6,43,8,9,10,39,12,13,14,43,0,0,0,4 label=14086 type=6 )
type          65
usec          474827
valid         1

afi           2
best          1
cluster       0.60.6.160
community     60:1693
dst_addrv4    0.58.6.155
dst_as16      58
extended      0:60:6:158:4:5:6:46
hopv4         0.60.6.161
local         3933852
message       17
mvpn          ( key=( afi=2 mvpn=( group_addrv6=3D:6A4:405:630:809:A2B:C0D:E2F originatorv4=0.61.6.165 rd=( as16=61 number=3999394 ) src_addrv6=3D:6A3:405:62F:809:A2A:C0D:E2E type=3 ) origin=48 safi=5 ) originatorv4=0.61.6.166 type=4 )
origin        105
originator    0.60.6.159
path16        60
safi          5
src_addrv4    0.58.6.154
src_as16      57
stamp         2010-12-31+19:00:16
time          2010-12-31+19:00:16
type          65
usec          671705
valid         1
MESSAGE       1

afi           2
best          1
community     65:1707
dst_addrv4    0.63.6.169
dst_as16      63
extended      0:65:6:172:4:5:6:49
hopv4         0.65.6.173
local         4261546
message       18
mvpn          ( key=( afi=2 mvpn=( group_addrv6=42:6B0:405:633:809:A2D:C0D:E31 originatorv4=0.66.6.177 rd=( as16=66 number=4327086 ) src_addrv6=42:6AF:405:632:809:A2C:C0D:E30 type=3 ) origin=48 safi=5 ) originatorv4=0.66.6.178 type=4 )
origin        105
path16        65
safi          5
src_addrv4    0.63.6.168
src_as16      62
stamp         2010-12-31+19:00:17
time          2010-12-31+19:00:17
type          65
usec          999399
valid         1

afi           1
dst_addrv4    0.68.6.181
dst_as16      68
message       19
origin        48
safi          1
src_addrv4    0.68.6.180
src_as16      67
stamp         2010-12-31+19:00:18
time          2010-12-31+19:00:18
type          75
usec          327091
MESSAGE       1

afi           1
agg_as16      2
dpa_as16      3
dst_addrv4    0.70.6.184
dst_as16      70
message       20
new_state     3
old_state     2
origin        48
safi          1
src_addrv4    0.70.6.183
src_as16      69
stamp         2010-12-31+19:00:19
time          2010-12-31+19:00:19
type          83
usec          458166

afi           1
agg_as16      2
dpa_as16      3
dst_addrv4    0.72.6.187
dst_as16      72
message       21
new_state     3
old_state     2
origin        48
safi          1
src_addrv4    0.72.6.186
src_as16      71
stamp         2010-12-31+19:00:20
time          2010-12-31+19:00:20
type          83
usec          589241
MESSAGE       1

afi           1
agg_as16      2
dpa_as16      3
dst_addrv4    0.74.6.190
dst_as16      74
message       22
new_state     3
old_state     2
origin        48
safi          1
src_addrv4    0.74.6.189
src_as16      73
stamp         2010-12-31+19:00:21
time          2010-12-31+19:00:21
type          83
usec          720316

afi           1
agg_as16      2
dpa_as16      3
dst_addrv4    0.76.6.193
dst_as16      76
message       23
new_state     3
old_state     2
origin        48
safi          1
src_addrv4    0.76.6.192
src_as16      75
stamp         2010-12-31+19:00:22
time          2010-12-31+19:00:22
type          83
usec          851391
MESSAGE       1

afi           1
agg_as16      2
dpa_as16      3
dst_addrv4    0.78.6.196
dst_as16      78
message       24
new_state     3
old_state     2
origin        48
safi          1
src_addrv4    0.78.6.195
src_as16      77
stamp         2010-12-31+19:00:23
time          2010-12-31+19:00:23
type          83
usec          982466

afi           1
agg_as16      2
dpa_as16      3
dst_addrv4    0.80.6.199
dst_as16      80
message       25
new_state     3
old_state     2
origin        48
safi          1
src_addrv4    0.80.6.198
src_as16      79
stamp         2010-12-31+19:00:24
time          2010-12-31+19:00:24
type          83
usec          113541
MESSAGE       1

afi           1
agg_as16      2
dpa_as16      3
dst_addrv4    0.82.6.202
dst_as16      82
message       26
new_state     3
old_state     2
origin        48
safi          1
src_addrv4    0.82.6.201
src_as16      81
stamp         2010-12-31+19:00:25
time          2010-12-31+19:00:25
type          83
usec          244616

afi           1
agg_as16      2
dpa_as16      3
dst_addrv4    0.84.6.205
dst_as16      84
message       27
new_state     3
old_state     2
origin        48
safi          1
src_addrv4    0.84.6.204
src_as16      83
stamp         2010-12-31+19:00:26
time          2010-12-31+19:00:26
type          83
usec          375691
MESSAGE       1

afi           1
agg_as16      2
dpa_as16      3
dst_addrv4    0.86.6.208
dst_as16      86
message       28
new_state     3
old_state     2
origin        48
safi          1
src_addrv4    0.86.6.207
src_as16      85
stamp         2010-12-31+19:00:27
time          2010-12-31+19:00:27
type          83
usec          506766

afi           1
agg_as16      2
dpa_as16      3
dst_addrv4    0.88.6.211
dst_as16      88
message       29
new_state     3
old_state     2
origin        48
safi          1
src_addrv4    0.88.6.210
src_as16      87
stamp         2010-12-31+19:00:28
time          2010-12-31+19:00:28
type          83
usec          637841
MESSAGE       1

afi           1
agg_as16      2
dpa_as16      3
dst_addrv4    0.90.6.214
dst_as16      90
message       30
new_state     3
old_state     2
origin        48
safi          1
src_addrv4    0.90.6.213
src_as16      89
stamp         2010-12-31+19:00:29
time          2010-12-31+19:00:29
type          83
usec          768916

afi           1
agg_as16      2
dpa_as16      3
dst_addrv4    0.92.6.217
dst_as16      92
message       31
new_state     3
old_state     2
origin        48
safi          1
src_addrv4    0.92.6.216
src_as16      91
stamp         2010-12-31+19:00:30
time          2010-12-31+19:00:30
type          83
usec          899991
MESSAGE       1

afi           1
agg_as16      2
dpa_as16      3
dst_addrv4    0.94.6.220
dst_as16      94
message       32
new_state     3
old_state     2
origin        48
safi          1
src_addrv4    0.94.6.219
src_as16      93
stamp         2010-12-31+19:00:31
time          2010-12-31+19:00:31
type          83
usec          31066

afi           1
agg_as16      2
dpa_as16      3
dst_addrv4    0.96.6.223
dst_as16      96
message       33
new_state     3
old_state     2
origin        48
safi          1
src_addrv4    0.96.6.222
src_as16      95
stamp         2010-12-31+19:00:32
time          2010-12-31+19:00:32
type          83
usec          162141
MESSAGE       1

afi           1
agg_as16      2
dpa_as16      3
dst_addrv4    0.98.6.226
dst_as16      98
message       34
new_state     3
old_state     2
origin        48
safi          1
src_addrv4    0.98.6.225
src_as16      97
stamp         2010-12-31+19:00:33
time          2010-12-31+19:00:33
type          83
usec          293216

afi           1
agg_as16      2
dpa_as16      3
dst_addrv4    0.100.6.229
dst_as16      100
message       35
new_state     3
old_state     2
origin        48
safi          1
src_addrv4    0.100.6.228
src_as16      99
stamp         2010-12-31+19:00:34
time          2010-12-31+19:00:34
type          83
usec          424291
MESSAGE       1

afi           1
agg_as16      2
dpa_as16      3
dst_addrv4    0.102.6.232
dst_as16      102
message       36
new_state     3
old_state     2
origin        48
safi          1
src_addrv4    0.102.6.231
src_as16      101
stamp         2010-12-31+19:00:35
time          2010-12-31+19:00:35
type          83
usec          555366

afi           1
agg_as16      3
dpa_as16      2
dst_addrv4    0.104.6.235
dst_as16      104
message       37
new_state     2
old_state     3
origin        48
safi          1
src_addrv4    0.104.6.234
src_as16      103
stamp         2010-12-31+19:00:36
time          2010-12-31+19:00:36
type          83
usec          686441
MESSAGE       1

afi           1
dst_addrv4    0.106.6.238
dst_as16      106
message       38
origin        48
safi          1
src_addrv4    0.106.6.237
src_as16      105
stamp         2010-12-31+19:00:37
time          2010-12-31+19:00:37
type          75
usec          817516

afi           1
agg_as16      3
dpa_as16      2
dst_addrv4    0.108.6.241
dst_as16      108
message       39
new_state     2
old_state     3
origin        48
safi          1
src_addrv4    0.108.6.240
src_as16      107
stamp         2010-12-31+19:00:38
time          2010-12-31+19:00:38
type          83
usec          948591
MESSAGE       1

afi           1
agg_as16      1
dpa_as16      2
dst_addrv4    0.110.6.244
dst_as16      110
message       40
new_state     2
old_state     1
origin        48
safi          1
src_addrv4    0.110.6.243
src_as16      109
stamp         2010-12-31+19:00:39
time          2010-12-31+19:00:39
type          83
usec          79666

afi           1
agg_as16      1
dpa_as16      2
dst_addrv4    0.112.6.247
dst_as16      112
message       41
new_state     2
old_state     1
origin        48
safi          1
src_addrv4    0.112.6.246
src_as16      111
stamp         2010-12-31+19:00:40
time          2010-12-31+19:00:40
type          83
usec          210741
MESSAGE       1

afi           1
agg_as16      1
dpa_as16      2
dst_addrv4    0.114.6.250
dst_as16      114
message       42
new_state     2
old_state     1
origin        48
safi          1
src_addrv4    0.114.6.249
src_as16      113
stamp         2010-12-31+19:00:41
time          2010-12-31+19:00:41
type          83
usec          341816

afi           1
agg_as16      1
dpa_as16      2
dst_addrv4    0.116.6.253
dst_as16      116
message       43
new_state     2
old_state     1
origin        48
safi          1
src_addrv4    0.116.6.252
src_as16      115
stamp         2010-12-31+19:00:42
time          2010-12-31+19:00:42
type          83
usec          472891
MESSAGE       1

afi           1
agg_as16      1
dpa_as16      2
dst_addrv4    0.118.7.0
dst_as16      118
message       44
new_state     2
old_state     1
origin        48
safi          1
src_addrv4    0.118.6.255
src_as16      117
stamp         2010-12-31+19:00:43
time          2010-12-31+19:00:43
type          83
usec          603966

afi           1
agg_as16      1
dpa_as16      2
dst_addrv4    0.120.7.3
dst_as16      120
message       45
new_state     2
old_state     1
origin        48
safi          1
src_addrv4    0.120.7.2
src_as16      119
stamp         2010-12-31+19:00:44
time          2010-12-31+19:00:44
type          83
usec          735041
MESSAGE       1

afi           1
agg_as16      1
dpa_as16      2
dst_addrv4    0.122.7.6
dst_as16      122
message       46
new_state     2
old_state     1
origin        48
safi          1
src_addrv4    0.122.7.5
src_as16      121
stamp         2010-12-31+19:00:45
time          2010-12-31+19:00:45
type          83
usec          866116

afi           1
agg_as16      1
dpa_as16      2
dst_addrv4    0.124.7.9
dst_as16      124
message       47
new_state     2
old_state     1
origin        48
safi          1
src_addrv4    0.124.7.8
src_as16      123
stamp         2010-12-31+19:00:46
time          2010-12-31+19:00:46
type          83
usec          997191
MESSAGE       1

afi           1
agg_as16      1
dpa_as16      2
dst_addrv4    0.126.7.12
dst_as16      126
message       48
new_state     2
old_state     1
origin        48
safi          1
src_addrv4    0.126.7.11
src_as16      125
stamp         2010-12-31+19:00:47
time          2010-12-31+19:00:47
type          83
usec          128266

afi           1
agg_as16      1
dpa_as16      2
dst_addrv4    0.128.7.15
dst_as16      128
message       49
new_state     2
old_state     1
origin        48
safi          1
src_addrv4    0.128.7.14
src_as16      127
stamp         2010-12-31+19:00:48
time          2010-12-31+19:00:48
type          83
usec          259341
MESSAGE       1

afi           1
agg_as16      1
dpa_as16      2
dst_addrv4    0.130.7.18
dst_as16      130
message       50
new_state     2
old_state     1
origin        48
safi          1
src_addrv4    0.130.7.17
src_as16      129
stamp         2010-12-31+19:00:49
time          2010-12-31+19:00:49
type          83
usec          390416

afi           1
agg_as16      1
dpa_as16      2
dst_addrv4    0.132.7.21
dst_as16      132
message       51
new_state     2
old_state     1
origin        48
safi          1
src_addrv4    0.132.7.20
src_as16      131
stamp         2010-12-31+19:00:50
time          2010-12-31+19:00:50
type          83
usec          521491
MESSAGE       1

afi           1
agg_as16      1
dpa_as16      2
dst_addrv4    0.134.7.24
dst_as16      134
message       52
new_state     2
old_state     1
origin        48
safi          1
src_addrv4    0.134.7.23
src_as16      133
stamp         2010-12-31+19:00:51
time          2010-12-31+19:00:51
type          83
usec          652566

afi           1
agg_as16      1
dpa_as16      2
dst_addrv4    0.136.7.27
dst_as16      136
message       53
new_state     2
old_state     1
origin        48
safi          1
src_addrv4    0.136.7.26
src_as16      135
stamp         2010-12-31+19:00:52
time          2010-12-31+19:00:52
type          83
usec          783641
MESSAGE       1

afi           1
agg_as16      1
dpa_as16      2
dst_addrv4    0.138.7.30
dst_as16      138
message       54
new_state     2
old_state     1
origin        48
safi          1
src_addrv4    0.138.7.29
src_as16      137
stamp         2010-12-31+19:00:53
time          2010-12-31+19:00:53
type          83
usec          914716

afi           1
agg_as16      1
dpa_as16      2
dst_addrv4    0.140.7.33
dst_as16      140
message       55
new_state     2
old_state     1
origin        48
safi          1
src_addrv4    0.140.7.32
src_as16      139
stamp         2010-12-31+19:00:54
time          2010-12-31+19:00:54
type          83
usec          45791
MESSAGE       1

afi           1
agg_as16      1
dpa_as16      2
dst_addrv4    0.142.7.36
dst_as16      142
message       56
new_state     2
old_state     1
origin        48
safi          1
src_addrv4    0.142.7.35
src_as16      141
stamp         2010-12-31+19:00:55
time          2010-12-31+19:00:55
type          83
usec          176866

afi           1
agg_as16      1
dpa_as16      2
dst_addrv4    0.144.7.39
dst_as16      144
message       57
new_state     2
old_state     1
origin        48
safi          1
src_addrv4    0.144.7.38
src_as16      143
stamp         2010-12-31+19:00:56
time          2010-12-31+19:00:56
type          83
usec          307941
MESSAGE       1

afi           1
dst_addrv4    0.146.7.42
dst_as16      146
message       58
origin        48
safi          1
src_addrv4    0.146.7.41
src_as16      145
stamp         2010-12-31+19:00:57
time          2010-12-31+19:00:57
type          75
usec          439016

afi           1
agg_as16      3
dpa_as16      2
dst_addrv4    0.148.7.45
dst_as16      148
message       59
new_state     2
old_state     3
origin        48
safi          1
src_addrv4    0.148.7.44
src_as16      147
stamp         2010-12-31+19:00:58
time          2010-12-31+19:00:58
type          83
usec          570091
MESSAGE       1

afi           1
agg_as16      3
dpa_as16      2
dst_addrv4    0.150.7.48
dst_as16      150
message       60
new_state     2
old_state     3
origin        48
safi          1
src_addrv4    0.150.7.47
src_as16      149
stamp         2010-12-31+19:00:59
time          2010-12-31+19:00:59
type          83
usec          701166

afi           1
agg_as16      3
dpa_as16      2
dst_addrv4    0.152.7.51
dst_as16      152
message       61
new_state     2
old_state     3
origin        48
safi          1
src_addrv4    0.152.7.50
src_as16      151
stamp         2010-12-31+19:01:00
time          2010-12-31+19:01:00
type          83
usec          832241
MESSAGE       1

afi           1
agg_as16      3
dpa_as16      2
dst_addrv4    0.154.7.54
dst_as16      154
message       62
new_state     2
old_state     3
origin        48
safi          1
src_addrv4    0.154.7.53
src_as16      153
stamp         2010-12-31+19:01:01
time          2010-12-31+19:01:01
type          83
usec          963316

afi           1
agg_as16      3
dpa_as16      2
dst_addrv4    0.156.7.57
dst_as16      156
message       63
new_state     2
old_state     3
origin        48
safi          1
src_addrv4    0.156.7.56
src_as16      155
stamp         2010-12-31+19:01:02
time          2010-12-31+19:01:02
type          83
usec          94391
MESSAGE       1

afi           1
agg_as16      3
dpa_as16      2
dst_addrv4    0.158.7.60
dst_as16      158
message       64
new_state     2
old_state     3
origin        48
safi          1
src_addrv4    0.158.7.59
src_as16      157
stamp         2010-12-31+19:01:03
time          2010-12-31+19:01:03
type          83
usec          225466

afi           1
agg_as16      3
dpa_as16      2
dst_addrv4    0.160.7.63
dst_as16      160
message       65
new_state     2
old_state     3
origin        48
safi          1
src_addrv4    0.160.7.62
src_as16      159
stamp         2010-12-31+19:01:04
time          2010-12-31+19:01:04
type          83
usec          356541
MESSAGE       1

afi           1
agg_as16      3
dpa_as16      2
dst_addrv4    0.162.7.66
dst_as16      162
message       66
new_state     2
old_state     3
origin        48
safi          1
src_addrv4    0.162.7.65
src_as16      161
stamp         2010-12-31+19:01:05
time          2010-12-31+19:01:05
type          83
usec          487616

afi           1
agg_as16      3
dpa_as16      2
dst_addrv4    0.164.7.69
dst_as16      164
message       67
new_state     2
old_state     3
origin        48
safi          1
src_addrv4    0.164.7.68
src_as16      163
stamp         2010-12-31+19:01:06
time          2010-12-31+19:01:06
type          83
usec          618691
MESSAGE       1

afi           1
agg_as16      3
dpa_as16      2
dst_addrv4    0.166.7.72
dst_as16      166
message       68
new_state     2
old_state     3
origin        48
safi          1
src_addrv4    0.166.7.71
src_as16      165
stamp         2010-12-31+19:01:07
time          2010-12-31+19:01:07
type          83
usec          749766

afi           1
agg_as16      3
dpa_as16      2
dst_addrv4    0.168.7.75
dst_as16      168
message       69
new_state     2
old_state     3
origin        48
safi          1
src_addrv4    0.168.7.74
src_as16      167
stamp         2010-12-31+19:01:08
time          2010-12-31+19:01:08
type          83
usec          880841
MESSAGE       1

afi           1
agg_as16      3
dpa_as16      2
dst_addrv4    0.170.7.78
dst_as16      170
message       70
new_state     2
old_state     3
origin        48
safi          1
src_addrv4    0.170.7.77
src_as16      169
stamp         2010-12-31+19:01:09
time          2010-12-31+19:01:09
type          83
usec          11916

afi           1
agg_as16      3
dpa_as16      2
dst_addrv4    0.172.7.81
dst_as16      172
message       71
new_state     2
old_state     3
origin        48
safi          1
src_addrv4    0.172.7.80
src_as16      171
stamp         2010-12-31+19:01:10
time          2010-12-31+19:01:10
type          83
usec          142991
MESSAGE       1

afi           1
agg_as16      3
dpa_as16      2
dst_addrv4    0.174.7.84
dst_as16      174
message       72
new_state     2
old_state     3
origin        48
safi          1
src_addrv4    0.174.7.83
src_as16      173
stamp         2010-12-31+19:01:11
time          2010-12-31+19:01:11
type          83
usec          274066

afi           1
agg_as16      3
dpa_as16      2
dst_addrv4    0.176.7.87
dst_as16      176
message       73
new_state     2
old_state     3
origin        48
safi          1
src_addrv4    0.176.7.86
src_as16      175
stamp         2010-12-31+19:01:12
time          2010-12-31+19:01:12
type          83
usec          405141
MESSAGE       1

afi           1
agg_as16      3
dpa_as16      2
dst_addrv4    0.178.7.90
dst_as16      178
message       74
new_state     2
old_state     3
origin        48
safi          1
src_addrv4    0.178.7.89
src_as16      177
stamp         2010-12-31+19:01:13
time          2010-12-31+19:01:13
type          83
usec          536216

afi           1
agg_as16      3
dpa_as16      2
dst_addrv4    0.180.7.93
dst_as16      180
message       75
new_state     2
old_state     3
origin        48
safi          1
src_addrv4    0.180.7.92
src_as16      179
stamp         2010-12-31+19:01:14
time          2010-12-31+19:01:14
type          83
usec          667291
MESSAGE       1

afi           1
dst_addrv4    0.182.7.96
dst_as16      182
message       76
origin        48
safi          1
src_addrv4    0.182.7.95
src_as16      181
stamp         2010-12-31+19:01:15
time          2010-12-31+19:01:15
type          75
usec          798366

afi           2
best          1
dst_addrv4    0.184.7.99
dst_as16      184
message       77
mvpn          ( group_addrv6=B9:767:405:635:809:A2F:C0D:E33 rd=( as16=185 number=12126052 ) src_addrv6=B9:766:405:634:809:A2E:C0D:E32 src_as32=1893 type=7 )
origin        48
safi          5
src_addrv4    0.184.7.98
src_as16      183
stamp         2010-12-31+19:01:16
time          2010-12-31+19:01:16
type          87
usec          929441
valid         1
MESSAGE       1

afi           2
best          1
cluster       0.187.7.110
dst_addrv4    0.187.7.106
dst_as16      187
extended      0:187:7:108:4:5:6:54
hopv4         0.187.7.111
local         12257131
message       78
mvpn          ( group_addrv6=BC:773:405:638:809:A31:C0D:E35 rd=( as16=188 number=12322672 ) src_addrv6=BC:772:405:637:809:A30:C0D:E34 src_as32=1905 type=7 )
origin        105
originator    0.187.7.109
safi          5
src_addrv4    0.187.7.105
src_as16      186
stamp         2010-12-31+19:01:17
time          2010-12-31+19:01:17
type          65
usec          126056
valid         1

afi           2
best          1
cluster       0.192.7.123
community     192:1912
dst_addrv4    0.190.7.118
dst_as16      190
extended      0:192:7:121:4:5:6:57
hopv4         0.192.7.124
local         12584823
message       79
mvpn          ( group_addrv6=C1:77F:405:63B:809:A33:C0D:E37 rd=( as16=193 number=12650365 ) src_addrv6=C1:77E:405:63A:809:A32:C0D:E36 type=5 )
origin        105
originator    0.192.7.122
path16        192
safi          5
src_addrv4    0.190.7.117
src_as16      189
stamp         2010-12-31+19:01:18
time          2010-12-31+19:01:18
type          65
usec          322676
valid         1
MESSAGE       1

afi           2
best          1
dst_addrv4    0.195.7.130
dst_as16      195
message       80
mvpn          ( group_addrv6=C4:785:405:63D:809:A35:C0D:E39 rd=( as16=196 number=12846979 ) src_addrv6=C4:784:405:63C:809:A34:C0D:E38 type=5 )
origin        48
safi          5
src_addrv4    0.195.7.129
src_as16      194
stamp         2010-12-31+19:01:19
time          2010-12-31+19:01:19
type          87
usec          650368
valid         1

afi           2
best          1
cluster       0.200.7.141
community     200:1930
dst_addrv4    0.198.7.136
dst_as16      198
extended      0:200:7:139:4:5:6:62
hopv4         0.200.7.142
local         13109129
message       81
mvpn          ( key=( afi=2 mvpn=( group_addrv6=C9:791:405:640:809:A37:C0D:E3B originatorv4=0.201.7.146 rd=( as16=201 number=13174671 ) src_addrv6=C9:790:405:63F:809:A36:C0D:E3A type=3 ) origin=48 safi=5 ) originatorv4=0.201.7.147 type=4 )
origin        105
originator    0.200.7.140
path16        200
safi          5
src_addrv4    0.198.7.135
src_as16      197
stamp         2010-12-31+19:01:20
time          2010-12-31+19:01:20
type          65
usec          846982
valid         1
MESSAGE       1

afi           2
best          1
cluster       0.205.7.155
community     205:1944
dst_addrv4    0.203.7.150
dst_as16      203
extended      0:205:7:153:4:5:6:65
hopv4         0.205.8.157
local         13436823
message       82
mvpn          ( group_addrv6=CE:8A0:405:644:809:A3A:C0D:E3E originatorv4=0.206.8.161 rd=( as16=206 number=13502622 ) src_addrv6=CE:89F:405:643:809:A39:C0D:E3D type=3 )
origin        105
originator    0.205.7.154
path16        205
safi          5
src_addrv4    0.203.7.149
src_as16      202
stamp         2010-12-31+19:01:21
time          2010-12-31+19:01:21
tunnel        ( flags=1 identifier=0,205,8,156,4,5,6,66,8,9,10,56,12,13,14,60,0,0,0,5 label=52488 type=6 )
type          65
usec          174676
valid         1

afi           2
best          1
community     210:2214
dst_addrv4    0.208.8.164
dst_as16      208
extended      0:210:8:167:4:5:6:69
hopv4         0.210.8.168
local         13764773
message       83
mvpn          ( group_addrv6=D3:8AB:405:647:809:A3C:C0D:E40 rd=( as16=211 number=13830313 ) src_addrv6=D3:8AA:405:646:809:A3B:C0D:E3F type=5 )
origin        105
path16        210
safi          5
src_addrv4    0.208.8.163
src_as16      207
stamp         2010-12-31+19:01:22
time          2010-12-31+19:01:22
type          65
usec          502626
valid         1
MESSAGE       1

afi           2
best          1
dst_addrv4    0.213.8.174
dst_as16      213
message       84
mvpn          ( key=( afi=2 mvpn=( group_addrv6=D6:8B1:405:649:809:A3E:C0D:E42 originatorv4=0.214.8.178 rd=( as16=214 number=14026927 ) src_addrv6=D6:8B0:405:648:809:A3D:C0D:E41 type=3 ) origin=48 safi=5 ) originatorv4=0.214.8.179 type=4 )
origin        48
safi          5
src_addrv4    0.213.8.173
src_as16      212
stamp         2010-12-31+19:01:23
time          2010-12-31+19:01:23
type          87
usec          830316
valid         1

afi           2
best          1
community     218:2232
dst_addrv4    0.216.8.182
dst_as16      216
extended      0:218:8:185:4:5:6:74
hopv4         0.218.9.187
local         14289079
message       85
mvpn          ( group_addrv6=DB:9BE:405:64D:809:A41:C0D:E45 originatorv4=0.219.9.191 rd=( as16=219 number=14354876 ) src_addrv6=DB:9BD:405:64C:809:A40:C0D:E44 type=3 )
origin        105
path16        218
safi          5
src_addrv4    0.216.8.181
src_as16      215
stamp         2010-12-31+19:01:24
time          2010-12-31+19:01:24
tunnel        ( flags=1 identifier=0,218,9,186,4,5,6,75,8,9,10,63,12,13,14,67,0,0,0,6 label=55817 type=6 )
type          65
usec          26932
valid         1
MESSAGE       1

afi           2
best          1
dst_addrv4    0.221.9.194
dst_as16      221
message       86
mvpn          ( key=( afi=2 mvpn=( group_addrv6=DE:9C5:405:64F:809:A43:C0D:E47 originatorv4=0.222.9.198 rd=( as16=222 number=14551491 ) src_addrv6=DE:9C4:405:64E:809:A42:C0D:E46 type=3 ) origin=48 safi=5 ) originatorv4=0.222.9.199 type=4 )
origin        48
safi          5
src_addrv4    0.221.9.193
src_as16      220
stamp         2010-12-31+19:01:25
time          2010-12-31+19:01:25
type          87
usec          354880
valid         1

afi           2
best          1
cluster       0.224.9.206
dst_addrv4    0.224.9.202
dst_as16      224
extended      0:224:9:204:4:5:6:80
hopv4         0.224.10.208
local         14682571
message       87
mvpn          ( key=( afi=2 mvpn=( group_addrv6=E1:AD3:405:653:809:A46:C0D:E4A originatorv4=0.225.10.212 rd=( as16=225 number=14748369 ) src_addrv6=E1:AD2:405:652:809:A45:C0D:E49 type=3 ) origin=48 safi=5 ) originatorv4=0.225.10.213 type=4 )
origin        105
originator    0.224.9.205
safi          5
src_addrv4    0.224.9.201
src_as16      223
stamp         2010-12-31+19:01:26
time          2010-12-31+19:01:26
tunnel        ( identifier=0,224,10,207,4,5,6,81,8,9,10,68,12,13,14,72,0,0,0,7 label=57354 type=6 )
type          65
usec          551496
valid         1
MESSAGE       1

afi           2
best          1
cluster       0.229.10.221
community     229:2778
dst_addrv4    0.227.10.216
dst_as16      227
extended      0:229:10:219:4:5:6:84
hopv4         0.229.10.222
local         15010521
message       88
mvpn          ( key=( afi=2 mvpn=( group_addrv6=E6:AE1:405:656:809:A48:C0D:E4C originatorv4=0.230.10.226 rd=( as16=230 number=15076063 ) src_addrv6=E6:AE0:405:655:809:A47:C0D:E4B type=3 ) origin=48 safi=5 ) originatorv4=0.230.10.227 type=4 )
origin        105
originator    0.229.10.220
path16        229
safi          5
src_addrv4    0.227.10.215
src_as16      226
stamp         2010-12-31+19:01:27
time          2010-12-31+19:01:27
type          65
usec          748374
valid         1

afi           2
best          1
community     234:2792
dst_addrv4    0.232.10.230
dst_as16      232
extended      0:234:10:233:4:5:6:87
hopv4         0.234.10.234
local         15338215
message       89
mvpn          ( key=( afi=2 mvpn=( group_addrv6=EB:AED:405:659:809:A4A:C0D:E4E originatorv4=0.235.10.238 rd=( as16=235 number=15403755 ) src_addrv6=EB:AEC:405:658:809:A49:C0D:E4D type=3 ) origin=48 safi=5 ) originatorv4=0.235.10.239 type=4 )
origin        105
path16        234
safi          5
src_addrv4    0.232.10.229
src_as16      231
stamp         2010-12-31+19:01:28
time          2010-12-31+19:01:28
type          65
usec          76068
valid         1
MESSAGE       1

